Starting to play cards......
File 'unittest4.c'
Lines executed:0.00% of 11
unittest4.c:creating 'unittest4.c.gcov'

        -:    0:Source:unittest4.c
        -:    0:Graph:unittest4.gcno
        -:    0:Data:-
        -:    0:Runs:0
        -:    0:Programs:0
        -:    1:#include <stdio.h>
        -:    2:#include <stdlib.h>
        -:    3:#include <assert.h>
        -:    4:
        -:    5:#include "cbmc_dominion.h"
        -:    6:#include "dominion_helpers.h"
        -:    7:#include "dominion.h"
        -:    8:#include "rngs.h"
        -:    9:#include "interface.h"
        -:   10:
    #####:   11:int main(int argc, char *argv[])
        -:   12:{
    #####:   13:	struct gameState *game = newGame();
    #####:   14:	int pos = 4;
    #####:   15:	int choice1 = gardens;
    #####:   16:	int choice2 = village;
    #####:   17:	int choice3 = cutpurse;
        -:   18:	
    #####:   19:	printf("Starting to play cards......\n");
        -:   20:	
    #####:   21:	int result = playCard(pos, choice1, choice2, choice3, game);
        -:   22:	
    #####:   23:	assert(result == 0);
    #####:   24:	printf("PLAYCARD: %d\n", result);
        -:   25:	
    #####:   26:	return EXIT_SUCCESS;
        -:   27:}
Starting to test baron card......
CARD BARON: 0
File 'cardtest4.c'
Lines executed:100.00% of 13
cardtest4.c:creating 'cardtest4.c.gcov'

        -:    0:Source:cardtest4.c
        -:    0:Graph:cardtest4.gcno
        -:    0:Data:cardtest4.gcda
        -:    0:Runs:1
        -:    0:Programs:1
        -:    1:#include <stdio.h>
        -:    2:#include <stdlib.h>
        -:    3:#include <assert.h>
        -:    4:
        -:    5:#include "cbmc_dominion.h"
        -:    6:#include "dominion_helpers.h"
        -:    7:#include "dominion.h"
        -:    8:#include "rngs.h"
        -:    9:#include "interface.h"
        -:   10:
        1:   11:int main(int argc, char *argv[])
        -:   12:{
        1:   13:	struct gameState *game = newGame();
        -:   14:	
        1:   15:	int card = baron;
        1:   16:	int choice1 = village;
        1:   17:	int choice2 = minion;
        1:   18:	int choice3 = mine;
        1:   19:	int pos = 4;
        1:   20:	int bonus = 10;
        -:   21:
        1:   22:	printf("Starting to test baron card......\n");
        -:   23:	
        1:   24:	int result = cardEffect(card, choice1, choice2, choice3, game, pos, &bonus);
        -:   25:	
        1:   26:	assert(result == 0);
        1:   27:	printf("CARD BARON: %d\n", result);
        -:   28:	
        1:   29:	return EXIT_SUCCESS;
        -:   30:}