Initializing game...
Number of Players: 3
0: bought silver
0: end of turn
Player 0 score: 4 ---
Player 1 score: 2 ---
Player 2 score: 0 ---
1: buys silver
1: endTurn
Player 0 score: 4 ---
Player 1 score: 4 ---
Player 2 score: 2 ---
2: buys silver
2: endTurn
Player 0 score: 5 ---
Player 1 score: 4 ---
Player 2 score: 3 ---
0: buys smithy
0: end of turn
Player 0 score: 4 ---
Player 1 score: 5 ---
Player 2 score: 3 ---
1: buys silver
1: endTurn
Player 0 score: 4 ---
Player 1 score: 4 ---
Player 2 score: 4 ---
2: buys silver
2: endTurn
Player 0 score: 1 ---
Player 1 score: 4 ---
Player 2 score: 4 ---
0: bought silver
0: end of turn
Player 0 score: 3 ---
Player 1 score: 1 ---
Player 2 score: 4 ---
1: buys silver
1: endTurn
Player 0 score: 3 ---
Player 1 score: 2 ---
Player 2 score: 1 ---
2: buys silver
2: endTurn
Player 0 score: 5 ---
Player 1 score: 2 ---
Player 2 score: 3 ---
0: buys smithy
0: end of turn
Player 0 score: 6 ---
Player 1 score: 3 ---
Player 2 score: 3 ---
1: buys silver
1: endTurn
Player 0 score: 6 ---
Player 1 score: 5 ---
Player 2 score: 4 ---
2: buys silver
2: endTurn
Player 0 score: 0 ---
Player 1 score: 5 ---
Player 2 score: 5 ---
0: bought silver
0: end of turn
Player 0 score: 3 ---
Player 1 score: 1 ---
Player 2 score: 5 ---
1: buys adventurer
1: endTurn
Player 0 score: 3 ---
Player 1 score: 2 ---
Player 2 score: 1 ---
2: buys silver
2: endTurn
Player 0 score: 4 ---
Player 1 score: 2 ---
Player 2 score: 1 ---
0: bought silver
0: end of turn
Player 0 score: 4 ---
Player 1 score: 3 ---
Player 2 score: 1 ---
1: buys silver
1: endTurn
Player 0 score: 4 ---
Player 1 score: 4 ---
Player 2 score: 3 ---
2: buys silver
2: endTurn
Player 0 score: 2 ---
Player 1 score: 4 ---
Player 2 score: 5 ---
0: end of turn
Player 0 score: 3 ---
Player 1 score: 1 ---
Player 2 score: 5 ---
1: buys silver
1: endTurn
Player 0 score: 3 ---
Player 1 score: 2 ---
Player 2 score: 1 ---
2: buys adventurer
2: endTurn
Player 0 score: 3 ---
Player 1 score: 2 ---
Player 2 score: 2 ---
0: bought silver
0: end of turn
Player 0 score: 3 ---
Player 1 score: 3 ---
Player 2 score: 2 ---
1: buys silver
1: endTurn
Player 0 score: 3 ---
Player 1 score: 4 ---
Player 2 score: 3 ---
2: buys silver
2: endTurn
Player 0 score: 4 ---
Player 1 score: 4 ---
Player 2 score: 5 ---
0: buys gold
0: end of turn
Player 0 score: -1 ---
Player 1 score: 5 ---
Player 2 score: 5 ---
2: adventurer played from position 0
1: buys province
1: endTurn
Player 0 score: 2 ---
Player 1 score: 5 ---
Player 2 score: 5 ---
0: bought silver
0: end of turn
Player 0 score: 3 ---
Player 1 score: 5 ---
Player 2 score: 5 ---
1: buys province
1: endTurn
Player 0 score: 3 ---
Player 1 score: 5 ---
Player 2 score: 5 ---
0: buys gold
0: end of turn
Player 0 score: 3 ---
Player 1 score: 1 ---
Player 2 score: 5 ---
1: buys silver
1: endTurn
Player 0 score: 4 ---
Player 1 score: 7 ---
Player 2 score: 5 ---
0: bought silver
0: end of turn
Player 0 score: 5 ---
Player 1 score: 9 ---
Player 2 score: 5 ---
1: buys silver
1: endTurn
Player 0 score: 0 ---
Player 1 score: 10 ---
Player 2 score: 5 ---
0: buys gold
0: end of turn
Player 0 score: 0 ---
Player 1 score: 10 ---
Player 2 score: 5 ---
1: buys province
1: endTurn
Player 0 score: 2 ---
Player 1 score: 18 ---
Player 2 score: 5 ---
0: bought silver
0: end of turn
Player 0 score: 4 ---
Player 1 score: 7 ---
Player 2 score: 5 ---
1: buys silver
1: endTurn
Player 0 score: 5 ---
Player 1 score: 13 ---
Player 2 score: 5 ---
0: buys province
0: end of turn
Player 0 score: 12 ---
Player 1 score: 14 ---
Player 2 score: 5 ---
1: buys gold
1: endTurn
Player 0 score: 12 ---
Player 1 score: 15 ---
Player 2 score: 5 ---
0: buys gold
0: end of turn
Player 0 score: 6 ---
Player 1 score: 16 ---
Player 2 score: 5 ---
1: buys gold
1: endTurn
Player 0 score: 0 ---
Player 1 score: 18 ---
Player 2 score: 5 ---
0: buys province
0: end of turn
Player 0 score: 13 ---
Player 1 score: 24 ---
Player 2 score: 5 ---
1: buys gold
1: endTurn
Player 0 score: 13 ---
Player 1 score: 18 ---
Player 2 score: 5 ---
0: buys province
0: end of turn
Player 0 score: 21 ---
Player 1 score: 1 ---
Player 2 score: 5 ---
1: buys gold
1: endTurn
Player 0 score: 22 ---
Player 1 score: 8 ---
Player 2 score: 5 ---
0: bought silver
0: end of turn
Player 0 score: 22 ---
Player 1 score: 8 ---
Player 2 score: 5 ---
1: buys province
1: endTurn
Player 0 score: 24 ---
Player 1 score: 14 ---
Player 2 score: 5 ---
0: bought silver
0: end of turn
Player 0 score: 24 ---
Player 1 score: 21 ---
Player 2 score: 5 ---
1: buys silver
1: endTurn
Player 0 score: 6 ---
Player 1 score: 28 ---
Player 2 score: 5 ---
0: buys province
0: end of turn
Player 0 score: 18 ---
Player 1 score: 28 ---
Player 2 score: 5 ---
1: buys province
1: endTurn
Player 0 score: 19 ---
Player 1 score: 35 ---
Player 2 score: 5 ---
0: buys province
0: end of turn
Player 0 score: 33 ---
Player 1 score: 41 ---
Player 2 score: 5 ---
1: buys gold
1: endTurn
Player 0 score: 33 ---
Player 1 score: 35 ---
Player 2 score: 5 ---
0: buys gold
0: end of turn
Player 0 score: 33 ---
Player 1 score: 7 ---
Player 2 score: 5 ---
1: buys silver
1: endTurn
Player 0 score: 40 ---
Player 1 score: 19 ---
Player 2 score: 5 ---
0: bought silver
0: end of turn
Player 0 score: 41 ---
Player 1 score: 25 ---
Player 2 score: 5 ---
1: buys gold
1: endTurn
Player 0 score: 48 ---
Player 1 score: 25 ---
Player 2 score: 5 ---
0: bought silver
0: end of turn
Player 0 score: 42 ---
Player 1 score: 27 ---
Player 2 score: 5 ---
1: buys province
1: endTurn
Player 0 score: 0 ---
Player 1 score: 33 ---
Player 2 score: 5 ---
0: buys province
0: end of turn
Player 0 score: 12 ---
Player 1 score: 33 ---
Player 2 score: 5 ---
1: buys province
1: endTurn
Player 0 score: 13 ---
Player 1 score: 41 ---
Player 2 score: 5 ---
Game is finished...
Player 0 final score: 13 ---
Player 1 final score: 41 ---
Player 2 final score: 5 ---
