Initializing game...
Number of Players: 3
1: buys silver
1: endTurn
Player 0 score: 4 
Player 1 score: 2 -
Player 2 score: 0 --
2: buys silver
2: endTurn
Player 0 score: 4 
Player 1 score: 4 -
Player 2 score: 2 --
0: buys silver
0: end of turn
Player 0 score: 5 
Player 1 score: 4 -
Player 2 score: 3 --
1: buys silver
1: endTurn
Player 0 score: 4 
Player 1 score: 5 -
Player 2 score: 3 --
2: buys silver
2: endTurn
Player 0 score: 4 
Player 1 score: 4 -
Player 2 score: 4 --
0: buys smithy
0: end of turn
Player 0 score: 1 
Player 1 score: 4 -
Player 2 score: 4 --
1: buys silver
1: endTurn
Player 0 score: 3 
Player 1 score: 1 -
Player 2 score: 4 --
2: buys silver
2: endTurn
Player 0 score: 3 
Player 1 score: 2 -
Player 2 score: 1 --
0: smithy played from position 3
smithy played.
0: buys gold
0: end of turn
Player 0 score: 5 
Player 1 score: 2 -
Player 2 score: 4 --
1: buys silver
1: endTurn
Player 0 score: 6 
Player 1 score: 3 -
Player 2 score: 4 --
2: buys silver
2: endTurn
Player 0 score: 6 
Player 1 score: 5 -
Player 2 score: 1 --
0: buys gold
0: end of turn
Player 0 score: 1 
Player 1 score: 5 -
Player 2 score: 3 --
1: buys silver
1: endTurn
Player 0 score: 3 
Player 1 score: 2 -
Player 2 score: 3 --
2: buys silver
2: endTurn
Player 0 score: 3 
Player 1 score: 2 -
Player 2 score: 4 --
0: buys smithy
0: end of turn
Player 0 score: 3 
Player 1 score: 2 -
Player 2 score: 5 --
1: buys adventurer
1: endTurn
Player 0 score: 4 
Player 1 score: 3 -
Player 2 score: 5 --
2: buys silver
2: endTurn
Player 0 score: 4 
Player 1 score: 5 -
Player 2 score: 1 --
0: smithy played from position 2
smithy played.
0: buys province
0: end of turn
Player 0 score: 3 
Player 1 score: 5 -
Player 2 score: 10 --
1: buys silver
1: endTurn
Player 0 score: 3 
Player 1 score: 1 -
Player 2 score: 10 --
2: buys adventurer
2: endTurn
Player 0 score: 3 
Player 1 score: 3 -
Player 2 score: 11 --
0: buys gold
0: end of turn
Player 0 score: 3 
Player 1 score: 3 -
Player 2 score: 8 --
1: buys gold
1: endTurn
Player 0 score: 4 
Player 1 score: 3 -
Player 2 score: 8 --
2: buys gold
2: endTurn
Player 0 score: 4 
Player 1 score: 4 -
Player 2 score: 3 --
0: end of turn
Player 0 score: 4 
Player 1 score: 4 -
Player 2 score: 9 --
1: buys gold
1: endTurn
Player 0 score: -2 
Player 1 score: 6 -
Player 2 score: 9 --
2: buys silver
2: endTurn
Player 0 score: -2 
Player 1 score: 0 -
Player 2 score: 9 --
0: buys province
0: end of turn
Player 0 score: 1 
Player 1 score: 0 -
Player 2 score: 15 --
1: buys silver
1: endTurn
Player 0 score: 2 
Player 1 score: 1 -
Player 2 score: 15 --
2: buys gold
2: endTurn
Player 0 score: 2 
Player 1 score: 1 -
Player 2 score: 21 --
0: buys province
0: end of turn
Player 0 score: 3 
Player 1 score: 1 -
Player 2 score: 28 --
1: buys silver
1: endTurn
Player 0 score: 3 
Player 1 score: 3 -
Player 2 score: 28 --
2: buys silver
2: endTurn
Player 0 score: 3 
Player 1 score: 4 -
Player 2 score: 6 --
0: buys gold
0: end of turn
Player 0 score: 3 
Player 1 score: 4 -
Player 2 score: 18 --
1: buys province
1: endTurn
Player 0 score: 11 
Player 1 score: 4 -
Player 2 score: 18 --
2: adventurer played from position 1
2: buys province
2: endTurn
Player 0 score: 11 
Player 1 score: 10 -
Player 2 score: 21 --
0: end of turn
Player 0 score: 7 
Player 1 score: 10 -
Player 2 score: 23 --
1: buys gold
1: endTurn
Player 0 score: 8 
Player 1 score: 0 -
Player 2 score: 23 --
2: buys province
2: endTurn
Player 0 score: 8 
Player 1 score: 13 -
Player 2 score: 29 --
0: buys gold
0: end of turn
Player 0 score: 8 
Player 1 score: 13 -
Player 2 score: 36 --
1: buys province
1: endTurn
Player 0 score: 15 
Player 1 score: 13 -
Player 2 score: 36 --
2: buys province
2: endTurn
Player 0 score: 15 
Player 1 score: 21 -
Player 2 score: 12 --
0: buys silver
0: end of turn
Player 0 score: 16 
Player 1 score: 21 -
Player 2 score: 14 --
1: buys silver
1: endTurn
Player 0 score: 22 
Player 1 score: 23 -
Player 2 score: 14 --
2: buys gold
2: endTurn
Player 0 score: 22 
Player 1 score: 23 -
Player 2 score: 15 --
0: buys province
0: end of turn
Player 0 score: 23 
Player 1 score: 23 -
Player 2 score: 28 --
1: buys province
1: endTurn
Player 0 score: 23 
Player 1 score: 30 -
Player 2 score: 28 --
2: adventurer played from position 0
2: buys gold
2: endTurn
Player 0 score: 23 
Player 1 score: 24 -
Player 2 score: 35 --
0: buys silver
0: end of turn
Player 0 score: 0 
Player 1 score: 24 -
Player 2 score: 40 --
1: buys province
1: endTurn
Player 0 score: 13 
Player 1 score: 7 -
Player 2 score: 40 --
2: buys province
2: endTurn
Player 0 score: 13 
Player 1 score: 19 -
Player 2 score: 1 --
Game is finished...
Player 0 final score: 13 
Player 1 final score: 19 -
Player 2 final score: 1 --
