__________________DECK______________________
The number: 15, card name baron          , the cost is 4
The number: 16, card name great hall     , the cost is 3
The number: 12, card name remodel        , the cost is 4
The number: 14, card name village        , the cost is 3
The number: 25, card name sea hag        , the cost is 4
The number: 24, card name salvager       , the cost is 4
The number:  8, card name council room   , the cost is 5
The number: 17, card name minion         , the cost is 5
The number: 11, card name mine           , the cost is 5
The number: 10, card name gardens        , the cost is 4
_______Total player4___________


Number in hand: 5

The number:  0, card name curse          , the cost is 0
The number: 16, card name great hall     , the cost is 3
The number:  1, card name estate         , the cost is 2
The number: 14, card name village        , the cost is 3
The number:  2, card name duchy          , the cost is 5


Number in hand: 4

The number: 17, card name minion         , the cost is 5
The number:  1, card name estate         , the cost is 2
The number: 25, card name sea hag        , the cost is 4
The number: 12, card name remodel        , the cost is 4


Number in hand: 4

The number: 17, card name minion         , the cost is 5
The number: 14, card name village        , the cost is 3
The number: 12, card name remodel        , the cost is 4
The number:  1, card name estate         , the cost is 2


Number in hand: 5

The number:  0, card name curse          , the cost is 0
The number:  3, card name province       , the cost is 8
The number:  6, card name gold           , the cost is 6
The number: 14, card name village        , the cost is 3
The number: 24, card name salvager       , the cost is 4
Player 0 bought village        , the cost is 3

Player 1 bought silver, the cost is 3

Player 2 bought estate         , the cost is 2

Player 3 bought silver, the cost is 3

Player 0 bought village        , the cost is 3

Player 1 bought silver, the cost is 3

Player 2 bought estate         , the cost is 2

Player 3 bought silver, the cost is 3

Player 0 bought silver, the cost is 3

Player 1 bought remodel        , the cost is 4

Player 2 bought village        , the cost is 3

Player 3 bought gold, the cost is 6

Player 0 played village        
Player 0 bought great hall     , the cost is 3

Player 1 bought minion         , the cost is 5

Player 2 bought estate, the cost is 2

Player 3 bought silver, the cost is 3

Player 0 played village        
Player 0 bought estate, the cost is 2

Player 1 bought gold, the cost is 6

Player 2 bought estate         , the cost is 2

Player 3 bought gold, the cost is 6

Player 0 played great hall     
Player 0 bought silver, the cost is 3

Player 1 played minion         
Player 1 bought estate         , the cost is 2

Player 2 played village        
Player 2 bought silver, the cost is 3

Player 3 bought gold, the cost is 6

Player 0 bought village        , the cost is 3

Player 1 bought sea hag        , the cost is 4

Player 2 bought estate, the cost is 2

Player 3 bought curse          , the cost is 0

Player 0 bought gold, the cost is 6

Player 1 bought remodel        , the cost is 4

Player 2 bought estate         , the cost is 2

Player 3 bought gold, the cost is 6

Player 0 bought village        , the cost is 3

Player 1 played remodel        
Player 1 bought remodel        , the cost is 4

Player 2 bought village        , the cost is 3

Player 3 bought province, the cost is 8

Player 0 played village        
Player 0 bought gold, the cost is 6

Player 1 played remodel        
Player 1 bought gold, the cost is 6

Player 2 played village        
Player 2 bought copper, the cost is 0

Player 3 bought gold, the cost is 6

Player 0 bought village        , the cost is 3

Player 1 bought estate         , the cost is 2

Player 2 bought remodel        , the cost is 4

Player 3 bought salvager       , the cost is 4

Player 0 bought province, the cost is 8

Player 1 played sea hag        
Player 1 bought estate         , the cost is 2

Player 2 bought silver, the cost is 3

Player 3 bought gold, the cost is 6

Player 0 bought silver, the cost is 3

Player 1 played remodel        
Player 1 bought remodel        , the cost is 4

Player 2 bought silver, the cost is 3

Player 3 played salvager       
Player 3 bought silver, the cost is 3
Error buying silver from player 3

Player 0 played village        
Player 0 bought estate, the cost is 2

Player 1 played remodel        
Player 1 bought sea hag        , the cost is 4

Player 2 played remodel        
Error buying estate from player 2

Player 3 bought gold, the cost is 6

Player 0 bought province, the cost is 8

Player 1 played remodel        
Player 1 bought remodel        , the cost is 4

Player 2 bought village        , the cost is 3

Player 3 bought gold, the cost is 6

Player 0 bought village        , the cost is 3

Error buying estate          from player 1

Player 2 bought gold, the cost is 6

Player 3 bought province, the cost is 8

Player 0 bought silver, the cost is 3

Player 1 played remodel        
Error buying estate          from player 1

Player 2 bought silver, the cost is 3

Player 3 bought province, the cost is 8

Player 0 bought province, the cost is 8

Player 1 played sea hag        
Player 1 bought remodel        , the cost is 4

Player 2 bought minion         , the cost is 5

Player 3 bought curse          , the cost is 0

Error buying estate          from player 0

Player 1 played remodel        
Error buying gold from player 1

Player 2 bought village        , the cost is 3

Player 3 bought gold, the cost is 6

Player 0 bought gold, the cost is 6

Player 1 played remodel        
Player 1 bought remodel        , the cost is 4

Player 2 played village        
Player 2 bought gold, the cost is 6

Player 3 bought gold, the cost is 6

Player 0 played village        
Error buying village         from player 0

Player 1 played remodel        
Player 1 bought copper, the cost is 0

Error buying estate          from player 2

Player 3 bought province, the cost is 8

Player 0 bought great hall     , the cost is 3

Player 1 played remodel        
Player 1 bought gold, the cost is 6

Player 2 bought province, the cost is 8

Player 3 bought gold, the cost is 6

Player 0 bought great hall     , the cost is 3

Player 1 played sea hag        
Player 1 bought sea hag        , the cost is 4

Player 2 played minion         
Player 2 bought remodel        , the cost is 4

Player 3 bought curse          , the cost is 0

Player 0 bought province, the cost is 8

Player 1 played remodel        
Player 1 bought silver, the cost is 3

Player 2 played village        
Player 2 bought gold, the cost is 6

Player 3 bought silver, the cost is 3

Player 0 bought silver, the cost is 3

Player 1 played remodel        
Error buying gold from player 1

Error buying village         from player 2

Player 3 bought gold, the cost is 6

Player 0 bought great hall     , the cost is 3

Player 1 played sea hag        
Player 1 bought remodel        , the cost is 4

end
__________________DECK______________________
The number: 19, card name tribute        , the cost is 5
The number: 26, card name treasure map   , the cost is 4
The number: 16, card name great hall     , the cost is 3
The number: 21, card name cutpurse       , the cost is 4
The number:  7, card name adventurer     , the cost is 6
The number: 12, card name remodel        , the cost is 4
The number: 13, card name smithy         , the cost is 4
The number: 22, card name embargo        , the cost is 2
The number:  8, card name council room   , the cost is 5
The number:  9, card name feast          , the cost is 4
_______Total player2___________


Number in hand: 3

The number:  5, card name silver         , the cost is 3
The number:  2, card name duchy          , the cost is 5
The number: 19, card name tribute        , the cost is 5


Number in hand: 4

The number: 26, card name treasure map   , the cost is 4
The number:  3, card name province       , the cost is 8
The number:  7, card name adventurer     , the cost is 6
The number:  1, card name estate         , the cost is 2
Player 0 bought silver, the cost is 3

Player 1 bought silver, the cost is 3

Player 0 bought silver         , the cost is 3

Player 1 bought estate         , the cost is 2

Player 0 bought estate, the cost is 2

Player 1 bought silver, the cost is 3

Player 0 bought silver         , the cost is 3

Player 1 bought estate, the cost is 2

Player 0 bought gold, the cost is 6

Player 1 bought silver, the cost is 3

Player 0 bought silver         , the cost is 3

Player 1 bought gold, the cost is 6

Player 0 bought silver         , the cost is 3

Player 1 bought silver, the cost is 3

Player 0 bought province, the cost is 8

Player 1 bought province, the cost is 8

Player 0 bought gold, the cost is 6

Player 1 bought duchy, the cost is 5

Player 0 bought silver         , the cost is 3

Player 1 bought silver, the cost is 3

Player 0 bought duchy          , the cost is 5

Player 1 bought duchy, the cost is 5

Player 0 bought silver         , the cost is 3

Player 1 bought silver, the cost is 3

Player 0 bought province, the cost is 8

Player 1 bought province, the cost is 8

Player 0 bought silver         , the cost is 3

Player 1 bought treasure map   , the cost is 4

Player 0 bought gold, the cost is 6

Player 1 bought gold, the cost is 6

Player 0 bought silver, the cost is 3

Player 1 bought estate         , the cost is 2

Player 0 bought gold, the cost is 6

Player 1 bought silver, the cost is 3

Player 0 bought gold, the cost is 6

Player 1 bought silver, the cost is 3

Player 0 bought gold, the cost is 6

Player 1 played treasure map   
Player 1 bought duchy, the cost is 5

Player 0 bought province, the cost is 8

Player 1 bought gold, the cost is 6

Player 0 bought gold, the cost is 6

Player 1 bought silver, the cost is 3

Player 0 bought tribute        , the cost is 5

Player 1 bought province, the cost is 8

Player 0 bought province, the cost is 8

Player 1 bought gold, the cost is 6

Player 0 bought province, the cost is 8

end
File 'dominion.c'
Lines executed:62.19% of 529
dominion.c:creating 'dominion.c.gcov'

