Starting random testing for dominion...
#   Card          Cost   Copies
0   Curse         0      10   
1   Estate        2      8    
2   Duchy         5      8    
3   Province      8      8    
4   Copper        0      46   
5   Silver        3      40   
6   Gold          6      30   
8   Council Room  5      10   
11  Mine          5      10   
12  Remodel       4      10   
13  Smithy        4      10   
14  Village       3      10   
18  Steward       3      10   
22  Embargo       2      10   
23  Outpost       5      10   
24  Salvager      4      10   
26  Treasure Map  4      10   

Player 0's Turn:******************************************************
Action Phase...

Player 0's hand:
#  Card
0  Copper       
1  Copper       
2  Copper       
3  Estate       
4  Copper       

Player 0's played cards: 

Player 0's hand:
#  Card
0  Copper       
1  Copper       
2  Copper       
3  Estate       
4  Copper       

Player 0:
Action phase
1 actions
4 coins
1 buys

Buy Phase...

Buying Remodel...
Ending Turn...

Player 1's Turn:******************************************************
Action Phase...

Player 1's hand:
#  Card
0  Copper       
1  Copper       
2  Copper       
3  Copper       
4  Estate       

Player 1's played cards: 

Player 1's hand:
#  Card
0  Copper       
1  Copper       
2  Copper       
3  Copper       
4  Estate       

Player 1:
Action phase
1 actions
4 coins
1 buys

Buy Phase...

Buying Smithy...
Ending Turn...

Player 0's Turn:******************************************************
Action Phase...

Player 0's hand:
#  Card
0  Copper       
1  Copper       
2  Copper       
3  Estate       
4  Estate       

Player 0's played cards: 

Player 0's hand:
#  Card
0  Copper       
1  Copper       
2  Copper       
3  Estate       
4  Estate       

Player 0:
Action phase
1 actions
3 coins
1 buys

Buy Phase...

Buying Silver...
Ending Turn...

Player 1's Turn:******************************************************
Action Phase...

Player 1's hand:
#  Card
0  Copper       
1  Copper       
2  Copper       
3  Estate       
4  Estate       

Player 1's played cards: 

Player 1's hand:
#  Card
0  Copper       
1  Copper       
2  Copper       
3  Estate       
4  Estate       

Player 1:
Action phase
1 actions
3 coins
1 buys

Buy Phase...

Buying Embargo...
Ending Turn...

Player 0's Turn:******************************************************
Action Phase...

Player 0's hand:
#  Card
0  Estate       
1  Copper       
2  Copper       
3  Copper       
4  Copper       

Player 0's played cards: 

Player 0's hand:
#  Card
0  Estate       
1  Copper       
2  Copper       
3  Copper       
4  Copper       

Player 0:
Action phase
1 actions
4 coins
1 buys

Buy Phase...

Buying Silver...
Ending Turn...

Player 1's Turn:******************************************************
Action Phase...

Player 1's hand:
#  Card
0  Smithy       
1  Copper       
2  Embargo      
3  Copper       
4  Estate       

Playing Embargo...
Player 1's played cards: 

Player 1's hand:
#  Card
0  Smithy       
1  Copper       
2  Estate       
3  Copper       

Player 1:
Action phase
0 actions
2 coins
1 buys

Buy Phase...

Buying Embargo...
Ending Turn...

Player 0's Turn:******************************************************
Action Phase...

Player 0's hand:
#  Card
0  Estate       
1  Remodel      
2  Copper       
3  Estate       
4  Copper       

Playing Remodel...
Player 0's played cards: 
#  Card
0  Remodel       
1  Estate        

Player 0's hand:
#  Card
0  Estate       
1  Copper       
2  Copper       

Player 0:
Action phase
0 actions
2 coins
1 buys

Buy Phase...

Buying Estate...
Ending Turn...

Player 1's Turn:******************************************************
Action Phase...

Player 1's hand:
#  Card
0  Copper       
1  Estate       
2  Copper       
3  Copper       
4  Copper       

Player 1's played cards: 

Player 1's hand:
#  Card
0  Copper       
1  Estate       
2  Copper       
3  Copper       
4  Copper       

Player 1:
Action phase
1 actions
4 coins
1 buys

Buy Phase...

Buying Estate...
Ending Turn...

Player 0's Turn:******************************************************
Action Phase...

Player 0's hand:
#  Card
0  Silver       
1  Copper       
2  Silver       
3  Copper       
4  Estate       

Player 0's played cards: 

Player 0's hand:
#  Card
0  Silver       
1  Copper       
2  Silver       
3  Copper       
4  Estate       

Player 0:
Action phase
1 actions
6 coins
1 buys

Buy Phase...

Buying Smithy...
Ending Turn...

Player 1's Turn:******************************************************
Action Phase...

Player 1's hand:
#  Card
0  Estate       
1  Copper       
2  Estate       
3  Copper       
4  Copper       

Player 1's played cards: 

Player 1's hand:
#  Card
0  Estate       
1  Copper       
2  Estate       
3  Copper       
4  Copper       

Player 1:
Action phase
1 actions
3 coins
1 buys

Buy Phase...

Buying Silver...
Ending Turn...

Player 0's Turn:******************************************************
Action Phase...

Player 0's hand:
#  Card
0  Copper       
1  Estate       
2  Copper       
3  Copper       
4  Copper       

Player 0's played cards: 

Player 0's hand:
#  Card
0  Copper       
1  Estate       
2  Copper       
3  Copper       
4  Copper       

Player 0:
Action phase
1 actions
4 coins
1 buys

Buy Phase...

Buying Salvager...
Ending Turn...

Player 1's Turn:******************************************************
Action Phase...

Player 1's hand:
#  Card
0  Copper       
1  Estate       
2  Estate       
3  Embargo      
4  Copper       

Playing Embargo...
Player 1's played cards: 

Player 1's hand:
#  Card
0  Copper       
1  Estate       
2  Estate       
3  Copper       

Player 1:
Action phase
0 actions
2 coins
1 buys

Buy Phase...

Buying Estate...
Ending Turn...

Player 0's Turn:******************************************************
Action Phase...

Player 0's hand:
#  Card
0  Estate       
1  Copper       
2  Village      
3  Silver       
4  Silver       

Playing Village...
Player 0's played cards: 
#  Card
0  Village       

Player 0's hand:
#  Card
0  Estate       
1  Copper       
2  Copper       
3  Silver       
4  Silver       

Player 0:
Action phase
2 actions
6 coins
1 buys

Buy Phase...

Buying Estate...
Ending Turn...

Player 1's Turn:******************************************************
Action Phase...

Player 1's hand:
#  Card
0  Copper       
1  Smithy       
2  Copper       
3  Copper       
4  Copper       

Playing Smithy...
Player 1's played cards: 
#  Card
0  Smithy        

Player 1's hand:
#  Card
0  Copper       
1  Estate       
2  Copper       
3  Copper       
4  Copper       
5  Estate       
6  Copper       

Player 1:
Action phase
0 actions
5 coins
1 buys

Buy Phase...

Buying Salvager...
Ending Turn...

Player 0's Turn:******************************************************
Action Phase...

Player 0's hand:
#  Card
0  Copper       
1  Copper       
2  Copper       
3  Salvager     
4  Estate       

Playing Salvager...
Player 0's played cards: 
#  Card
0  Salvager      

Player 0's hand:
#  Card
0  Copper       
1  Estate       
2  Copper       

Player 0:
Action phase
0 actions
2 coins
2 buys

Buy Phase...

Buying Embargo...
Buying Estate...
Buying Embargo...
Buying Estate...
Buying Embargo...
Buying Embargo...
Buying Estate...
Buying Embargo...
Buying Estate...
Buying Estate...
Buying Embargo...
Ending Turn...

Player 1's Turn:******************************************************
Action Phase...

Player 1's hand:
#  Card
0  Copper       
1  Estate       
2  Copper       
3  Silver       
4  Estate       

Player 1's played cards: 

Player 1's hand:
#  Card
0  Copper       
1  Estate       
2  Copper       
3  Silver       
4  Estate       

Player 1:
Action phase
1 actions
4 coins
1 buys

Buy Phase...

Buying Smithy...
Ending Turn...

Player 0's Turn:******************************************************
Action Phase...

Player 0's hand:
#  Card
0  Estate       
1  Smithy       
2  Copper       
3  Copper       
4  Copper       

Playing Smithy...
Player 0's played cards: 
#  Card
0  Smithy        

Player 0's hand:
#  Card
0  Estate       
1  Silver       
2  Copper       
3  Copper       
4  Copper       
5  Estate       
6  Embargo      

Player 0:
Action phase
0 actions
5 coins
1 buys

Buy Phase...

Buying Silver...
Ending Turn...

Player 1's Turn:******************************************************
Action Phase...

Player 1's hand:
#  Card
0  Estate       
1  Copper       
2  Copper       
3  Copper       
4  Silver       

Player 1's played cards: 

Player 1's hand:
#  Card
0  Estate       
1  Copper       
2  Copper       
3  Copper       
4  Silver       

Player 1:
Action phase
1 actions
5 coins
1 buys

Buy Phase...

Buying Embargo...
Ending Turn...

Player 0's Turn:******************************************************
Action Phase...

Player 0's hand:
#  Card
0  Estate       
1  Copper       
2  Silver       
3  Estate       
4  Copper       

Player 0's played cards: 

Player 0's hand:
#  Card
0  Estate       
1  Copper       
2  Silver       
3  Estate       
4  Copper       

Player 0:
Action phase
1 actions
4 coins
1 buys

Buy Phase...

Buying Estate...
Ending Turn...

Player 1's Turn:******************************************************
Action Phase...

Player 1's hand:
#  Card
0  Salvager     
1  Copper       
2  Copper       
3  Estate       
4  Estate       

Playing Salvager...
Player 1's played cards: 
#  Card
0  Salvager      

Player 1's hand:
#  Card
0  Estate       
1  Estate       
2  Copper       

Player 1:
Action phase
0 actions
1 coins
2 buys

Buy Phase...

Ending Turn...

Player 0's Turn:******************************************************
Action Phase...

Player 0's hand:
#  Card
0  Copper       
1  Estate       
2  Copper       
3  Embargo      
4  Silver       

Playing Embargo...
Player 0's played cards: 

Player 0's hand:
#  Card
0  Copper       
1  Estate       
2  Copper       
3  Silver       

Player 0:
Action phase
0 actions
4 coins
1 buys

Buy Phase...

Buying Estate...
Ending Turn...

Player 1's Turn:******************************************************
Action Phase...

Player 1's hand:
#  Card
0  Smithy       
1  Estate       
2  Copper       
3  Copper       
4  Estate       

Playing Smithy...
Player 1's played cards: 
#  Card
0  Smithy        

Player 1's hand:
#  Card
0  Estate       
1  Estate       
2  Copper       
3  Copper       
4  Estate       
5  Embargo      
6  Estate       

Player 1:
Action phase
0 actions
2 coins
1 buys

Buy Phase...

Buying Embargo...
Ending Turn...

Player 0's Turn:******************************************************
Action Phase...

Player 0's hand:
#  Card
0  Silver       
1  Silver       
2  Estate       
3  Copper       
4  Copper       

Player 0's played cards: 

Player 0's hand:
#  Card
0  Silver       
1  Silver       
2  Estate       
3  Copper       
4  Copper       

Player 0:
Action phase
1 actions
6 coins
1 buys

Buy Phase...

Buying Treasure Map...
Ending Turn...

Player 1's Turn:******************************************************
Action Phase...

Player 1's hand:
#  Card
0  Silver       
1  Estate       
2  Copper       
3  Copper       
4  Copper       

Player 1's played cards: 

Player 1's hand:
#  Card
0  Silver       
1  Estate       
2  Copper       
3  Copper       
4  Copper       

Player 1:
Action phase
1 actions
5 coins
1 buys

Buy Phase...

Buying Embargo...
Ending Turn...

Player 0's Turn:******************************************************
Action Phase...

Player 0's hand:
#  Card
0  Copper       
1  Copper       
2  Estate       
3  Estate       
4  Estate       

Player 0's played cards: 

Player 0's hand:
#  Card
0  Copper       
1  Copper       
2  Estate       
3  Estate       
4  Estate       

Player 0:
Action phase
1 actions
2 coins
1 buys

Buy Phase...

Buying Embargo...
Ending Turn...

Player 1's Turn:******************************************************
Action Phase...

Player 1's hand:
#  Card
0  Copper       
1  Embargo      
2  Embargo      
3  Copper       
4  Estate       

Playing Embargo...
Player 1's played cards: 

Player 1's hand:
#  Card
0  Copper       
1  Embargo      
2  Estate       
3  Copper       

Player 1:
Action phase
0 actions
2 coins
1 buys

Buy Phase...

Buying Embargo...
Ending Turn...

Player 0's Turn:******************************************************
Action Phase...

Player 0's hand:
#  Card
0  Estate       
1  Estate       
2  Silver       
3  Copper       
4  Copper       

Player 0's played cards: 

Player 0's hand:
#  Card
0  Estate       
1  Estate       
2  Silver       
3  Copper       
4  Copper       

Player 0:
Action phase
1 actions
4 coins
1 buys

Buy Phase...

Buying Smithy...
Ending Turn...

Player 1's Turn:******************************************************
Action Phase...

Player 1's hand:
#  Card
0  Copper       
1  Copper       
2  Estate       
3  Estate       
4  Estate       

Player 1's played cards: 

Player 1's hand:
#  Card
0  Copper       
1  Copper       
2  Estate       
3  Estate       
4  Estate       

Player 1:
Action phase
1 actions
2 coins
1 buys

Buy Phase...

Buying Embargo...
Ending Turn...

Player 0's Turn:******************************************************
Action Phase...

Player 0's hand:
#  Card
0  Estate       
1  Copper       
2  Copper       
3  Estate       
4  Silver       

Player 0's played cards: 

Player 0's hand:
#  Card
0  Estate       
1  Copper       
2  Copper       
3  Estate       
4  Silver       

Player 0:
Action phase
1 actions
4 coins
1 buys

Buy Phase...

Buying Remodel...
Ending Turn...

Player 1's Turn:******************************************************
Action Phase...

Player 1's hand:
#  Card
0  Estate       
1  Copper       
2  Copper       
3  Silver       
4  Embargo      

Playing Embargo...
Player 1's played cards: 

Player 1's hand:
#  Card
0  Estate       
1  Copper       
2  Copper       
3  Silver       

Player 1:
Action phase
0 actions
4 coins
1 buys

Buy Phase...

Buying Estate...
Ending Turn...

Player 0's Turn:******************************************************
Action Phase...

Player 0's hand:
#  Card
0  Estate       
1  Embargo      
2  Estate       
3  Treasure Map 
4  Copper       

Playing Treasure Map...
Playing Treasure Map...
Playing Treasure Map...
Playing Treasure Map...
Playing Embargo...
Player 0's played cards: 

Player 0's hand:
#  Card
0  Estate       
1  Copper       
2  Estate       
3  Treasure Map 

Player 0:
Action phase
0 actions
1 coins
1 buys

Buy Phase...

Ending Turn...

Player 1's Turn:******************************************************
Action Phase...

Player 1's hand:
#  Card
0  Estate       
1  Embargo      
2  Copper       
3  Copper       
4  Embargo      

Playing Embargo...
Player 1's played cards: 

Player 1's hand:
#  Card
0  Estate       
1  Embargo      
2  Copper       
3  Copper       

Player 1:
Action phase
0 actions
2 coins
1 buys

Buy Phase...

Buying Estate...
Ending Turn...

Player 0's Turn:******************************************************
Action Phase...

Player 0's hand:
#  Card
0  Copper       
1  Silver       
2  Copper       
3  Estate       
4  Copper       

Player 0's played cards: 

Player 0's hand:
#  Card
0  Copper       
1  Silver       
2  Copper       
3  Estate       
4  Copper       

Player 0:
Action phase
1 actions
5 coins
1 buys

Buy Phase...

Buying Steward...
Ending Turn...

Player 1's Turn:******************************************************
Action Phase...

Player 1's hand:
#  Card
0  Copper       
1  Silver       
2  Estate       
3  Copper       
4  Estate       

Player 1's played cards: 

Player 1's hand:
#  Card
0  Copper       
1  Silver       
2  Estate       
3  Copper       
4  Estate       

Player 1:
Action phase
1 actions
4 coins
1 buys

Buy Phase...

Buying Steward...
Ending Turn...

Player 0's Turn:******************************************************
Action Phase...

Player 0's hand:
#  Card
0  Remodel      
1  Copper       
2  Copper       
3  Estate       
4  Estate       

Playing Remodel...
Player 0's played cards: 
#  Card
0  Remodel       
1  Estate        

Player 0's hand:
#  Card
0  Estate       
1  Copper       
2  Copper       

Player 0:
Action phase
0 actions
2 coins
1 buys

Buy Phase...

Buying Embargo...
Ending Turn...

Player 1's Turn:******************************************************
Action Phase...

Player 1's hand:
#  Card
0  Embargo      
1  Estate       
2  Estate       
3  Copper       
4  Copper       

Playing Embargo...
Player 1's played cards: 

Player 1's hand:
#  Card
0  Copper       
1  Estate       
2  Estate       
3  Copper       

Player 1:
Action phase
0 actions
2 coins
1 buys

Buy Phase...

Ending Turn...

Player 0's Turn:******************************************************
Action Phase...

Player 0's hand:
#  Card
0  Treasure Map 
1  Estate       
2  Silver       
3  Estate       
4  Estate       

Playing Treasure Map...
Player 0's played cards: 

Player 0's hand:
#  Card
0  Treasure Map 
1  Estate       
2  Silver       
3  Estate       
4  Estate       

Player 0:
Action phase
1 actions
2 coins
1 buys

Buy Phase...

Ending Turn...

Player 1's Turn:******************************************************
Action Phase...

Player 1's hand:
#  Card
0  Estate       
1  Copper       
2  Estate       
3  Steward      
4  Copper       

Playing Steward...
Player 1's played cards: 
#  Card
0  Steward       

Player 1's hand:
#  Card
0  Estate       
1  Copper       
2  Estate       
3  Copper       

Player 1:
Action phase
0 actions
2 coins
1 buys

Buy Phase...

Ending Turn...

Player 0's Turn:******************************************************
Action Phase...

Player 0's hand:
#  Card
0  Smithy       
1  Silver       
2  Copper       
3  Copper       
4  Embargo      

Playing Smithy...
Player 0's played cards: 
#  Card
0  Smithy        

Player 0's hand:
#  Card
0  Copper       
1  Silver       
2  Copper       
3  Copper       
4  Embargo      
5  Estate       
6  Copper       

Player 0:
Action phase
0 actions
6 coins
1 buys

Buy Phase...

Buying Gold...
Ending Turn...

Player 1's Turn:******************************************************
Action Phase...

Player 1's hand:
#  Card
0  Copper       
1  Estate       
2  Estate       
3  Estate       
4  Copper       

Player 1's played cards: 

Player 1's hand:
#  Card
0  Copper       
1  Estate       
2  Estate       
3  Estate       
4  Copper       

Player 1:
Action phase
1 actions
2 coins
1 buys

Buy Phase...

Ending Turn...

Player 0's Turn:******************************************************
Action Phase...

Player 0's hand:
#  Card
0  Estate       
1  Estate       
2  Silver       
3  Treasure Map 
4  Copper       

Playing Treasure Map...
Player 0's played cards: 

Player 0's hand:
#  Card
0  Estate       
1  Estate       
2  Silver       
3  Treasure Map 
4  Copper       

Player 0:
Action phase
1 actions
3 coins
1 buys

Buy Phase...

Buying Steward...
Ending Turn...

Player 1's Turn:******************************************************
Action Phase...

Player 1's hand:
#  Card
0  Estate       
1  Copper       
2  Embargo      
3  Estate       
4  Copper       

Playing Embargo...
Player 1's played cards: 

Player 1's hand:
#  Card
0  Estate       
1  Copper       
2  Copper       
3  Estate       

Player 1:
Action phase
0 actions
2 coins
1 buys

Buy Phase...

Ending Turn...

Player 0's Turn:******************************************************
Action Phase...

Player 0's hand:
#  Card
0  Steward      
1  Estate       
2  Silver       
3  Copper       
4  Estate       

Playing Steward...
Player 0's played cards: 
#  Card
0  Steward       

Player 0's hand:
#  Card
0  Estate       
1  Estate       
2  Silver       
3  Copper       
4  Estate       
5  Silver       

Player 0:
Action phase
0 actions
5 coins
1 buys

Buy Phase...

Buying Village...
Ending Turn...

Player 1's Turn:******************************************************
Action Phase...

Player 1's hand:
#  Card
0  Silver       
1  Estate       
2  Copper       
3  Copper       
4  Estate       

Player 1's played cards: 

Player 1's hand:
#  Card
0  Silver       
1  Estate       
2  Copper       
3  Copper       
4  Estate       

Player 1:
Action phase
1 actions
4 coins
1 buys

Buy Phase...

Buying Remodel...
Ending Turn...

Player 0's Turn:******************************************************
Action Phase...

Player 0's hand:
#  Card
0  Gold         
1  Estate       
2  Silver       
3  Treasure Map 
4  Copper       

Playing Treasure Map...
Playing Treasure Map...
Playing Treasure Map...
Playing Treasure Map...
Playing Treasure Map...
Playing Treasure Map...
Playing Treasure Map...
Playing Treasure Map...
Playing Treasure Map...
Playing Treasure Map...
Player 0's played cards: 

Player 0's hand:
#  Card
0  Gold         
1  Estate       
2  Silver       
3  Treasure Map 
4  Copper       

Player 0:
Action phase
1 actions
6 coins
1 buys

Buy Phase...

Buying Duchy...
Ending Turn...

Player 1's Turn:******************************************************
Action Phase...

Player 1's hand:
#  Card
0  Estate       
1  Estate       
2  Estate       
3  Estate       
4  Copper       

Player 1's played cards: 

Player 1's hand:
#  Card
0  Estate       
1  Estate       
2  Estate       
3  Estate       
4  Copper       

Player 1:
Action phase
1 actions
1 coins
1 buys

Buy Phase...

Ending Turn...

Player 0's Turn:******************************************************
Action Phase...

Player 0's hand:
#  Card
0  Estate       
1  Copper       
2  Copper       
3  Steward      
4  Copper       

Playing Steward...
Player 0's played cards: 
#  Card
0  Steward       

Player 0's hand:
#  Card
0  Estate       
1  Copper       
2  Copper       
3  Copper       
4  Copper       
5  Silver       

Player 0:
Action phase
0 actions
6 coins
1 buys

Buy Phase...

Buying Council Room...
Ending Turn...

Player 1's Turn:******************************************************
Action Phase...

Player 1's hand:
#  Card
0  Copper       
1  Copper       
2  Estate       
3  Copper       
4  Estate       

Player 1's played cards: 

Player 1's hand:
#  Card
0  Copper       
1  Copper       
2  Estate       
3  Copper       
4  Estate       

Player 1:
Action phase
1 actions
3 coins
1 buys

Buy Phase...

Buying Silver...
Ending Turn...

Player 0's Turn:******************************************************
Action Phase...

Player 0's hand:
#  Card
0  Embargo      
1  Estate       
2  Copper       
3  Duchy        
4  Estate       

Playing Embargo...
Player 0's played cards: 

Player 0's hand:
#  Card
0  Estate       
1  Estate       
2  Copper       
3  Duchy        

Player 0:
Action phase
0 actions
1 coins
1 buys

Buy Phase...

Ending Turn...

Player 1's Turn:******************************************************
Action Phase...

Player 1's hand:
#  Card
0  Silver       
1  Estate       
2  Copper       
3  Remodel      
4  Estate       

Playing Remodel...
Player 1's played cards: 
#  Card
0  Remodel       
1  Silver        

Player 1's hand:
#  Card
0  Estate       
1  Estate       
2  Copper       

Player 1:
Action phase
0 actions
1 coins
1 buys

Buy Phase...

Ending Turn...

Player 0's Turn:******************************************************
Action Phase...

Player 0's hand:
#  Card
0  Silver       
1  Gold         
2  Estate       
3  Estate       
4  Silver       

Player 0's played cards: 

Player 0's hand:
#  Card
0  Silver       
1  Gold         
2  Estate       
3  Estate       
4  Silver       

Player 0:
Action phase
1 actions
7 coins
1 buys

Buy Phase...

Buying Smithy...
Ending Turn...

Player 1's Turn:******************************************************
Action Phase...

Player 1's hand:
#  Card
0  Estate       
1  Copper       
2  Estate       
3  Estate       
4  Copper       

Player 1's played cards: 

Player 1's hand:
#  Card
0  Estate       
1  Copper       
2  Estate       
3  Estate       
4  Copper       

Player 1:
Action phase
1 actions
2 coins
1 buys

Buy Phase...

Ending Turn...

Player 0's Turn:******************************************************
Action Phase...

Player 0's hand:
#  Card
0  Council Room 
1  Treasure Map 
2  Copper       
3  Copper       
4  Silver       

Playing Council Room...
Player 0's played cards: 
#  Card
0  Council Room  

Player 0's hand:
#  Card
0  Village      
1  Treasure Map 
2  Copper       
3  Copper       
4  Silver       
5  Estate       
6  Copper       
7  Silver       

Player 0:
Action phase
0 actions
7 coins
2 buys

Buy Phase...

Buying Duchy...
Buying Treasure Map...
Buying Mine...
Buying Treasure Map...
Buying Duchy...
Buying Steward...
Buying Duchy...
Buying Council Room...
Buying Treasure Map...
Buying Duchy...
Buying Duchy...
Ending Turn...

Player 1's Turn:******************************************************
Action Phase...

Player 1's hand:
#  Card
0  Estate       
1  Estate       
2  Estate       
3  Silver       
4  Estate       

Player 1's played cards: 

Player 1's hand:
#  Card
0  Estate       
1  Estate       
2  Estate       
3  Silver       
4  Estate       

Player 1:
Action phase
1 actions
2 coins
1 buys

Buy Phase...

Ending Turn...

Player 0's Turn:******************************************************
Action Phase...

Player 0's hand:
#  Card
0  Copper       
1  Copper       
2  Copper       
3  Copper       
4  Silver       

Player 0's played cards: 

Player 0's hand:
#  Card
0  Copper       
1  Copper       
2  Copper       
3  Copper       
4  Silver       

Player 0:
Action phase
1 actions
6 coins
1 buys

Buy Phase...

Buying Salvager...
Ending Turn...

Player 1's Turn:******************************************************
Action Phase...

Player 1's hand:
#  Card
0  Copper       
1  Copper       
2  Estate       
3  Copper       
4  Copper       

Player 1's played cards: 

Player 1's hand:
#  Card
0  Copper       
1  Copper       
2  Estate       
3  Copper       
4  Copper       

Player 1:
Action phase
1 actions
4 coins
1 buys

Buy Phase...

Buying Village...
Ending Turn...

Player 0's Turn:******************************************************
Action Phase...

Player 0's hand:
#  Card
0  Duchy        
1  Village      
2  Silver       
3  Estate       
4  Silver       

Playing Village...
Player 0's played cards: 
#  Card
0  Village       

Player 0's hand:
#  Card
0  Duchy        
1  Estate       
2  Silver       
3  Estate       
4  Silver       

Player 0:
Action phase
2 actions
4 coins
1 buys

Buy Phase...

Buying Steward...
Ending Turn...

Player 1's Turn:******************************************************
Action Phase...

Player 1's hand:
#  Card
0  Estate       
1  Copper       
2  Copper       
3  Copper       
4  Estate       

Player 1's played cards: 

Player 1's hand:
#  Card
0  Estate       
1  Copper       
2  Copper       
3  Copper       
4  Estate       

Player 1:
Action phase
1 actions
3 coins
1 buys

Buy Phase...

Buying Village...
Ending Turn...

Player 0's Turn:******************************************************
Action Phase...

Player 0's hand:
#  Card
0  Treasure Map 
1  Duchy        
2  Smithy       
3  Estate       
4  Estate       

Playing Treasure Map...
Playing Treasure Map...
Playing Smithy...
Player 0's played cards: 
#  Card
0  Smithy        

Player 0's hand:
#  Card
0  Treasure Map 
1  Duchy        
2  Estate       
3  Estate       
4  Estate       
5  Copper       
6  Copper       

Player 0:
Action phase
0 actions
2 coins
1 buys

Buy Phase...

Ending Turn...

Player 1's Turn:******************************************************
Action Phase...

Player 1's hand:
#  Card
0  Copper       
1  Copper       
2  Estate       
3  Village      
4  Silver       

Playing Village...
Player 1's played cards: 
#  Card
0  Village       

Player 1's hand:
#  Card
0  Copper       
1  Copper       
2  Estate       
3  Estate       
4  Silver       

Player 1:
Action phase
2 actions
4 coins
1 buys

Buy Phase...

Buying Salvager...
Ending Turn...

Player 0's Turn:******************************************************
Action Phase...

Player 0's hand:
#  Card
0  Silver       
1  Gold         
2  Estate       
3  Silver       
4  Salvager     

Playing Salvager...
Player 0's played cards: 
#  Card
0  ?             

Player 0's hand:
#  Card
0  Silver       
1  Salvager     
2  Estate       

Player 0:
Action phase
0 actions
2 coins
2 buys

Buy Phase...

Ending Turn...

Player 1's Turn:******************************************************
Action Phase...

Player 1's hand:
#  Card
0  Copper       
1  Estate       
2  Estate       
3  Copper       
4  Copper       

Player 1's played cards: 

Player 1's hand:
#  Card
0  Copper       
1  Estate       
2  Estate       
3  Copper       
4  Copper       

Player 1:
Action phase
1 actions
3 coins
1 buys

Buy Phase...

Buying Silver...
Ending Turn...

Player 0's Turn:******************************************************
Action Phase...

Player 0's hand:
#  Card
0  Silver       
1  Estate       
2  Treasure Map 
3  Steward      
4  Duchy        

Playing Steward...
Player 0's played cards: 
#  Card
0  Steward       

Player 0's hand:
#  Card
0  Silver       
1  Estate       
2  Treasure Map 
3  Duchy        

Player 0:
Action phase
0 actions
2 coins
1 buys

Buy Phase...

Ending Turn...

Player 1's Turn:******************************************************
Action Phase...

Player 1's hand:
#  Card
0  Copper       
1  Estate       
2  Village      
3  Copper       
4  Salvager     

Playing Salvager...
Player 1's played cards: 
#  Card
0  ?             

Player 1's hand:
#  Card
0  Copper       
1  Estate       
2  Village      

Player 1:
Action phase
0 actions
1 coins
2 buys

Buy Phase...

Ending Turn...

Player 0's Turn:******************************************************
Action Phase...

Player 0's hand:
#  Card
0  Silver       
1  Copper       
2  Estate       
3  Estate       
4  Copper       

Player 0's played cards: 

Player 0's hand:
#  Card
0  Silver       
1  Copper       
2  Estate       
3  Estate       
4  Copper       

Player 0:
Action phase
1 actions
4 coins
1 buys

Buy Phase...

Buying Village...
Ending Turn...

Player 1's Turn:******************************************************
Action Phase...

Player 1's hand:
#  Card
0  Silver       
1  Estate       
2  Copper       
3  Estate       
4  Copper       

Player 1's played cards: 

Player 1's hand:
#  Card
0  Silver       
1  Estate       
2  Copper       
3  Estate       
4  Copper       

Player 1:
Action phase
1 actions
4 coins
1 buys

Buy Phase...

Buying Silver...
Ending Turn...

Player 0's Turn:******************************************************
Action Phase...

Player 0's hand:
#  Card
0  Copper       
1  Copper       
2  Estate       
3  Copper       
4  Copper       

Player 0's played cards: 

Player 0's hand:
#  Card
0  Copper       
1  Copper       
2  Estate       
3  Copper       
4  Copper       

Player 0:
Action phase
1 actions
4 coins
1 buys

Buy Phase...

Buying Treasure Map...
Ending Turn...

Player 1's Turn:******************************************************
Action Phase...

Player 1's hand:
#  Card
0  Estate       
1  Copper       
2  Village      
3  Estate       
4  Estate       

Playing Village...
Player 1's played cards: 
#  Card
0  Village       

Player 1's hand:
#  Card
0  Estate       
1  Copper       
2  Copper       
3  Estate       
4  Estate       

Player 1:
Action phase
2 actions
2 coins
1 buys

Buy Phase...

Ending Turn...

Player 0's Turn:******************************************************
Action Phase...

Player 0's hand:
#  Card
0  Duchy        
1  Silver       
2  Copper       
3  Copper       
4  Copper       

Player 0's played cards: 

Player 0's hand:
#  Card
0  Duchy        
1  Silver       
2  Copper       
3  Copper       
4  Copper       

Player 0:
Action phase
1 actions
5 coins
1 buys

Buy Phase...

Buying Silver...
Ending Turn...

Player 1's Turn:******************************************************
Action Phase...

Player 1's hand:
#  Card
0  Silver       
1  Silver       
2  Copper       
3  Copper       
4  Copper       

Player 1's played cards: 

Player 1's hand:
#  Card
0  Silver       
1  Silver       
2  Copper       
3  Copper       
4  Copper       

Player 1:
Action phase
1 actions
7 coins
1 buys

Buy Phase...

Buying Smithy...
Ending Turn...

Player 0's Turn:******************************************************
Action Phase...

Player 0's hand:
#  Card
0  Salvager     
1  Estate       
2  Estate       
3  Copper       
4  Treasure Map 

Playing Salvager...
Player 0's played cards: 
#  Card
0  Salvager      

Player 0's hand:
#  Card
0  Copper       
1  Estate       
2  Treasure Map 

Player 0:
Action phase
0 actions
1 coins
2 buys

Buy Phase...

Ending Turn...

Player 1's Turn:******************************************************
Action Phase...

Player 1's hand:
#  Card
0  Estate       
1  Copper       
2  Estate       
3  Estate       
4  Silver       

Player 1's played cards: 

Player 1's hand:
#  Card
0  Estate       
1  Copper       
2  Estate       
3  Estate       
4  Silver       

Player 1:
Action phase
1 actions
3 coins
1 buys

Buy Phase...

Buying Village...
Ending Turn...

Player 0's Turn:******************************************************
Action Phase...

Player 0's hand:
#  Card
0  Treasure Map 
1  Estate       
2  Copper       
3  Duchy        
4  Village      

Playing Village...
Playing Treasure Map...
Playing Treasure Map...
Playing Treasure Map...
Playing Treasure Map...
Playing Treasure Map...
Playing Treasure Map...
Playing Treasure Map...
Playing Treasure Map...
Playing Treasure Map...
Player 0's played cards: 
#  Card
0  Village       

Player 0's hand:
#  Card
0  Treasure Map 
1  Estate       
2  Copper       
3  Duchy        
4  Estate       

Player 0:
Action phase
2 actions
1 coins
1 buys

Buy Phase...

Ending Turn...

Player 1's Turn:******************************************************
Action Phase...

Player 1's hand:
#  Card
0  Copper       
1  Estate       
2  Smithy       
3  Copper       
4  Copper       

Playing Smithy...
Player 1's played cards: 
#  Card
0  Smithy        

Player 1's hand:
#  Card
0  Copper       
1  Estate       
2  Copper       
3  Copper       
4  Copper       
5  Estate       
6  Estate       

Player 1:
Action phase
0 actions
4 coins
1 buys

Buy Phase...

Buying Village...
Ending Turn...

Player 0's Turn:******************************************************
Action Phase...

Player 0's hand:
#  Card
0  Copper       
1  Estate       
2  Silver       
3  Silver       
4  Duchy        

Player 0's played cards: 

Player 0's hand:
#  Card
0  Copper       
1  Estate       
2  Silver       
3  Silver       
4  Duchy        

Player 0:
Action phase
1 actions
5 coins
1 buys

Buy Phase...

Buying Outpost...
Ending Turn...

Player 1's Turn:******************************************************
Action Phase...

Player 1's hand:
#  Card
0  Copper       
1  Village      
2  Copper       
3  Estate       
4  Silver       

Playing Village...
Player 1's played cards: 
#  Card
0  Village       

Player 1's hand:
#  Card
0  Copper       
1  Silver       
2  Copper       
3  Estate       
4  Silver       

Player 1:
Action phase
2 actions
6 coins
1 buys

Buy Phase...

Buying Steward...
Ending Turn...

Player 0's Turn:******************************************************
Action Phase...

Player 0's hand:
#  Card
0  Estate       
1  Copper       
2  Copper       
3  Silver       
4  Copper       

Player 0's played cards: 

Player 0's hand:
#  Card
0  Estate       
1  Copper       
2  Copper       
3  Silver       
4  Copper       

Player 0:
Action phase
1 actions
5 coins
1 buys

Buy Phase...

Buying Remodel...
Ending Turn...

Player 1's Turn:******************************************************
Action Phase...

Player 1's hand:
#  Card
0  Silver       
1  Estate       
2  Estate       
3  Village      
4  Steward      

Playing Steward...
Player 1's played cards: 
#  Card
0  ?             

Player 1's hand:
#  Card
0  Steward      
1  Village      

Player 1:
Action phase
0 actions
0 coins
1 buys

Buy Phase...

Ending Turn...

Player 0's Turn:******************************************************
Action Phase...

Player 0's hand:
#  Card
0  Copper       
1  Estate       
2  Copper       
3  Treasure Map 
4  Silver       

Playing Treasure Map...
Player 0's played cards: 

Player 0's hand:
#  Card
0  Copper       
1  Estate       
2  Copper       
3  Treasure Map 
4  Silver       

Player 0:
Action phase
1 actions
4 coins
1 buys

Buy Phase...

Buying Salvager...
Ending Turn...

Player 1's Turn:******************************************************
Action Phase...

Player 1's hand:
#  Card
0  Estate       
1  Copper       
2  Copper       
3  Estate       
4  Estate       

Player 1's played cards: 

Player 1's hand:
#  Card
0  Estate       
1  Copper       
2  Copper       
3  Estate       
4  Estate       

Player 1:
Action phase
1 actions
2 coins
1 buys

Buy Phase...

Ending Turn...

Player 0's Turn:******************************************************
Action Phase...

Player 0's hand:
#  Card
0  Treasure Map 
1  Duchy        
2  Estate       
3  Silver       
4  Copper       

Playing Treasure Map...
Player 0's played cards: 

Player 0's hand:
#  Card
0  Treasure Map 
1  Duchy        
2  Estate       
3  Silver       
4  Copper       

Player 0:
Action phase
1 actions
3 coins
1 buys

Buy Phase...

Buying Village...
Ending Turn...

Player 1's Turn:******************************************************
Action Phase...

Player 1's hand:
#  Card
0  Silver       
1  Silver       
2  Estate       
3  Copper       
4  Copper       

Player 1's played cards: 

Player 1's hand:
#  Card
0  Silver       
1  Silver       
2  Estate       
3  Copper       
4  Copper       

Player 1:
Action phase
1 actions
6 coins
1 buys

Buy Phase...

Buying Silver...
Ending Turn...

Player 0's Turn:******************************************************
Action Phase...

Player 0's hand:
#  Card
0  Outpost      
1  Duchy        
2  Silver       
3  Estate       
4  Copper       

Playing Outpost...
Player 0's played cards: 
#  Card
0  Outpost       

Player 0's hand:
#  Card
0  Copper       
1  Duchy        
2  Silver       
3  Estate       

Player 0:
Action phase
0 actions
3 coins
1 buys

Buy Phase...

Buying Steward...
Ending Turn...

Player 1's Turn:******************************************************
Action Phase...

Player 1's hand:
#  Card
0  Copper       
1  Copper       
2  Village      
3  Silver       
4  Estate       

Playing Village...
Player 1's played cards: 
#  Card
0  Village       

Player 1's hand:
#  Card
0  Copper       
1  Copper       
2  Silver       
3  Silver       
4  Estate       

Player 1:
Action phase
2 actions
6 coins
1 buys

Buy Phase...

Buying Salvager...
Ending Turn...

Player 0's Turn:******************************************************
Action Phase...

Player 0's hand:
#  Card
0  Silver       
1  Estate       
2  Silver       
3  Copper       
4  Treasure Map 

Playing Treasure Map...
Playing Treasure Map...
Playing Treasure Map...
Playing Treasure Map...
Playing Treasure Map...
Playing Treasure Map...
Playing Treasure Map...
Playing Treasure Map...
Playing Treasure Map...
Playing Treasure Map...
Player 0's played cards: 

Player 0's hand:
#  Card
0  Silver       
1  Estate       
2  Silver       
3  Copper       
4  Treasure Map 

Player 0:
Action phase
1 actions
5 coins
1 buys

Buy Phase...

Buying Salvager...
Ending Turn...

Player 1's Turn:******************************************************
Action Phase...

Player 1's hand:
#  Card
0  Estate       
1  Copper       
2  Copper       
3  Estate       
4  Copper       

Player 1's played cards: 

Player 1's hand:
#  Card
0  Estate       
1  Copper       
2  Copper       
3  Estate       
4  Copper       

Player 1:
Action phase
1 actions
3 coins
1 buys

Buy Phase...

Buying Village...
Ending Turn...

Player 0's Turn:******************************************************
Action Phase...

Player 0's hand:
#  Card
0  Salvager     
1  Copper       
2  Remodel      
3  Copper       
4  Estate       

Playing Remodel...
Player 0's played cards: 
#  Card
0  Remodel       
1  Copper        

Player 0's hand:
#  Card
0  Salvager     
1  Copper       
2  Estate       

Player 0:
Action phase
0 actions
1 coins
1 buys

Buy Phase...

Ending Turn...

Player 1's Turn:******************************************************
Action Phase...

Player 1's hand:
#  Card
0  Copper       
1  Silver       
2  Steward      
3  Estate       
4  Copper       

Playing Steward...
Player 1's played cards: 
#  Card
0  Steward       

Player 1's hand:
#  Card
0  Copper       
1  Silver       
2  Copper       
3  Estate       

Player 1:
Action phase
0 actions
4 coins
1 buys

Buy Phase...

Buying Village...
Ending Turn...

#   Card          Cost   Copies
0   Curse         0      10   
1   Estate        2      0    
2   Duchy         5      6    
3   Province      8      8    
4   Copper        0      44   
5   Silver        3      30   
6   Gold          6      29   
8   Council Room  5      9    
11  Mine          5      10   
12  Remodel       4      6    
13  Smithy        4      4    
14  Village       3      0    
18  Steward       3      4    
22  Embargo       2      0    
23  Outpost       5      9    
24  Salvager      4      3    
26  Treasure Map  4      8    

Player 0 has a score of 6
Player 1 has a score of 2
The number of turns played in the game = 88
