Starting game.
Number of Players: 3
0: bought smithy
0: end turn
Player 0 score: 3
Player 1 score: 1
Player 2 score: 0
1: bought silver
1: endTurn
Player 0 score: 3
Player 1 score: 3
Player 2 score: 2
2: bought silver
2: endTurn
Player 0 score: 5
Player 1 score: 3
Player 2 score: 3
0: bought silver
0: end turn
Player 0 score: 4
Player 1 score: 5
Player 2 score: 3
1: bought silver
1: endTurn
Player 0 score: 4
Player 1 score: 4
Player 2 score: 4
2: bought silver
2: endTurn
Player 0 score: 1
Player 1 score: 4
Player 2 score: 4
0: smithy played from position 4
smithy played.
0: bought gold
0: end turn
Player 0 score: 4
Player 1 score: 2
Player 2 score: 4
1: bought silver
1: endTurn
Player 0 score: 4
Player 1 score: 3
Player 2 score: 2
2: bought silver
2: endTurn
Player 0 score: 1
Player 1 score: 3
Player 2 score: 3
0: bought gold
0: end turn
Player 0 score: 3
Player 1 score: 4
Player 2 score: 3
1: bought adventurer
1: endTurn
Player 0 score: 3
Player 1 score: 6
Player 2 score: 3
2: bought adventurer
2: endTurn
Player 0 score: 4
Player 1 score: 6
Player 2 score: 5
0: bought smithy
0: end turn
Player 0 score: 5
Player 1 score: 1
Player 2 score: 5
1: bought silver
1: endTurn
Player 0 score: 5
Player 1 score: 3
Player 2 score: 1
2: bought silver
2: endTurn
Player 0 score: 2
Player 1 score: 3
Player 2 score: 2
0: bought silver
0: end turn
Player 0 score: 2
Player 1 score: 3
Player 2 score: 2
1: bought silver
1: endTurn
Player 0 score: 2
Player 1 score: 4
Player 2 score: 3
2: bought gold
2: endTurn
Player 0 score: 3
Player 1 score: 4
Player 2 score: 4
0: smithy played from position 1
smithy played.
0: bought province
0: end turn
Player 0 score: 9
Player 1 score: 2
Player 2 score: 4
1: bought silver
1: endTurn
Player 0 score: 9
Player 1 score: 2
Player 2 score: 2
2: adventurer played from position 1
2: endTurn
Player 0 score: 0
Player 1 score: 2
Player 2 score: 3
0: bought province
0: end turn
Player 0 score: 14
Player 1 score: 3
Player 2 score: 3
1: bought gold
1: endTurn
Player 0 score: 14
Player 1 score: 4
Player 2 score: 3
2: bought province
2: endTurn
Player 0 score: 16
Player 1 score: 4
Player 2 score: 9
0: bought silver
0: end turn
Player 0 score: 17
Player 1 score: 4
Player 2 score: 9
1: bought gold
1: endTurn
Player 0 score: 17
Player 1 score: -2
Player 2 score: 10
2: bought gold
2: endTurn
Player 0 score: 24
Player 1 score: -2
Player 2 score: 6
0: bought gold
0: end turn
Player 0 score: 20
Player 1 score: 0
Player 2 score: 6
1: bought gold
1: endTurn
Player 0 score: 20
Player 1 score: 1
Player 2 score: 0
2: adventurer played from position 4
2: bought gold
2: endTurn
Player 0 score: 8
Player 1 score: 1
Player 2 score: 1
0: end turn
Player 0 score: 8
Player 1 score: 2
Player 2 score: 1
1: bought gold
1: endTurn
Player 0 score: 8
Player 1 score: 3
Player 2 score: 9
2: bought silver
2: endTurn
Player 0 score: 15
Player 1 score: 3
Player 2 score: 17
0: bought gold
0: end turn
Player 0 score: 21
Player 1 score: 4
Player 2 score: 17
1: bought gold
1: endTurn
Player 0 score: 21
Player 1 score: 5
Player 2 score: 17
2: bought province
2: endTurn
Player 0 score: 21
Player 1 score: 5
Player 2 score: 21
0: bought province
0: end turn
Player 0 score: 30
Player 1 score: 1
Player 2 score: 21
1: bought gold
1: endTurn
Player 0 score: 30
Player 1 score: 2
Player 2 score: 1
2: adventurer played from position 2
2: bought province
2: endTurn
Player 0 score: 6
Player 1 score: 2
Player 2 score: 9
0: bought silver
0: end turn
Player 0 score: 6
Player 1 score: 2
Player 2 score: 9
1: bought province
1: endTurn
Player 0 score: 6
Player 1 score: 9
Player 2 score: 15
2: bought silver
2: endTurn
Player 0 score: 19
Player 1 score: 9
Player 2 score: 27
0: bought silver
0: end turn
Player 0 score: 22
Player 1 score: 10
Player 2 score: 27
1: bought province
1: endTurn
Player 0 score: 22
Player 1 score: 16
Player 2 score: 33
2: bought province
2: endTurn
Player 0 score: 24
Player 1 score: 16
Player 2 score: 39
0: bought gold
0: end turn
Player 0 score: 48
Player 1 score: 17
Player 2 score: 39
1: bought silver
1: endTurn
Player 0 score: 48
Player 1 score: 11
Player 2 score: 41
2: bought gold
2: endTurn
Player 0 score: 48
Player 1 score: 11
Player 2 score: 35
0: bought province
0: end turn
Player 0 score: 48
Player 1 score: 0
Player 2 score: 35
1: bought province
1: endTurn
Player 0 score: 48
Player 1 score: 8
Player 2 score: 12
2: bought silver
2: endTurn
Player 0 score: 7
Player 1 score: 8
Player 2 score: 18
0: bought gold
0: end turn
Player 0 score: 13
Player 1 score: 8
Player 2 score: 18
1: bought province
1: endTurn
Player 0 score: 13
Player 1 score: 27
Player 2 score: 19
Finished game.
Player 0 score: 13
Player 1 score: 27
Player 2 score: 19
