FOR SEED 1
player 0 turn start
player 0 bought silver 0
player 0 score: 2
player 0 turn ending
player 1 turn start
player 1 bought silver 0
player 1 score: 3
player 1 turn ending
player 2 turn start
player 2 bought silver 0
player 2 score: 3
player 2 turn ending
player 0 turn start
player 0 bought silver 0
player 0 score: 6
player 0 turn ending
player 1 turn start
player 1 bought silver 0
player 1 score: 4
player 1 turn ending
player 2 turn start
player 2 bought silver 0
player 2 score: 5
player 2 turn ending
player 0 turn start
player 0 bought silver 0
player 0 score: 3
player 0 turn ending
player 1 turn start
player 1 bought gardens 0
player 1 score: 1
player 1 turn ending
player 2 turn start
player 2 bought embargo 0
player 2 score: 3
player 2 turn ending
player 0 turn start
player 0 bought mine 0
player 0 score: 3
player 0 turn ending
player 1 turn start
player 1 bought embargo 0
player 1 score: 5
player 1 turn ending
player 2 turn start
player 2 score: 3
player 2 turn ending
player 0 turn start
player 0 played mine -1
player 0 bought silver 0
player 0 score: 1
player 0 turn ending
player 1 turn start
player 1 bought gold 0
player 1 score: 1
player 1 turn ending
player 2 turn start
player 2 bought smithy 0
player 2 score: 0
player 2 turn ending
player 0 turn start
player 0 bought duchy 0
player 0 score: 6
player 0 turn ending
player 1 turn start
player 1 bought silver 0
player 1 score: 4
player 1 turn ending
player 2 turn start
player 2 bought estate 0
player 2 score: 6
player 2 turn ending
player 0 turn start
player 0 bought silver 0
player 0 score: 3
player 0 turn ending
player 1 turn start
player 1 played embargo -1
player 1 bought copper 0
player 1 score: 2
player 1 turn ending
player 2 turn start
player 2 played embargo -1
player 2 bought embargo 0
player 2 score: 1
player 2 turn ending
player 0 turn start
player 0 bought sea_hag 0
player 0 score: 6
player 0 turn ending
player 1 turn start
player 1 bought gold 0
player 1 score: 3
player 1 turn ending
player 2 turn start
player 2 bought village 0
player 2 score: 4
player 2 turn ending
player 0 turn start
player 0 bought silver 0
player 0 score: 8
player 0 turn ending
player 1 turn start
player 1 bought gardens 0
player 1 score: 3
player 1 turn ending
player 2 turn start
player 2 score: 8
player 2 turn ending
player 0 turn start
player 0 bought smithy 0
player 0 score: 4
player 0 turn ending
player 1 turn start
player 1 bought silver 0
player 1 score: 1
player 1 turn ending
player 2 turn start
player 2 played embargo -1
player 2 bought silver 0
player 2 score: 2
player 2 turn ending
player 0 turn start
player 0 played sea_hag 0
player 0 score: 6
player 0 turn ending
player 1 turn start
player 1 score: 4
player 1 turn ending
player 2 turn start
player 2 played embargo 0
player 2 bought silver 0
player 2 score: 3
player 2 turn ending
player 0 turn start
player 0 bought silver 0
player 0 score: 8
player 0 turn ending
player 1 turn start
player 1 bought silver 0
player 1 score: 3
player 1 turn ending
player 2 turn start
player 2 played village 0
player 2 bought silver 0
player 2 score: 1
player 2 turn ending
player 0 turn start
player 0 played mine -1
player 0 bought gold 0
player 0 score: 0
player 0 turn ending
player 1 turn start
player 1 bought silver 0
player 1 score: 0
player 1 turn ending
player 2 turn start
player 2 played embargo -1
player 2 bought duchy 0
player 2 score: 6
player 2 turn ending
player 0 turn start
player 0 bought silver 0
player 0 score: 6
player 0 turn ending
player 1 turn start
player 1 bought copper 0
player 1 score: 3
player 1 turn ending
player 2 turn start
player 2 played smithy 0
player 2 bought silver 0
player 2 score: 6
player 2 turn ending
player 0 turn start
player 0 played smithy -1
player 0 bought gold 0
player 0 score: 9
player 0 turn ending
player 1 turn start
player 1 bought province 0
player 1 score: 12
player 1 turn ending
player 2 turn start
player 2 bought gold 0
player 2 score: 6
player 2 turn ending
player 0 turn start
player 0 bought mine 0
player 0 score: 12
player 0 turn ending
player 1 turn start
player 1 bought silver 0
player 1 score: 1
player 1 turn ending
player 2 turn start
player 2 score: 3
player 2 turn ending
player 0 turn start
player 0 bought gold 0
player 0 score: 4
player 0 turn ending
player 1 turn start
player 1 played embargo -1
player 1 bought silver 0
player 1 score: 3
player 1 turn ending
player 2 turn start
player 2 played embargo -1
player 2 bought silver 0
player 2 score: 5
player 2 turn ending
player 0 turn start
player 0 bought gold 0
player 0 score: 5
player 0 turn ending
player 1 turn start
player 1 bought embargo 0
player 1 score: 15
player 1 turn ending
player 2 turn start
player 2 bought sea_hag 0
player 2 score: 7
player 2 turn ending
player 0 turn start
player 0 bought province 0
player 0 score: 12
player 0 turn ending
player 1 turn start
player 1 bought embargo 0
player 1 score: 15
player 1 turn ending
player 2 turn start
player 2 played embargo -1
player 2 bought silver 0
player 2 score: 1
player 2 turn ending
player 0 turn start
player 0 played mine -1
player 0 bought gold 0
player 0 score: 13
player 0 turn ending
player 1 turn start
player 1 played embargo -1
player 1 bought copper 0
player 1 score: 2
player 1 turn ending
player 2 turn start
player 2 played embargo -1
player 2 bought adventurer 0
player 2 score: 3
player 2 turn ending
player 0 turn start
player 0 played smithy -1
player 0 bought village 0
player 0 score: 17
player 0 turn ending
player 1 turn start
player 1 bought gold 0
player 1 score: 2
player 1 turn ending
player 2 turn start
player 2 played sea_hag -1
player 2 bought gardens 0
player 2 score: 9
player 2 turn ending
player 0 turn start
player 0 played smithy -1
player 0 bought silver 0
player 0 score: 1
player 0 turn ending
player 1 turn start
player 1 bought silver 0
player 1 score: 15
player 1 turn ending
player 2 turn start
player 2 bought gold 0
player 2 score: 9
player 2 turn ending
player 0 turn start
player 0 bought smithy 0
player 0 score: 5
player 0 turn ending
player 1 turn start
player 1 played embargo -1
player 1 score: 16
player 1 turn ending
player 2 turn start
player 2 bought silver 0
player 2 score: 1
player 2 turn ending
player 0 turn start
player 0 bought gold 0
player 0 score: 12
player 0 turn ending
player 1 turn start
player 1 played embargo -1
player 1 bought embargo 0
player 1 score: 16
player 1 turn ending
player 2 turn start
player 2 bought gold 0
player 2 score: 6
player 2 turn ending
player 0 turn start
player 0 played sea_hag 0
player 0 bought estate 0
player 0 score: 20
player 0 turn ending
player 1 turn start
player 1 bought province 0
player 1 score: 6
player 1 turn ending
player 2 turn start
player 2 bought adventurer 0
player 2 score: 6
player 2 turn ending
player 0 turn start
player 0 bought province 0
player 0 score: 27
player 0 turn ending
player 1 turn start
player 1 bought adventurer 0
player 1 score: 7
player 1 turn ending
player 2 turn start
player 2 played embargo -1
player 2 bought silver 0
player 2 score: 11
player 2 turn ending
player 0 turn start
player 0 bought tribute 0
player 0 score: 30
player 0 turn ending
player 1 turn start
player 1 played embargo -1
player 1 bought embargo 0
player 1 score: 14
player 1 turn ending
player 2 turn start
player 2 bought village 0
player 2 score: 2
player 2 turn ending
player 0 turn start
player 0 played smithy -1
player 0 bought gold 0
player 0 score: 2
player 0 turn ending
player 1 turn start
player 1 bought silver 0
player 1 score: 23
player 1 turn ending
player 2 turn start
player 2 bought province 0
player 2 score: 8
player 2 turn ending
player 0 turn start
player 0 bought gardens 0
player 0 score: 3
player 0 turn ending
player 1 turn start
player 1 bought gold 0
player 1 score: 23
player 1 turn ending
player 2 turn start
player 2 played adventurer -1
player 2 bought silver 0
player 2 score: 13
player 2 turn ending
player 0 turn start
player 0 played smithy -1
player 0 bought embargo 0
player 0 score: 12
player 0 turn ending
player 1 turn start
player 1 played embargo -1
player 1 bought silver 0
player 1 score: 23
player 1 turn ending
player 2 turn start
player 2 bought sea_hag 0
player 2 score: 18
player 2 turn ending
player 0 turn start
player 0 played tribute 0
player 0 bought silver 0
player 0 score: 25
player 0 turn ending
player 1 turn start
player 1 score: 1
player 1 turn ending
player 2 turn start
player 2 played adventurer -1
player 2 bought gold 0
player 2 score: 19
player 2 turn ending
player 0 turn start
player 0 bought silver 0
player 0 score: 35
player 0 turn ending
player 1 turn start
player 1 bought province 0
player 1 score: 8
player 1 turn ending
player 2 turn start
player 2 played embargo -1
player 2 bought silver 0
player 2 score: 2
player 2 turn ending
player 0 turn start
player 0 played mine -1
player 0 bought silver 0
player 0 score: 35
player 0 turn ending
player 1 turn start
player 1 played embargo 0
player 1 bought copper 0
player 1 score: 0
player 1 turn ending
player 2 turn start
player 2 played adventurer 0
player 2 bought province 0
player 2 score: 13
player 2 turn ending
player 0 turn start
player 0 bought tribute 0
player 0 score: 36
player 0 turn ending
player 1 turn start
player 1 bought estate 0
player 1 score: 8
player 1 turn ending
player 2 turn start
player 2 played adventurer -1
player 2 bought duchy 0
player 2 score: 22
player 2 turn ending
player 0 turn start
player 0 bought gold 0
player 0 score: 1
player 0 turn ending
player 1 turn start
player 1 score: 8
player 1 turn ending
player 2 turn start
player 2 played sea_hag 0
player 2 bought silver 0
player 2 score: 29
player 2 turn ending
player 0 turn start
player 0 played tribute -1
player 0 bought adventurer 0
player 0 score: 3
player 0 turn ending
player 1 turn start
player 1 played embargo -1
player 1 bought copper 0
player 1 score: 7
player 1 turn ending
player 2 turn start
player 2 score: 33
player 2 turn ending
player 0 turn start
player 0 played embargo 0
player 0 bought province 0
player 0 score: 10
player 0 turn ending
player 1 turn start
player 1 score: 7
player 1 turn ending
player 2 turn start
player 2 played village 0
player 2 bought sea_hag 0
player 2 score: 1
player 2 turn ending
player 0 turn start
player 0 played village -1
player 0 bought gold 0
player 0 score: 22
player 0 turn ending
player 1 turn start
player 1 bought silver 0
player 1 score: 14
player 1 turn ending
player 2 turn start
player 2 bought sea_hag 0
player 2 score: 8
player 2 turn ending
player 0 turn start
player 0 bought province 0
player 0 score: 29
player 0 turn ending
player 1 turn start
player 1 bought copper 0
player 1 score: 1
player 1 turn ending
player 2 turn start
player 2 played sea_hag -1
player 2 score: 19
player 2 turn ending
player 0 turn start
player 0 played mine -1
player 0 bought embargo 0
player 0 score: 30
player 0 turn ending
player 1 turn start
player 1 bought gold 0
player 1 score: 8
player 1 turn ending
player 2 turn start
player 2 bought gold 0
player 2 score: 25
player 2 turn ending
player 0 turn start
player 0 bought gold 0
player 0 score: 33
player 0 turn ending
player 1 turn start
player 1 bought silver 0
player 1 score: 8
player 1 turn ending
player 2 turn start
player 2 bought silver 0
player 2 score: 36
player 2 turn ending
player 0 turn start
player 0 played smithy -1
player 0 score: 12
player 0 turn ending
player 1 turn start
player 1 score: 8
player 1 turn ending
player 2 turn start
player 2 bought province 0
player 2 score: 43
player 2 turn ending
player 0 turn start
player 0 played adventurer 0
player 0 bought adventurer 0
player 0 score: 14
player 0 turn ending
player 1 turn start
player 1 bought estate 0
player 1 score: 9
player 1 turn ending
player 2 turn start
player 2 played adventurer -1
player 2 bought silver 0
player 2 score: 7
player 2 turn ending
player 0 turn start
player 0 bought province 0
player 0 score: 21
player 0 turn ending
player 1 turn start
player 1 bought copper 0
player 1 score: 16
player 1 turn ending
player 2 turn start
player 2 played adventurer -1
player 2 bought silver -1
player 2 score: 13
player 2 turn ending
player 0 turn start
player 0 played embargo -1
player 0 bought estate 0
player 0 score: 22
player 0 turn ending
player 1 turn start
player 1 bought embargo 0
player 1 score: 1
player 1 turn ending
player 2 turn start
player 2 played embargo -1
player 2 bought silver -1
player 2 score: 26
player 2 turn ending
player 0 turn start
player 0 bought village 0
player 0 score: 35
player 0 turn ending
player 1 turn start
player 1 bought embargo -1
player 1 score: 1
player 1 turn ending
player 2 turn start
player 2 played sea_hag -1
player 2 bought gold 0
player 2 score: 28
player 2 turn ending
player 0 turn start
player 0 played mine -1
player 0 bought province 0
player 0 score: 42
player 0 turn ending
game over player 0 won
test 0 passed
FOR SEED 2
player 0 turn start
player 0 bought silver 0
player 0 score: 2
player 0 turn ending
player 1 turn start
player 1 bought embargo 0
player 1 score: 2
player 1 turn ending
player 2 turn start
player 2 bought silver 0
player 2 score: 2
player 2 turn ending
player 0 turn start
player 0 bought silver 0
player 0 score: 6
player 0 turn ending
player 1 turn start
player 1 bought silver 0
player 1 score: 6
player 1 turn ending
player 2 turn start
player 2 bought silver 0
player 2 score: 5
player 2 turn ending
player 0 turn start
player 0 bought silver 0
player 0 score: 2
player 0 turn ending
player 1 turn start
player 1 bought gardens 0
player 1 score: 2
player 1 turn ending
player 2 turn start
player 2 bought silver 0
player 2 score: 2
player 2 turn ending
player 0 turn start
player 0 bought smithy 0
player 0 score: 4
player 0 turn ending
player 1 turn start
player 1 bought embargo 0
player 1 score: 4
player 1 turn ending
player 2 turn start
player 2 score: 3
player 2 turn ending
player 0 turn start
player 0 bought gold 0
player 0 score: 0
player 0 turn ending
player 1 turn start
player 1 bought embargo 0
player 1 score: 1
player 1 turn ending
player 2 turn start
player 2 score: 1
player 2 turn ending
player 0 turn start
player 0 played smithy -1
player 0 bought estate 0
player 0 score: 6
player 0 turn ending
player 1 turn start
player 1 bought silver 0
player 1 score: 4
player 1 turn ending
player 2 turn start
player 2 bought embargo 0
player 2 score: 3
player 2 turn ending
player 0 turn start
player 0 bought gold 0
player 0 score: 1
player 0 turn ending
player 1 turn start
player 1 played embargo 0
player 1 bought silver 0
player 1 score: 1
player 1 turn ending
player 2 turn start
player 2 played embargo -1
player 2 bought estate 0
player 2 score: 2
player 2 turn ending
player 0 turn start
player 0 bought estate 0
player 0 score: 5
player 0 turn ending
player 1 turn start
player 1 played embargo -1
player 1 bought estate 0
player 1 score: 4
player 1 turn ending
player 2 turn start
player 2 bought gold 0
player 2 score: 5
player 2 turn ending
player 0 turn start
player 0 bought silver 0
player 0 score: 7
player 0 turn ending
player 1 turn start
player 1 bought mine 0
player 1 score: 6
player 1 turn ending
player 2 turn start
player 2 bought silver 0
player 2 score: 1
player 2 turn ending
player 0 turn start
player 0 bought silver 0
player 0 score: 1
player 0 turn ending
player 1 turn start
player 1 bought silver 0
player 1 score: 1
player 1 turn ending
player 2 turn start
player 2 bought tribute 0
player 2 score: 4
player 2 turn ending
player 0 turn start
player 0 score: 4
player 0 turn ending
player 1 turn start
player 1 bought silver 0
player 1 score: 3
player 1 turn ending
player 2 turn start
player 2 bought silver 0
player 2 score: 6
player 2 turn ending
player 0 turn start
player 0 bought village 0
player 0 score: 7
player 0 turn ending
player 1 turn start
player 1 score: 6
player 1 turn ending
player 2 turn start
player 2 bought gold 0
player 2 score: 1
player 2 turn ending
player 0 turn start
player 0 played smithy -1
player 0 bought gold 0
player 0 score: 1
player 0 turn ending
player 1 turn start
player 1 bought silver 0
player 1 score: 2
player 1 turn ending
player 2 turn start
player 2 bought gold 0
player 2 score: 4
player 2 turn ending
player 0 turn start
player 0 bought duchy 0
player 0 score: 7
player 0 turn ending
player 1 turn start
player 1 played mine -1
player 1 bought silver 0
player 1 score: 3
player 1 turn ending
player 2 turn start
player 2 played embargo -1
player 2 bought silver 0
player 2 score: 6
player 2 turn ending
player 0 turn start
player 0 bought mine 0
player 0 score: 10
player 0 turn ending
player 1 turn start
player 1 bought village 0
player 1 score: 6
player 1 turn ending
player 2 turn start
player 2 played tribute -1
player 2 bought silver 0
player 2 score: 1
player 2 turn ending
player 0 turn start
player 0 played village -1
player 0 bought silver 0
player 0 score: 12
player 0 turn ending
player 1 turn start
player 1 played embargo -1
player 1 bought silver 0
player 1 score: 5
player 1 turn ending
player 2 turn start
player 2 bought silver 0
player 2 score: 4
player 2 turn ending
player 0 turn start
player 0 bought gold 0
player 0 score: 3
player 0 turn ending
player 1 turn start
player 1 played embargo -1
player 1 bought copper 0
player 1 score: 1
player 1 turn ending
player 2 turn start
player 2 bought minion 0
player 2 score: 4
player 2 turn ending
player 0 turn start
player 0 played smithy -1
player 0 bought silver 0
player 0 score: 8
player 0 turn ending
player 1 turn start
player 1 bought village 0
player 1 score: 4
player 1 turn ending
player 2 turn start
player 2 played embargo -1
player 2 bought mine 0
player 2 score: 6
player 2 turn ending
player 0 turn start
player 0 bought province 0
player 0 score: 14
player 0 turn ending
player 1 turn start
player 1 bought village 0
player 1 score: 4
player 1 turn ending
player 2 turn start
player 2 bought village 0
player 2 score: 0
player 2 turn ending
player 0 turn start
player 0 bought smithy 0
player 0 score: 19
player 0 turn ending
player 1 turn start
player 1 played village -1
player 1 score: 6
player 1 turn ending
player 2 turn start
player 2 played embargo -1
player 2 bought village 0
player 2 score: 1
player 2 turn ending
player 0 turn start
player 0 bought village 0
player 0 score: 21
player 0 turn ending
player 1 turn start
player 1 played embargo -1
player 1 bought silver 0
player 1 score: 1
player 1 turn ending
player 2 turn start
player 2 played tribute -1
player 2 score: 4
player 2 turn ending
player 0 turn start
player 0 played village 0
player 0 score: 1
player 0 turn ending
player 1 turn start
player 1 played embargo -1
player 1 bought silver 0
player 1 score: 2
player 1 turn ending
player 2 turn start
player 2 bought gardens 0
player 2 score: 7
player 2 turn ending
player 0 turn start
player 0 bought copper 0
player 0 score: 5
player 0 turn ending
player 1 turn start
player 1 bought silver 0
player 1 score: 4
player 1 turn ending
player 2 turn start
player 2 bought province 0
player 2 score: 14
player 2 turn ending
player 0 turn start
player 0 bought gold 0
player 0 score: 13
player 0 turn ending
player 1 turn start
player 1 score: 6
player 1 turn ending
player 2 turn start
player 2 played minion 0
player 2 bought embargo 0
player 2 score: 2
player 2 turn ending
player 0 turn start
player 0 played mine -1
player 0 bought embargo 0
player 0 score: 15
player 0 turn ending
player 1 turn start
player 1 bought silver 0
player 1 score: 6
player 1 turn ending
player 2 turn start
player 2 played village -1
player 2 bought sea_hag 0
player 2 score: 2
player 2 turn ending
player 0 turn start
player 0 bought silver 0
player 0 score: 27
player 0 turn ending
player 1 turn start
player 1 played embargo -1
player 1 bought silver 0
player 1 score: 1
player 1 turn ending
player 2 turn start
player 2 bought estate 0
player 2 score: 4
player 2 turn ending
player 0 turn start
player 0 played smithy -1
player 0 bought adventurer 0
player 0 score: 2
player 0 turn ending
player 1 turn start
player 1 bought province 0
player 1 score: 8
player 1 turn ending
player 2 turn start
player 2 played tribute -1
player 2 bought copper 0
player 2 score: 18
player 2 turn ending
player 0 turn start
player 0 played smithy -1
player 0 bought gardens 0
player 0 score: 2
player 0 turn ending
player 1 turn start
player 1 bought gold 0
player 1 score: 9
player 1 turn ending
player 2 turn start
player 2 bought silver 0
player 2 score: 19
player 2 turn ending
player 0 turn start
player 0 bought adventurer 0
player 0 score: 13
player 0 turn ending
player 1 turn start
player 1 played village -1
player 1 bought embargo 0
player 1 score: 11
player 1 turn ending
player 2 turn start
player 2 score: 21
player 2 turn ending
player 0 turn start
player 0 bought silver 0
player 0 score: 15
player 0 turn ending
player 1 turn start
player 1 played embargo -1
player 1 bought embargo 0
player 1 score: 12
player 1 turn ending
player 2 turn start
player 2 bought estate 0
player 2 score: 4
player 2 turn ending
player 0 turn start
player 0 played village 0
player 0 bought gold 0
player 0 score: 26
player 0 turn ending
player 1 turn start
player 1 played village 0
player 1 bought silver 0
player 1 score: 11
player 1 turn ending
player 2 turn start
player 2 bought gold 0
player 2 score: 5
player 2 turn ending
player 0 turn start
player 0 bought adventurer 0
player 0 score: 26
player 0 turn ending
player 1 turn start
player 1 bought gold 0
player 1 score: 1
player 1 turn ending
player 2 turn start
player 2 bought copper 0
player 2 score: 6
player 2 turn ending
player 0 turn start
player 0 played adventurer -1
player 0 bought copper 0
player 0 score: 4
player 0 turn ending
player 1 turn start
player 1 bought silver 0
player 1 score: 3
player 1 turn ending
player 2 turn start
player 2 played embargo -1
player 2 bought silver 0
player 2 score: 18
player 2 turn ending
player 0 turn start
player 0 bought province 0
player 0 score: 11
player 0 turn ending
player 1 turn start
player 1 played embargo 0
player 1 bought province 0
player 1 score: 10
player 1 turn ending
player 2 turn start
player 2 bought silver 0
player 2 score: 19
player 2 turn ending
player 0 turn start
player 0 score: 13
player 0 turn ending
player 1 turn start
player 1 played embargo 0
player 1 bought silver 0
player 1 score: 22
player 1 turn ending
player 2 turn start
player 2 score: 20
player 2 turn ending
player 0 turn start
player 0 played smithy -1
player 0 bought silver 0
player 0 score: 20
player 0 turn ending
player 1 turn start
player 1 bought gold 0
player 1 score: 23
player 1 turn ending
player 2 turn start
player 2 bought gold 0
player 2 score: 0
player 2 turn ending
player 0 turn start
player 0 score: 26
player 0 turn ending
player 1 turn start
player 1 bought gold 0
player 1 score: 25
player 1 turn ending
player 2 turn start
player 2 bought estate 0
player 2 score: 4
player 2 turn ending
player 0 turn start
player 0 played adventurer -1
player 0 bought copper 0
player 0 score: 29
player 0 turn ending
player 1 turn start
player 1 played embargo 0
player 1 bought estate 0
player 1 score: 27
player 1 turn ending
player 2 turn start
player 2 played village 0
player 2 bought embargo 0
player 2 score: 6
player 2 turn ending
player 0 turn start
player 0 bought mine 0
player 0 score: 30
player 0 turn ending
player 1 turn start
player 1 bought smithy 0
player 1 score: 7
player 1 turn ending
player 2 turn start
player 2 played mine -1
player 2 bought silver 0
player 2 score: 13
player 2 turn ending
player 0 turn start
player 0 played adventurer -1
player 0 bought mine 0
player 0 score: 3
player 0 turn ending
player 1 turn start
player 1 bought minion 0
player 1 score: 9
player 1 turn ending
player 2 turn start
player 2 bought province 0
player 2 score: 26
player 2 turn ending
player 0 turn start
player 0 bought silver 0
player 0 score: 9
player 0 turn ending
player 1 turn start
player 1 bought gold 0
player 1 score: 16
player 1 turn ending
player 2 turn start
player 2 bought gold 0
player 2 score: 30
player 2 turn ending
player 0 turn start
player 0 bought silver 0
player 0 score: 19
player 0 turn ending
player 1 turn start
player 1 played embargo 0
player 1 score: 17
player 1 turn ending
player 2 turn start
player 2 played embargo -1
player 2 score: 30
player 2 turn ending
player 0 turn start
player 0 played smithy -1
player 0 bought silver -1
player 0 score: 20
player 0 turn ending
player 1 turn start
player 1 played mine -1
player 1 bought gold 0
player 1 score: 17
player 1 turn ending
player 2 turn start
player 2 played embargo -1
player 2 bought gardens 0
player 2 score: 0
player 2 turn ending
player 0 turn start
player 0 played adventurer 0
player 0 bought embargo 0
player 0 score: 20
player 0 turn ending
player 1 turn start
player 1 bought tribute 0
player 1 score: 18
player 1 turn ending
player 2 turn start
player 2 score: 1
player 2 turn ending
player 0 turn start
player 0 bought silver -1
player 0 score: 30
player 0 turn ending
player 1 turn start
player 1 played embargo 0
player 1 bought gold 0
player 1 score: 26
player 1 turn ending
player 2 turn start
player 2 bought silver -1
player 2 score: 15
player 2 turn ending
player 0 turn start
player 0 bought copper 0
player 0 score: 31
player 0 turn ending
player 1 turn start
player 1 bought sea_hag 0
player 1 score: 34
player 1 turn ending
player 2 turn start
player 2 played sea_hag -1
player 2 bought minion 0
player 2 score: 17
player 2 turn ending
player 0 turn start
player 0 played smithy -1
player 0 bought village 0
player 0 score: 34
player 0 turn ending
player 1 turn start
player 1 bought province 0
player 1 score: 7
player 1 turn ending
player 2 turn start
player 2 bought silver -1
player 2 score: 20
player 2 turn ending
player 0 turn start
player 0 bought silver -1
player 0 score: 3
player 0 turn ending
player 1 turn start
player 1 bought village 0
player 1 score: 20
player 1 turn ending
player 2 turn start
player 2 bought silver -1
player 2 score: 23
player 2 turn ending
player 0 turn start
player 0 played adventurer -1
player 0 bought silver -1
player 0 score: 3
player 0 turn ending
player 1 turn start
player 1 bought province 0
player 1 score: 28
player 1 turn ending
player 2 turn start
player 2 played mine -1
player 2 bought silver -1
player 2 score: 35
player 2 turn ending
player 0 turn start
player 0 played adventurer -1
player 0 bought silver -1
player 0 score: 16
player 0 turn ending
player 1 turn start
player 1 played village -1
player 1 bought copper 0
player 1 score: 29
player 1 turn ending
player 2 turn start
player 2 played embargo -1
player 2 bought province 0
player 2 score: 44
player 2 turn ending
player 0 turn start
player 0 bought duchy 0
player 0 score: 21
player 0 turn ending
player 1 turn start
player 1 played sea_hag -1
player 1 bought province 0
player 1 score: 35
player 1 turn ending
player 2 turn start
player 2 bought minion 0
player 2 score: 1
player 2 turn ending
player 0 turn start
player 0 played embargo -1
player 0 bought silver -1
player 0 score: 22
player 0 turn ending
player 1 turn start
player 1 bought silver -1
player 1 score: 36
player 1 turn ending
player 2 turn start
player 2 bought gold 0
player 2 score: 8
player 2 turn ending
player 0 turn start
player 0 played smithy -1
player 0 bought gold 0
player 0 score: 25
player 0 turn ending
player 1 turn start
player 1 bought gold 0
player 1 score: 43
player 1 turn ending
player 2 turn start
player 2 played embargo -1
player 2 bought silver -1
player 2 score: 16
player 2 turn ending
player 0 turn start
player 0 bought province 0
player 0 score: 31
player 0 turn ending
player 1 turn start
player 1 played mine -1
player 1 score: 45
player 1 turn ending
player 2 turn start
player 2 bought silver -1
player 2 score: 22
player 2 turn ending
player 0 turn start
player 0 bought adventurer 0
player 0 score: 39
player 0 turn ending
player 1 turn start
player 1 bought sea_hag 0
player 1 score: 50
player 1 turn ending
player 2 turn start
player 2 bought mine 0
player 2 score: 26
player 2 turn ending
player 0 turn start
player 0 played embargo -1
player 0 bought estate 0
player 0 score: 47
player 0 turn ending
player 1 turn start
player 1 played mine -1
player 1 bought silver -1
player 1 score: 0
player 1 turn ending
player 2 turn start
player 2 played mine -1
player 2 bought copper 0
player 2 score: 34
player 2 turn ending
player 0 turn start
player 0 played mine -1
player 0 bought gold 0
player 0 score: 0
player 0 turn ending
player 1 turn start
player 1 bought mine 0
player 1 score: 12
player 1 turn ending
player 2 turn start
player 2 bought gold 0
player 2 score: 40
player 2 turn ending
player 0 turn start
player 0 bought estate 0
player 0 score: 10
player 0 turn ending
player 1 turn start
player 1 bought province 0
player 1 score: 26
player 1 turn ending
game over player 0 won
test 0 passed
FOR SEED 3
player 0 turn start
player 0 bought silver 0
player 0 score: 3
player 0 turn ending
player 1 turn start
player 1 bought silver 0
player 1 score: 3
player 1 turn ending
player 2 turn start
player 2 bought silver 0
player 2 score: 2
player 2 turn ending
player 0 turn start
player 0 bought silver 0
player 0 score: 4
player 0 turn ending
player 1 turn start
player 1 bought silver 0
player 1 score: 4
player 1 turn ending
player 2 turn start
player 2 bought silver 0
player 2 score: 5
player 2 turn ending
player 0 turn start
player 0 bought gold 0
player 0 score: 0
player 0 turn ending
player 1 turn start
player 1 bought gardens 0
player 1 score: 1
player 1 turn ending
player 2 turn start
player 2 bought silver 0
player 2 score: 3
player 2 turn ending
player 0 turn start
player 0 bought smithy 0
player 0 score: 5
player 0 turn ending
player 1 turn start
player 1 bought gardens 0
player 1 score: 5
player 1 turn ending
player 2 turn start
player 2 score: 3
player 2 turn ending
player 0 turn start
player 0 played smithy -1
player 0 bought silver 0
player 0 score: 1
player 0 turn ending
player 1 turn start
player 1 bought silver 0
player 1 score: 1
player 1 turn ending
player 2 turn start
player 2 bought mine 0
player 2 score: 2
player 2 turn ending
player 0 turn start
player 0 bought duchy 0
player 0 score: 6
player 0 turn ending
player 1 turn start
player 1 bought silver 0
player 1 score: 4
player 1 turn ending
player 2 turn start
player 2 bought embargo 0
player 2 score: 4
player 2 turn ending
player 0 turn start
player 0 bought silver 0
player 0 score: 1
player 0 turn ending
player 1 turn start
player 1 bought silver 0
player 1 score: 0
player 1 turn ending
player 2 turn start
player 2 score: 1
player 2 turn ending
player 0 turn start
player 0 played smithy -1
player 0 bought silver 0
player 0 score: 6
player 0 turn ending
player 1 turn start
player 1 bought silver 0
player 1 score: 3
player 1 turn ending
player 2 turn start
player 2 played mine -1
player 2 bought tribute 0
player 2 score: 3
player 2 turn ending
player 0 turn start
player 0 bought gold 0
player 0 score: 10
player 0 turn ending
player 1 turn start
player 1 bought gardens 0
player 1 score: 5
player 1 turn ending
player 2 turn start
player 2 played embargo 0
player 2 score: 6
player 2 turn ending
player 0 turn start
player 0 played smithy -1
player 0 bought copper 0
player 0 score: 5
player 0 turn ending
player 1 turn start
player 1 bought gold 0
player 1 score: 1
player 1 turn ending
player 2 turn start
player 2 bought duchy 0
player 2 score: 5
player 2 turn ending
player 0 turn start
player 0 bought duchy 0
player 0 score: 9
player 0 turn ending
player 1 turn start
player 1 score: 2
player 1 turn ending
player 2 turn start
player 2 played mine -1
player 2 bought silver 0
player 2 score: 6
player 2 turn ending
player 0 turn start
player 0 bought gold 0
player 0 score: 10
player 0 turn ending
player 1 turn start
player 1 bought silver 0
player 1 score: 4
player 1 turn ending
player 2 turn start
player 2 played tribute 0
player 2 bought silver 0
player 2 score: 9
player 2 turn ending
player 0 turn start
player 0 bought gold 0
player 0 score: 4
player 0 turn ending
player 1 turn start
player 1 bought gold 0
player 1 score: 0
player 1 turn ending
player 2 turn start
player 2 played tribute -1
player 2 bought silver 0
player 2 score: 1
player 2 turn ending
player 0 turn start
player 0 bought gold 0
player 0 score: 9
player 0 turn ending
player 1 turn start
player 1 score: 3
player 1 turn ending
player 2 turn start
player 2 played mine -1
player 2 bought embargo 0
player 2 score: 3
player 2 turn ending
player 0 turn start
player 0 bought silver 0
player 0 score: 14
player 0 turn ending
player 1 turn start
player 1 bought village 0
player 1 score: 3
player 1 turn ending
player 2 turn start
player 2 bought silver 0
player 2 score: 11
player 2 turn ending
player 0 turn start
player 0 bought duchy 0
player 0 score: 3
player 0 turn ending
player 1 turn start
player 1 bought gold 0
player 1 score: 6
player 1 turn ending
player 2 turn start
player 2 bought gold 0
player 2 score: 3
player 2 turn ending
player 0 turn start
player 0 bought silver 0
player 0 score: 6
player 0 turn ending
player 1 turn start
player 1 bought gardens 0
player 1 score: 1
player 1 turn ending
player 2 turn start
player 2 bought silver 0
player 2 score: 6
player 2 turn ending
player 0 turn start
player 0 bought copper 0
player 0 score: 20
player 0 turn ending
player 1 turn start
player 1 bought estate 0
player 1 score: 4
player 1 turn ending
player 2 turn start
player 2 bought minion 0
player 2 score: 8
player 2 turn ending
player 0 turn start
player 0 bought embargo 0
player 0 score: 20
player 0 turn ending
player 1 turn start
player 1 bought embargo 0
player 1 score: 4
player 1 turn ending
player 2 turn start
player 2 played mine -1
player 2 score: 12
player 2 turn ending
player 0 turn start
player 0 played embargo -1
player 0 bought minion 0
player 0 score: 0
player 0 turn ending
player 1 turn start
player 1 bought copper 0
player 1 score: 5
player 1 turn ending
player 2 turn start
player 2 played tribute -1
player 2 bought silver 0
player 2 score: 1
player 2 turn ending
player 0 turn start
player 0 bought gardens 0
player 0 score: 6
player 0 turn ending
player 1 turn start
player 1 bought gold 0
player 1 score: 1
player 1 turn ending
player 2 turn start
player 2 bought silver 0
player 2 score: 4
player 2 turn ending
player 0 turn start
player 0 played smithy -1
player 0 bought estate 0
player 0 score: 15
player 0 turn ending
player 1 turn start
player 1 played embargo -1
player 1 bought copper 0
player 1 score: 2
player 1 turn ending
player 2 turn start
player 2 bought gold 0
player 2 score: 8
player 2 turn ending
player 0 turn start
player 0 bought gold 0
player 0 score: 19
player 0 turn ending
player 1 turn start
player 1 bought minion 0
player 1 score: 4
player 1 turn ending
player 2 turn start
player 2 played embargo 0
player 2 bought sea_hag 0
player 2 score: 11
player 2 turn ending
player 0 turn start
player 0 bought silver 0
player 0 score: 24
player 0 turn ending
player 1 turn start
player 1 bought copper 0
player 1 score: 6
player 1 turn ending
player 2 turn start
player 2 bought province 0
player 2 score: 7
player 2 turn ending
player 0 turn start
player 0 bought village 0
player 0 score: 2
player 0 turn ending
player 1 turn start
player 1 played village -1
player 1 bought silver 0
player 1 score: 6
player 1 turn ending
player 2 turn start
player 2 bought silver 0
player 2 score: 12
player 2 turn ending
player 0 turn start
player 0 bought province 0
player 0 score: 12
player 0 turn ending
player 1 turn start
player 1 bought gold 0
player 1 score: 0
player 1 turn ending
player 2 turn start
player 2 played minion 0
player 2 bought province 0
player 2 score: 18
player 2 turn ending
player 0 turn start
player 0 bought gold 0
player 0 score: 15
player 0 turn ending
player 1 turn start
player 1 played minion -1
player 1 bought silver 0
player 1 score: 3
player 1 turn ending
player 2 turn start
player 2 bought silver 0
player 2 score: 21
player 2 turn ending
player 0 turn start
player 0 score: 21
player 0 turn ending
player 1 turn start
player 1 bought province 0
player 1 score: 10
player 1 turn ending
player 2 turn start
player 2 score: 21
player 2 turn ending
player 0 turn start
player 0 bought mine 0
player 0 score: 23
player 0 turn ending
player 1 turn start
player 1 played embargo -1
player 1 bought province 0
player 1 score: 16
player 1 turn ending
player 2 turn start
player 2 bought sea_hag 0
player 2 score: 4
player 2 turn ending
player 0 turn start
player 0 bought silver 0
player 0 score: 4
player 0 turn ending
player 1 turn start
player 1 played village -1
player 1 bought silver 0
player 1 score: 17
player 1 turn ending
player 2 turn start
player 2 score: 12
player 2 turn ending
player 0 turn start
player 0 bought silver 0
player 0 score: 14
player 0 turn ending
player 1 turn start
player 1 bought silver 0
player 1 score: 19
player 1 turn ending
player 2 turn start
player 2 score: 18
player 2 turn ending
player 0 turn start
player 0 bought silver 0
player 0 score: 15
player 0 turn ending
player 1 turn start
player 1 played village -1
player 1 bought silver 0
player 1 score: 0
player 1 turn ending
player 2 turn start
player 2 played minion -1
player 2 bought silver 0
player 2 score: 18
player 2 turn ending
player 0 turn start
player 0 bought province 0
player 0 score: 22
player 0 turn ending
player 1 turn start
player 1 bought gardens 0
player 1 score: 1
player 1 turn ending
player 2 turn start
player 2 played sea_hag -1
player 2 bought silver 0
player 2 score: 25
player 2 turn ending
player 0 turn start
player 0 played embargo -1
player 0 bought sea_hag 0
player 0 score: 31
player 0 turn ending
player 1 turn start
player 1 bought gold 0
player 1 score: 3
player 1 turn ending
player 2 turn start
player 2 bought gardens 0
player 2 score: 35
player 2 turn ending
player 0 turn start
player 0 score: 35
player 0 turn ending
player 1 turn start
player 1 bought copper 0
player 1 score: 16
player 1 turn ending
player 2 turn start
player 2 bought gold 0
player 2 score: 1
player 2 turn ending
player 0 turn start
player 0 score: 6
player 0 turn ending
player 1 turn start
player 1 bought silver 0
player 1 score: 29
player 1 turn ending
player 2 turn start
player 2 played minion -1
player 2 bought silver 0
player 2 score: 1
player 2 turn ending
player 0 turn start
player 0 bought province 0
player 0 score: 13
player 0 turn ending
player 1 turn start
player 1 score: 30
player 1 turn ending
player 2 turn start
player 2 bought gold 0
player 2 score: 14
player 2 turn ending
player 0 turn start
player 0 played embargo -1
player 0 bought gold 0
player 0 score: 23
player 0 turn ending
player 1 turn start
player 1 played minion -1
player 1 bought village 0
player 1 score: 31
player 1 turn ending
player 2 turn start
player 2 bought gold 0
player 2 score: 19
player 2 turn ending
player 0 turn start
player 0 played minion 0
player 0 bought silver 0
player 0 score: 30
player 0 turn ending
player 1 turn start
player 1 bought gold 0
player 1 score: 1
player 1 turn ending
player 2 turn start
player 2 bought embargo 0
player 2 score: 35
player 2 turn ending
player 0 turn start
player 0 played village 0
player 0 bought silver -1
player 0 score: 40
player 0 turn ending
player 1 turn start
player 1 bought province 0
player 1 score: 9
player 1 turn ending
player 2 turn start
player 2 played mine -1
player 2 score: 35
player 2 turn ending
player 0 turn start
player 0 played mine -1
player 0 bought minion 0
player 0 score: 42
player 0 turn ending
player 1 turn start
player 1 bought gold 0
player 1 score: 15
player 1 turn ending
player 2 turn start
player 2 played sea_hag -1
player 2 bought gold 0
player 2 score: 34
player 2 turn ending
player 0 turn start
player 0 bought village 0
player 0 score: 0
player 0 turn ending
player 1 turn start
player 1 score: 21
player 1 turn ending
player 2 turn start
player 2 bought embargo 0
player 2 score: 6
player 2 turn ending
player 0 turn start
player 0 played embargo -1
player 0 bought adventurer 0
player 0 score: 2
player 0 turn ending
player 1 turn start
player 1 played embargo -1
player 1 bought copper 0
player 1 score: 22
player 1 turn ending
player 2 turn start
player 2 played sea_hag -1
player 2 bought silver -1
player 2 score: 7
player 2 turn ending
player 0 turn start
player 0 bought gardens 0
player 0 score: 15
player 0 turn ending
player 1 turn start
player 1 bought silver -1
player 1 score: 29
player 1 turn ending
player 2 turn start
player 2 played minion -1
player 2 bought estate 0
player 2 score: 10
player 2 turn ending
player 0 turn start
player 0 played mine -1
player 0 score: 33
player 0 turn ending
player 1 turn start
player 1 played minion -1
player 1 bought embargo 0
player 1 score: 35
player 1 turn ending
player 2 turn start
player 2 bought silver -1
player 2 score: 19
player 2 turn ending
player 0 turn start
player 0 bought province 0
player 0 score: 58
player 0 turn ending
player 1 turn start
player 1 bought estate 0
player 1 score: 37
player 1 turn ending
player 2 turn start
player 2 played sea_hag -1
player 2 bought mine 0
player 2 score: 19
player 2 turn ending
player 0 turn start
player 0 played minion -1
player 0 bought gold 0
player 0 score: 60
player 0 turn ending
player 1 turn start
player 1 bought silver -1
player 1 score: 33
player 1 turn ending
player 2 turn start
player 2 bought province 0
player 2 score: 35
player 2 turn ending
player 0 turn start
player 0 played sea_hag 0
player 0 bought gold 0
player 0 score: 1
player 0 turn ending
player 1 turn start
player 1 bought gold 0
player 1 score: 0
player 1 turn ending
player 2 turn start
player 2 bought gold 0
player 2 score: 36
player 2 turn ending
player 0 turn start
player 0 bought silver -1
player 0 score: 12
player 0 turn ending
player 1 turn start
player 1 bought silver -1
player 1 score: 2
player 1 turn ending
player 2 turn start
player 2 played embargo -1
player 2 bought silver -1
player 2 score: 0
player 2 turn ending
player 0 turn start
player 0 played embargo 0
player 0 bought gold 0
player 0 score: 24
player 0 turn ending
player 1 turn start
player 1 played village 0
player 1 bought gold 0
player 1 score: 15
player 1 turn ending
player 2 turn start
player 2 bought province 0
player 2 score: 10
player 2 turn ending
player 0 turn start
player 0 bought province 0
player 0 score: 33
player 0 turn ending
game over player 0 won
test 0 passed
FOR SEED 4
player 0 turn start
player 0 bought silver 0
player 0 score: 3
player 0 turn ending
player 1 turn start
player 1 bought embargo 0
player 1 score: 1
player 1 turn ending
player 2 turn start
player 2 bought silver 0
player 2 score: 3
player 2 turn ending
player 0 turn start
player 0 bought silver 0
player 0 score: 5
player 0 turn ending
player 1 turn start
player 1 bought silver 0
player 1 score: 6
player 1 turn ending
player 2 turn start
player 2 bought silver 0
player 2 score: 4
player 2 turn ending
player 0 turn start
player 0 bought silver 0
player 0 score: 1
player 0 turn ending
player 1 turn start
player 1 bought estate 0
player 1 score: 3
player 1 turn ending
player 2 turn start
player 2 bought silver 0
player 2 score: 1
player 2 turn ending
player 0 turn start
player 0 bought smithy 0
player 0 score: 5
player 0 turn ending
player 1 turn start
player 1 bought gardens 0
player 1 score: 5
player 1 turn ending
player 2 turn start
player 2 score: 3
player 2 turn ending
player 0 turn start
player 0 bought silver 0
player 0 score: 1
player 0 turn ending
player 1 turn start
player 1 bought smithy 0
player 1 score: 1
player 1 turn ending
player 2 turn start
player 2 score: 1
player 2 turn ending
player 0 turn start
player 0 played smithy -1
player 0 bought silver 0
player 0 score: 4
player 0 turn ending
player 1 turn start
player 1 bought copper 0
player 1 score: 6
player 1 turn ending
player 2 turn start
player 2 bought estate 0
player 2 score: 6
player 2 turn ending
player 0 turn start
player 0 bought gold 0
player 0 score: 1
player 0 turn ending
player 1 turn start
player 1 played embargo 0
player 1 bought silver 0
player 1 score: 1
player 1 turn ending
player 2 turn start
player 2 bought duchy 0
player 2 score: 4
player 2 turn ending
player 0 turn start
player 0 played smithy -1
player 0 bought estate 0
player 0 score: 4
player 0 turn ending
player 1 turn start
player 1 bought embargo 0
player 1 score: 4
player 1 turn ending
player 2 turn start
player 2 bought tribute 0
player 2 score: 8
player 2 turn ending
player 0 turn start
player 0 bought silver 0
player 0 score: 5
player 0 turn ending
player 1 turn start
player 1 bought sea_hag 0
player 1 score: 7
player 1 turn ending
player 2 turn start
player 2 score: 3
player 2 turn ending
player 0 turn start
player 0 bought embargo 0
player 0 score: 1
player 0 turn ending
player 1 turn start
player 1 bought silver 0
player 1 score: 1
player 1 turn ending
player 2 turn start
player 2 bought gold 0
player 2 score: 7
player 2 turn ending
player 0 turn start
player 0 score: 4
player 0 turn ending
player 1 turn start
player 1 played smithy 0
player 1 bought silver 0
player 1 score: 4
player 1 turn ending
player 2 turn start
player 2 bought silver 0
player 2 score: 11
player 2 turn ending
player 0 turn start
player 0 bought village 0
player 0 score: 6
player 0 turn ending
player 1 turn start
player 1 score: 7
player 1 turn ending
player 2 turn start
player 2 bought gold 0
player 2 score: 1
player 2 turn ending
player 0 turn start
player 0 bought gold 0
player 0 score: 1
player 0 turn ending
player 1 turn start
player 1 bought copper 0
player 1 score: 0
player 1 turn ending
player 2 turn start
player 2 bought silver 0
player 2 score: 7
player 2 turn ending
player 0 turn start
player 0 played smithy -1
player 0 bought tribute 0
player 0 score: 2
player 0 turn ending
player 1 turn start
player 1 played embargo -1
player 1 bought silver 0
player 1 score: 2
player 1 turn ending
player 2 turn start
player 2 bought estate 0
player 2 score: 14
player 2 turn ending
player 0 turn start
player 0 played embargo 0
player 0 bought estate 0
player 0 score: 7
player 0 turn ending
player 1 turn start
player 1 bought estate 0
player 1 score: 8
player 1 turn ending
player 2 turn start
player 2 bought gold 0
player 2 score: 2
player 2 turn ending
player 0 turn start
player 0 score: 8
player 0 turn ending
player 1 turn start
player 1 bought silver 0
player 1 score: 2
player 1 turn ending
player 2 turn start
player 2 bought gold 0
player 2 score: 5
player 2 turn ending
player 0 turn start
player 0 bought silver 0
player 0 score: 3
player 0 turn ending
player 1 turn start
player 1 bought sea_hag 0
player 1 score: 5
player 1 turn ending
player 2 turn start
player 2 bought gold 0
player 2 score: 12
player 2 turn ending
player 0 turn start
player 0 played tribute -1
player 0 bought silver 0
player 0 score: 4
player 0 turn ending
player 1 turn start
player 1 bought embargo 0
player 1 score: 5
player 1 turn ending
player 2 turn start
player 2 score: 15
player 2 turn ending
player 0 turn start
player 0 bought gold 0
player 0 score: 6
player 0 turn ending
player 1 turn start
player 1 played embargo -1
player 1 bought copper 0
player 1 score: 9
player 1 turn ending
player 2 turn start
player 2 score: 2
player 2 turn ending
player 0 turn start
player 0 bought province 0
player 0 score: 13
player 0 turn ending
player 1 turn start
player 1 bought silver 0
player 1 score: 1
player 1 turn ending
player 2 turn start
player 2 bought gold 0
player 2 score: 7
player 2 turn ending
player 0 turn start
player 0 played village -1
player 0 bought village 0
player 0 score: 1
player 0 turn ending
player 1 turn start
player 1 bought village 0
player 1 score: 2
player 1 turn ending
player 2 turn start
player 2 played tribute 0
player 2 bought province 0
player 2 score: 14
player 2 turn ending
player 0 turn start
player 0 bought copper 0
player 0 score: 8
player 0 turn ending
player 1 turn start
player 1 played embargo -1
player 1 bought village 0
player 1 score: 5
player 1 turn ending
player 2 turn start
player 2 bought province 0
player 2 score: 23
player 2 turn ending
player 0 turn start
player 0 bought gold 0
player 0 score: 10
player 0 turn ending
player 1 turn start
player 1 bought silver 0
player 1 score: 8
player 1 turn ending
player 2 turn start
player 2 bought gold 0
player 2 score: 3
player 2 turn ending
player 0 turn start
player 0 bought duchy 0
player 0 score: 20
player 0 turn ending
player 1 turn start
player 1 played sea_hag 0
player 1 bought sea_hag 0
player 1 score: 9
player 1 turn ending
player 2 turn start
player 2 bought province 0
player 2 score: 16
player 2 turn ending
player 0 turn start
player 0 played tribute 0
player 0 bought embargo 0
player 0 score: 4
player 0 turn ending
player 1 turn start
player 1 bought estate 0
player 1 score: 1
player 1 turn ending
player 2 turn start
player 2 bought copper 0
player 2 score: 22
player 2 turn ending
player 0 turn start
player 0 played village -1
player 0 bought gold 0
player 0 score: 11
player 0 turn ending
player 1 turn start
player 1 bought estate 0
player 1 score: 5
player 1 turn ending
player 2 turn start
player 2 played tribute -1
player 2 bought province 0
player 2 score: 40
player 2 turn ending
player 0 turn start
player 0 bought embargo 0
player 0 score: 11
player 0 turn ending
player 1 turn start
player 1 played sea_hag -1
player 1 score: 7
player 1 turn ending
player 2 turn start
player 2 bought province 0
player 2 score: 7
player 2 turn ending
player 0 turn start
player 0 played village -1
player 0 score: 11
player 0 turn ending
player 1 turn start
player 1 played village 0
player 1 bought gold 0
player 1 score: 7
player 1 turn ending
player 2 turn start
player 2 played tribute -1
player 2 bought copper 0
player 2 score: 26
player 2 turn ending
player 0 turn start
player 0 bought gold 0
player 0 score: 19
player 0 turn ending
player 1 turn start
player 1 played embargo -1
player 1 bought silver 0
player 1 score: 10
player 1 turn ending
player 2 turn start
player 2 bought embargo 0
player 2 score: 31
player 2 turn ending
player 0 turn start
player 0 bought copper 0
player 0 score: 3
player 0 turn ending
player 1 turn start
player 1 bought silver 0
player 1 score: 2
player 1 turn ending
player 2 turn start
player 2 bought silver 0
player 2 score: 36
player 2 turn ending
player 0 turn start
player 0 bought gold 0
player 0 score: 4
player 0 turn ending
player 1 turn start
player 1 bought silver 0
player 1 score: 3
player 1 turn ending
player 2 turn start
player 2 bought province 0
player 2 score: 55
player 2 turn ending
player 0 turn start
player 0 played village -1
player 0 score: 11
player 0 turn ending
player 1 turn start
player 1 played embargo -1
player 1 bought copper 0
player 1 score: 6
player 1 turn ending
player 2 turn start
player 2 bought gold 0
player 2 score: 7
player 2 turn ending
player 0 turn start
player 0 bought province 0
player 0 score: 23
player 0 turn ending
player 1 turn start
player 1 bought gold 0
player 1 score: 8
player 1 turn ending
player 2 turn start
player 2 bought gold 0
player 2 score: 19
player 2 turn ending
player 0 turn start
player 0 played smithy -1
player 0 bought silver 0
player 0 score: 25
player 0 turn ending
player 1 turn start
player 1 played embargo -1
player 1 bought estate 0
player 1 score: 13
player 1 turn ending
player 2 turn start
player 2 bought embargo 0
player 2 score: 34
player 2 turn ending
player 0 turn start
player 0 bought gardens 0
player 0 score: 1
player 0 turn ending
player 1 turn start
player 1 played sea_hag 0
player 1 bought gardens 0
player 1 score: 12
player 1 turn ending
player 2 turn start
player 2 score: 40
player 2 turn ending
player 0 turn start
player 0 played village -1
player 0 bought silver 0
player 0 score: 17
player 0 turn ending
player 1 turn start
player 1 bought gold 0
player 1 score: 0
player 1 turn ending
player 2 turn start
player 2 played embargo -1
player 2 bought gold 0
player 2 score: 66
player 2 turn ending
player 0 turn start
player 0 bought gold 0
player 0 score: 18
player 0 turn ending
player 1 turn start
player 1 played sea_hag -1
player 1 bought copper 0
player 1 score: 2
player 1 turn ending
player 2 turn start
player 2 bought province 0
player 2 score: 72
player 2 turn ending
player 0 turn start
player 0 played embargo -1
player 0 bought gardens 0
player 0 score: 19
player 0 turn ending
player 1 turn start
player 1 bought estate 0
player 1 score: 8
player 1 turn ending
player 2 turn start
player 2 bought gold 0
player 2 score: 7
player 2 turn ending
player 0 turn start
player 0 bought smithy 0
player 0 score: 25
player 0 turn ending
player 1 turn start
player 1 bought estate 0
player 1 score: 10
player 1 turn ending
player 2 turn start
player 2 played embargo -1
player 2 bought silver 0
player 2 score: 17
player 2 turn ending
player 0 turn start
player 0 played smithy -1
player 0 bought embargo 0
player 0 score: 31
player 0 turn ending
player 1 turn start
player 1 bought gold 0
player 1 score: 12
player 1 turn ending
player 2 turn start
player 2 bought silver 0
player 2 score: 36
player 2 turn ending
player 0 turn start
player 0 played smithy -1
player 0 bought silver 0
player 0 score: 6
player 0 turn ending
player 1 turn start
player 1 played embargo -1
player 1 score: 16
player 1 turn ending
player 2 turn start
player 2 score: 44
player 2 turn ending
player 0 turn start
player 0 bought gold 0
player 0 score: 18
player 0 turn ending
player 1 turn start
player 1 played sea_hag -1
player 1 bought gold 0
player 1 score: 17
player 1 turn ending
player 2 turn start
player 2 bought province 0
player 2 score: 56
player 2 turn ending
player 0 turn start
player 0 played smithy 0
player 0 bought silver 0
player 0 score: 18
player 0 turn ending
player 1 turn start
player 1 played sea_hag -1
player 1 bought embargo 0
player 1 score: 1
player 1 turn ending
player 2 turn start
player 2 score: 75
player 2 turn ending
player 0 turn start
player 0 score: 18
player 0 turn ending
player 1 turn start
player 1 bought mine 0
player 1 score: 4
player 1 turn ending
player 2 turn start
player 2 bought gold 0
player 2 score: 86
player 2 turn ending
player 0 turn start
player 0 bought province 0
player 0 score: 24
player 0 turn ending
player 1 turn start
player 1 bought silver 0
player 1 score: 6
player 1 turn ending
player 2 turn start
player 2 bought gold 0
player 2 score: 6
player 2 turn ending
player 0 turn start
player 0 played village -1
player 0 bought silver 0
player 0 score: 31
player 0 turn ending
player 1 turn start
player 1 bought estate 0
player 1 score: 9
player 1 turn ending
player 2 turn start
player 2 bought copper 0
player 2 score: 21
player 2 turn ending
player 0 turn start
player 0 bought province 0
player 0 score: 42
player 0 turn ending
game over player 0 won
test 0 passed
FOR SEED 5
player 0 turn start
player 0 bought silver 0
player 0 score: 2
player 0 turn ending
player 1 turn start
player 1 bought silver 0
player 1 score: 2
player 1 turn ending
player 2 turn start
player 2 bought estate 0
player 2 score: 2
player 2 turn ending
player 0 turn start
player 0 bought silver 0
player 0 score: 5
player 0 turn ending
player 1 turn start
player 1 bought silver 0
player 1 score: 5
player 1 turn ending
player 2 turn start
player 2 bought silver 0
player 2 score: 6
player 2 turn ending
player 0 turn start
player 0 bought silver 0
player 0 score: 2
player 0 turn ending
player 1 turn start
player 1 bought smithy 0
player 1 score: 1
player 1 turn ending
player 2 turn start
player 2 bought silver 0
player 2 score: 2
player 2 turn ending
player 0 turn start
player 0 bought sea_hag 0
player 0 score: 3
player 0 turn ending
player 1 turn start
player 1 bought mine 0
player 1 score: 4
player 1 turn ending
player 2 turn start
player 2 score: 6
player 2 turn ending
player 0 turn start
player 0 bought silver 0
player 0 score: 2
player 0 turn ending
player 1 turn start
player 1 bought mine 0
player 1 score: 1
player 1 turn ending
player 2 turn start
player 2 score: 1
player 2 turn ending
player 0 turn start
player 0 bought silver 0
player 0 score: 3
player 0 turn ending
player 1 turn start
player 1 bought silver 0
player 1 score: 4
player 1 turn ending
player 2 turn start
player 2 bought copper 0
player 2 score: 6
player 2 turn ending
player 0 turn start
player 0 bought gardens 0
player 0 score: 1
player 0 turn ending
player 1 turn start
player 1 played smithy -1
player 1 bought silver 0
player 1 score: 1
player 1 turn ending
player 2 turn start
player 2 score: 2
player 2 turn ending
player 0 turn start
player 0 bought silver 0
player 0 score: 3
player 0 turn ending
player 1 turn start
player 1 played mine -1
player 1 bought silver 0
player 1 score: 3
player 1 turn ending
player 2 turn start
player 2 bought estate 0
player 2 score: 6
player 2 turn ending
player 0 turn start
player 0 bought silver 0
player 0 score: 4
player 0 turn ending
player 1 turn start
player 1 bought silver 0
player 1 score: 5
player 1 turn ending
player 2 turn start
player 2 score: 2
player 2 turn ending
player 0 turn start
player 0 bought tribute 0
player 0 score: 0
player 0 turn ending
player 1 turn start
player 1 bought silver 0
player 1 score: 1
player 1 turn ending
player 2 turn start
player 2 bought estate 0
player 2 score: 7
player 2 turn ending
player 0 turn start
player 0 bought silver 0
player 0 score: 3
player 0 turn ending
player 1 turn start
player 1 played smithy -1
player 1 bought silver 0
player 1 score: 3
player 1 turn ending
player 2 turn start
player 2 bought gold 0
player 2 score: 10
player 2 turn ending
player 0 turn start
player 0 bought estate 0
player 0 score: 7
player 0 turn ending
player 1 turn start
player 1 bought mine 0
player 1 score: 4
player 1 turn ending
player 2 turn start
player 2 score: 1
player 2 turn ending
player 0 turn start
player 0 bought copper 0
player 0 score: 1
player 0 turn ending
player 1 turn start
player 1 played mine -1
player 1 bought estate 0
player 1 score: 2
player 1 turn ending
player 2 turn start
player 2 bought silver 0
player 2 score: 6
player 2 turn ending
player 0 turn start
player 0 bought gold 0
player 0 score: 2
player 0 turn ending
player 1 turn start
player 1 bought province 0
player 1 score: 8
player 1 turn ending
player 2 turn start
player 2 bought silver 0
player 2 score: 11
player 2 turn ending
player 0 turn start
player 0 bought silver 0
player 0 score: 6
player 0 turn ending
player 1 turn start
player 1 played mine -1
player 1 bought copper 0
player 1 score: 12
player 1 turn ending
player 2 turn start
player 2 score: 1
player 2 turn ending
player 0 turn start
player 0 played tribute -1
player 0 bought silver 0
player 0 score: 6
player 0 turn ending
player 1 turn start
player 1 played mine -1
player 1 score: 12
player 1 turn ending
player 2 turn start
player 2 bought silver 0
player 2 score: 6
player 2 turn ending
player 0 turn start
player 0 bought silver 0
player 0 score: 2
player 0 turn ending
player 1 turn start
player 1 played smithy 0
player 1 bought minion 0
player 1 score: 1
player 1 turn ending
player 2 turn start
player 2 bought gold 0
player 2 score: 8
player 2 turn ending
player 0 turn start
player 0 bought province 0
player 0 score: 9
player 0 turn ending
player 1 turn start
player 1 played mine -1
player 1 bought silver 0
player 1 score: 9
player 1 turn ending
player 2 turn start
player 2 bought mine 0
player 2 score: 2
player 2 turn ending
player 0 turn start
player 0 played sea_hag 0
player 0 bought duchy 0
player 0 score: 13
player 0 turn ending
player 1 turn start
player 1 score: 17
player 1 turn ending
player 2 turn start
player 2 bought province 0
player 2 score: 12
player 2 turn ending
player 0 turn start
player 0 bought province 0
player 0 score: 20
player 0 turn ending
player 1 turn start
player 1 score: 1
player 1 turn ending
player 2 turn start
player 2 bought silver 0
player 2 score: 15
player 2 turn ending
player 0 turn start
player 0 played tribute -1
player 0 bought silver 0
player 0 score: 20
player 0 turn ending
player 1 turn start
player 1 bought silver 0
player 1 score: 9
player 1 turn ending
player 2 turn start
player 2 bought silver 0
player 2 score: 3
player 2 turn ending
player 0 turn start
player 0 bought silver 0
player 0 score: 2
player 0 turn ending
player 1 turn start
player 1 bought sea_hag 0
player 1 score: 9
player 1 turn ending
player 2 turn start
player 2 bought silver 0
player 2 score: 11
player 2 turn ending
player 0 turn start
player 0 bought tribute 0
player 0 score: 5
player 0 turn ending
player 1 turn start
player 1 bought gold 0
player 1 score: 16
player 1 turn ending
player 2 turn start
player 2 bought silver 0
player 2 score: 13
player 2 turn ending
player 0 turn start
player 0 bought silver 0
player 0 score: 19
player 0 turn ending
player 1 turn start
player 1 played mine -1
player 1 bought silver 0
player 1 score: 0
player 1 turn ending
player 2 turn start
player 2 bought minion 0
player 2 score: 22
player 2 turn ending
player 0 turn start
player 0 bought gold 0
player 0 score: 19
player 0 turn ending
player 1 turn start
player 1 played sea_hag 0
player 1 bought estate 0
player 1 score: 8
player 1 turn ending
player 2 turn start
player 2 played minion -1
player 2 bought tribute 0
player 2 score: 0
player 2 turn ending
player 0 turn start
player 0 bought gardens 0
player 0 score: 20
player 0 turn ending
player 1 turn start
player 1 bought gold 0
player 1 score: 10
player 1 turn ending
player 2 turn start
player 2 bought silver 0
player 2 score: 11
player 2 turn ending
player 0 turn start
player 0 bought silver 0
player 0 score: 3
player 0 turn ending
player 1 turn start
player 1 bought adventurer 0
player 1 score: 12
player 1 turn ending
player 2 turn start
player 2 bought province 0
player 2 score: 19
player 2 turn ending
player 0 turn start
player 0 played sea_hag 0
player 0 bought duchy 0
player 0 score: 7
player 0 turn ending
player 1 turn start
player 1 played minion -1
player 1 bought gold 0
player 1 score: 0
player 1 turn ending
player 2 turn start
player 2 bought silver 0
player 2 score: 28
player 2 turn ending
player 0 turn start
player 0 bought silver 0
player 0 score: 14
player 0 turn ending
player 1 turn start
player 1 played mine -1
player 1 bought copper 0
player 1 score: 7
player 1 turn ending
player 2 turn start
player 2 played tribute -1
player 2 bought silver 0
player 2 score: 7
player 2 turn ending
player 0 turn start
player 0 bought tribute 0
player 0 score: 17
player 0 turn ending
player 1 turn start
player 1 bought silver 0
player 1 score: 9
player 1 turn ending
player 2 turn start
player 2 bought gardens 0
player 2 score: 10
player 2 turn ending
player 0 turn start
player 0 bought embargo 0
player 0 score: 26
player 0 turn ending
player 1 turn start
player 1 bought province 0
player 1 score: 17
player 1 turn ending
player 2 turn start
player 2 played minion -1
player 2 bought copper 0
player 2 score: 18
player 2 turn ending
player 0 turn start
player 0 bought gold 0
player 0 score: 26
player 0 turn ending
player 1 turn start
player 1 played mine -1
player 1 bought adventurer 0
player 1 score: 24
player 1 turn ending
player 2 turn start
player 2 bought silver -1
player 2 score: 27
player 2 turn ending
player 0 turn start
player 0 bought smithy 0
player 0 score: 0
player 0 turn ending
player 1 turn start
player 1 played sea_hag 0
player 1 bought mine 0
player 1 score: 0
player 1 turn ending
player 2 turn start
player 2 bought gold 0
player 2 score: 7
player 2 turn ending
player 0 turn start
player 0 played tribute -1
player 0 bought silver -1
player 0 score: 7
player 0 turn ending
player 1 turn start
player 1 bought province 0
player 1 score: 14
player 1 turn ending
player 2 turn start
player 2 bought tribute 0
player 2 score: 9
player 2 turn ending
player 0 turn start
player 0 bought duchy 0
player 0 score: 17
player 0 turn ending
player 1 turn start
player 1 played adventurer -1
player 1 bought gold 0
player 1 score: 21
player 1 turn ending
player 2 turn start
player 2 bought adventurer 0
player 2 score: 18
player 2 turn ending
player 0 turn start
player 0 played sea_hag -1
player 0 score: 19
player 0 turn ending
player 1 turn start
player 1 played minion 0
player 1 bought silver -1
player 1 score: 21
player 1 turn ending
player 2 turn start
player 2 played mine -1
player 2 bought copper 0
player 2 score: 27
player 2 turn ending
player 0 turn start
player 0 played tribute -1
player 0 bought copper 0
player 0 score: 24
player 0 turn ending
player 1 turn start
player 1 bought minion 0
player 1 score: 29
player 1 turn ending
player 2 turn start
player 2 played tribute -1
player 2 bought village 0
player 2 score: 30
player 2 turn ending
player 0 turn start
player 0 bought copper 0
player 0 score: 29
player 0 turn ending
player 1 turn start
player 1 bought gold 0
player 1 score: 36
player 1 turn ending
player 2 turn start
player 2 bought silver -1
player 2 score: 7
player 2 turn ending
player 0 turn start
player 0 played embargo 0
player 0 bought silver -1
player 0 score: 34
player 0 turn ending
player 1 turn start
player 1 bought province 0
player 1 score: 7
player 1 turn ending
player 2 turn start
player 2 played tribute -1
player 2 bought silver -1
player 2 score: 8
player 2 turn ending
player 0 turn start
player 0 score: 0
player 0 turn ending
player 1 turn start
player 1 bought silver -1
player 1 score: 21
player 1 turn ending
player 2 turn start
player 2 bought sea_hag 0
player 2 score: 9
player 2 turn ending
player 0 turn start
player 0 bought silver -1
player 0 score: 2
player 0 turn ending
player 1 turn start
player 1 played mine -1
player 1 bought estate 0
player 1 score: 28
player 1 turn ending
player 2 turn start
player 2 played village -1
player 2 bought copper 0
player 2 score: 20
player 2 turn ending
player 0 turn start
player 0 bought village 0
player 0 score: 6
player 0 turn ending
player 1 turn start
player 1 score: 28
player 1 turn ending
player 2 turn start
player 2 played mine -1
player 2 bought village 0
player 2 score: 28
player 2 turn ending
player 0 turn start
player 0 bought silver -1
player 0 score: 19
player 0 turn ending
player 1 turn start
player 1 bought gold 0
player 1 score: 34
player 1 turn ending
player 2 turn start
player 2 played adventurer -1
player 2 bought gold 0
player 2 score: 35
player 2 turn ending
player 0 turn start
player 0 played tribute -1
player 0 bought embargo 0
player 0 score: 19
player 0 turn ending
player 1 turn start
player 1 played sea_hag -1
player 1 bought embargo 0
player 1 score: 36
player 1 turn ending
player 2 turn start
player 2 played tribute -1
player 2 bought gardens 0
player 2 score: 1
player 2 turn ending
player 0 turn start
player 0 bought gold 0
player 0 score: 32
player 0 turn ending
player 1 turn start
player 1 bought silver -1
player 1 score: 48
player 1 turn ending
player 2 turn start
player 2 played mine -1
player 2 bought silver -1
player 2 score: 14
player 2 turn ending
player 0 turn start
player 0 bought gold 0
player 0 score: 37
player 0 turn ending
player 1 turn start
player 1 bought embargo 0
player 1 score: 6
player 1 turn ending
player 2 turn start
player 2 bought silver -1
player 2 score: 15
player 2 turn ending
player 0 turn start
player 0 bought estate 0
player 0 score: 38
player 0 turn ending
player 1 turn start
player 1 bought smithy 0
player 1 score: 13
player 1 turn ending
player 2 turn start
player 2 played minion 0
player 2 score: 18
player 2 turn ending
player 0 turn start
player 0 bought silver -1
player 0 score: 1
player 0 turn ending
player 1 turn start
player 1 played mine 0
player 1 bought copper 0
player 1 score: 26
player 1 turn ending
player 2 turn start
player 2 played adventurer -1
player 2 bought silver -1
player 2 score: 17
player 2 turn ending
player 0 turn start
player 0 played tribute -1
player 0 bought silver -1
player 0 score: 2
player 0 turn ending
player 1 turn start
player 1 played adventurer -1
player 1 bought estate 0
player 1 score: 30
player 1 turn ending
player 2 turn start
player 2 bought province 0
player 2 score: 25
player 2 turn ending
player 0 turn start
player 0 bought silver -1
player 0 score: 8
player 0 turn ending
player 1 turn start
player 1 bought gold 0
player 1 score: 38
player 1 turn ending
player 2 turn start
player 2 played tribute -1
player 2 score: 13
player 2 turn ending
player 0 turn start
player 0 played village -1
player 0 bought gardens 0
player 0 score: 15
player 0 turn ending
player 1 turn start
player 1 played adventurer 0
player 1 bought copper 0
player 1 score: 50
player 1 turn ending
player 2 turn start
player 2 played village -1
player 2 bought silver -1
player 2 score: 14
player 2 turn ending
player 0 turn start
player 0 bought province 0
player 0 score: 24
player 0 turn ending
player 1 turn start
player 1 bought province 0
player 1 score: 12
player 1 turn ending
player 2 turn start
player 2 played minion -1
player 2 bought estate 0
player 2 score: 17
player 2 turn ending
player 0 turn start
player 0 bought tribute 0
player 0 score: 29
player 0 turn ending
player 1 turn start
player 1 played mine -1
player 1 bought silver -1
player 1 score: 18
player 1 turn ending
player 2 turn start
player 2 bought tribute 0
player 2 score: 23
player 2 turn ending
player 0 turn start
player 0 played smithy -1
player 0 bought gold 0
player 0 score: 39
player 0 turn ending
player 1 turn start
player 1 bought silver -1
player 1 score: 22
player 1 turn ending
player 2 turn start
player 2 played mine -1
player 2 bought gardens 0
player 2 score: 29
player 2 turn ending
player 0 turn start
player 0 played embargo 0
player 0 bought gold 0
player 0 score: 41
player 0 turn ending
player 1 turn start
player 1 bought province 0
player 1 score: 35
player 1 turn ending
game over player 0 won
test 0 passed
