        -:    0:Source:dominion.c
        -:    0:Graph:dominion.gcno
        -:    0:Data:dominion.gcda
        -:    0:Runs:2
        -:    0:Programs:1
        -:    1:#include "dominion.h"
        -:    2:#include "dominion_helpers.h"
        -:    3:#include "rngs.h"
        -:    4:#include <stdio.h>
        -:    5:#include <math.h>
        -:    6:#include <stdlib.h>
        -:    7:
     5083:    8:int compare(const void* a, const void* b) {
     5083:    9:  if (*(int*)a > *(int*)b)
     2276:   10:    return 1;
     2807:   11:  if (*(int*)a < *(int*)b)
      948:   12:    return -1;
     1859:   13:  return 0;
        -:   14:}
        -:   15:
    #####:   16:struct gameState* newGame() {
    #####:   17:  struct gameState* g = malloc(sizeof(struct gameState));
    #####:   18:  return g;
        -:   19:}
        -:   20:
    #####:   21:int* kingdomCards(int k1, int k2, int k3, int k4, int k5, int k6, int k7,
        -:   22:		  int k8, int k9, int k10) {
    #####:   23:  int* k = malloc(10 * sizeof(int));
    #####:   24:  k[0] = k1;
    #####:   25:  k[1] = k2;
    #####:   26:  k[2] = k3;
    #####:   27:  k[3] = k4;
    #####:   28:  k[4] = k5;
    #####:   29:  k[5] = k6;
    #####:   30:  k[6] = k7;
    #####:   31:  k[7] = k8;
    #####:   32:  k[8] = k9;
    #####:   33:  k[9] = k10;
    #####:   34:  return k;
        -:   35:}
        -:   36:
        2:   37:int initializeGame(int numPlayers, int kingdomCards[10], int randomSeed,
        -:   38:		   struct gameState *state) {
        -:   39:
        -:   40:  int i;
        -:   41:  int j;
        -:   42:  int it;			
        -:   43:  //set up random number generator
        2:   44:  SelectStream(1);
        2:   45:  PutSeed((long)randomSeed);
        -:   46:  
        -:   47:  //check number of players
        2:   48:  if (numPlayers > MAX_PLAYERS || numPlayers < 2)
        -:   49:    {
    #####:   50:      return -1;
        -:   51:    }
        -:   52:
        -:   53:  //set number of players
        2:   54:  state->numPlayers = numPlayers;
        -:   55:
        -:   56:  //check selected kingdom cards are different
       22:   57:  for (i = 0; i < 10; i++)
        -:   58:    {
      220:   59:      for (j = 0; j < 10; j++)
        -:   60:        {
      200:   61:	  if (j != i && kingdomCards[j] == kingdomCards[i])
        -:   62:	    {
    #####:   63:	      return -1;
        -:   64:	    }
        -:   65:        }
        -:   66:    }
        -:   67:
        -:   68:
        -:   69:  //initialize supply
        -:   70:  ///////////////////////////////
        -:   71:
        -:   72:  //set number of Curse cards
        2:   73:  if (numPlayers == 2)
        -:   74:    {
        1:   75:      state->supplyCount[curse] = 10;
        -:   76:    }
        1:   77:  else if (numPlayers == 3)
        -:   78:    {
        1:   79:      state->supplyCount[curse] = 20;
        -:   80:    }
        -:   81:  else
        -:   82:    {
    #####:   83:      state->supplyCount[curse] = 30;
        -:   84:    }
        -:   85:
        -:   86:  //set number of Victory cards
        2:   87:  if (numPlayers == 2)
        -:   88:    {
        1:   89:      state->supplyCount[estate] = 8;
        1:   90:      state->supplyCount[duchy] = 8;
        1:   91:      state->supplyCount[province] = 8;
        -:   92:    }
        -:   93:  else
        -:   94:    {
        1:   95:      state->supplyCount[estate] = 12;
        1:   96:      state->supplyCount[duchy] = 12;
        1:   97:      state->supplyCount[province] = 12;
        -:   98:    }
        -:   99:
        -:  100:  //set number of Treasure cards
        2:  101:  state->supplyCount[copper] = 60 - (7 * numPlayers);
        2:  102:  state->supplyCount[silver] = 40;
        2:  103:  state->supplyCount[gold] = 30;
        -:  104:
        -:  105:  //set number of Kingdom cards
       42:  106:  for (i = adventurer; i <= treasure_map; i++)       	//loop all cards
        -:  107:    {
      330:  108:      for (j = 0; j < 10; j++)           		//loop chosen cards
        -:  109:	{
      310:  110:	  if (kingdomCards[j] == i)
        -:  111:	    {
        -:  112:	      //check if card is a 'Victory' Kingdom card
       21:  113:	      if (kingdomCards[j] == great_hall || kingdomCards[j] == gardens)
        -:  114:		{
        1:  115:		  if (numPlayers == 2){ 
    #####:  116:		    state->supplyCount[i] = 8; 
        -:  117:		  }
        1:  118:		  else{ state->supplyCount[i] = 12; }
        -:  119:		}
        -:  120:	      else
        -:  121:		{
       19:  122:		  state->supplyCount[i] = 10;
        -:  123:		}
       20:  124:	      break;
        -:  125:	    }
        -:  126:	  else    //card is not in the set choosen for the game
        -:  127:	    {
      290:  128:	      state->supplyCount[i] = -1;
        -:  129:	    }
        -:  130:	}
        -:  131:
        -:  132:    }
        -:  133:
        -:  134:  ////////////////////////
        -:  135:  //supply intilization complete
        -:  136:
        -:  137:  //set player decks
        7:  138:  for (i = 0; i < numPlayers; i++)
        -:  139:    {
        5:  140:      state->deckCount[i] = 0;
       20:  141:      for (j = 0; j < 3; j++)
        -:  142:	{
       15:  143:	  state->deck[i][j] = estate;
       15:  144:	  state->deckCount[i]++;
        -:  145:	}
       40:  146:      for (j = 3; j < 10; j++)
        -:  147:	{
       35:  148:	  state->deck[i][j] = copper;
       35:  149:	  state->deckCount[i]++;		
        -:  150:	}
        -:  151:    }
        -:  152:
        -:  153:  //shuffle player decks
        7:  154:  for (i = 0; i < numPlayers; i++)
        -:  155:    {
        5:  156:      if ( shuffle(i, state) < 0 )
        -:  157:	{
    #####:  158:	  return -1;
        -:  159:	}
        -:  160:    }
        -:  161:
        -:  162:  //draw player hands
        7:  163:  for (i = 0; i < numPlayers; i++)
        -:  164:    {  
        -:  165:      //initialize hand size to zero
        5:  166:      state->handCount[i] = 0;
        5:  167:      state->discardCount[i] = 0;
        -:  168:      //draw 5 cards
        -:  169:      // for (j = 0; j < 5; j++)
        -:  170:      //	{
        -:  171:      //	  drawCard(i, state);
        -:  172:      //	}
        -:  173:    }
        -:  174:  
        -:  175:  //set embargo tokens to 0 for all supply piles
       56:  176:  for (i = 0; i <= treasure_map; i++)
        -:  177:    {
       54:  178:      state->embargoTokens[i] = 0;
        -:  179:    }
        -:  180:
        -:  181:  //initialize first player's turn
        2:  182:  state->outpostPlayed = 0;
        2:  183:  state->phase = 0;
        2:  184:  state->numActions = 1;
        2:  185:  state->numBuys = 1;
        2:  186:  state->playedCardCount = 0;
        2:  187:  state->whoseTurn = 0;
        2:  188:  state->handCount[state->whoseTurn] = 0;
        -:  189:  //int it; move to top
        -:  190:
        -:  191:  //Moved draw cards to here, only drawing at the start of a turn
       12:  192:  for (it = 0; it < 5; it++){
       10:  193:    drawCard(state->whoseTurn, state);
        -:  194:  }
        -:  195:
        2:  196:  updateCoins(state->whoseTurn, state, 0);
        -:  197:
        2:  198:  return 0;
        -:  199:}
        -:  200:
      204:  201:int shuffle(int player, struct gameState *state) {
        -:  202: 
        -:  203:
        -:  204:  int newDeck[MAX_DECK];
      204:  205:  int newDeckPos = 0;
        -:  206:  int card;
        -:  207:  int i;
        -:  208:
      204:  209:  if (state->deckCount[player] < 1)
       23:  210:    return -1;
      181:  211:  qsort ((void*)(state->deck[player]), state->deckCount[player], sizeof(int), compare); 
        -:  212:  /* SORT CARDS IN DECK TO ENSURE DETERMINISM! */
        -:  213:
     2314:  214:  while (state->deckCount[player] > 0) {
     1952:  215:    card = floor(Random() * state->deckCount[player]);
     1952:  216:    newDeck[newDeckPos] = state->deck[player][card];
     1952:  217:    newDeckPos++;
    10076:  218:    for (i = card; i < state->deckCount[player]-1; i++) {
     8124:  219:      state->deck[player][i] = state->deck[player][i+1];
        -:  220:    }
     1952:  221:    state->deckCount[player]--;
        -:  222:  }
     2133:  223:  for (i = 0; i < newDeckPos; i++) {
     1952:  224:    state->deck[player][i] = newDeck[i];
     1952:  225:    state->deckCount[player]++;
        -:  226:  }
        -:  227:
      181:  228:  return 0;
        -:  229:}
        -:  230:
     1737:  231:int playCard(int handPos, int choice1, int choice2, int choice3, struct gameState *state) 
        -:  232:{	
        -:  233:  int card;
     1737:  234:  int coin_bonus = 0; 		//tracks coins gain from actions
        -:  235:
        -:  236:  //check if it is the right phase
     1737:  237:  if (state->phase != 0)
        -:  238:    {
    #####:  239:      return -1;
        -:  240:    }
        -:  241:	
        -:  242:  //check if player has enough actions
     1737:  243:  if ( state->numActions < 1 )
        -:  244:    {
      247:  245:      return -1;
        -:  246:    }
        -:  247:	
        -:  248:  //get card played
     1490:  249:  card = handCard(handPos, state);
        -:  250:	
        -:  251:  //check if selected card is an action
     1490:  252:  if ( card < adventurer || card > treasure_map )
        -:  253:    {
     1263:  254:      return -1;
        -:  255:    }
        -:  256:	
        -:  257:  //play card
      227:  258:  if ( cardEffect(card, choice1, choice2, choice3, state, handPos, &coin_bonus) < 0 )
        -:  259:    {
       53:  260:      return -1;
        -:  261:    }
        -:  262:	
        -:  263:  //reduce number of actions
      174:  264:  state->numActions--;
        -:  265:
        -:  266:  //update coins (Treasure cards may be added with card draws)
      174:  267:  updateCoins(state->whoseTurn, state, coin_bonus);
        -:  268:	
      174:  269:  return 0;
        -:  270:}
        -:  271:
      547:  272:int buyCard(int supplyPos, struct gameState *state) {
        -:  273:  int who;
        -:  274:  if (DEBUG){
      547:  275:    printf("Entering buyCard...\n");
        -:  276:  }
        -:  277:
        -:  278:  // I don't know what to do about the phase thing.
        -:  279:
      547:  280:  who = state->whoseTurn;
        -:  281:
      547:  282:  if (state->numBuys < 1){
        -:  283:    if (DEBUG)
      127:  284:      printf("You do not have any buys left\n");
      127:  285:    return -1;
      420:  286:  } else if (supplyCount(supplyPos, state) <1){
        -:  287:    if (DEBUG)
       12:  288:      printf("There are not any of that type of card left\n");
       12:  289:    return -1;
      408:  290:  } else if (state->coins < getCost(supplyPos)){
        -:  291:    if (DEBUG) 
      215:  292:      printf("You do not have enough money to buy that. You have %d coins.\n", state->coins);
      215:  293:    return -1;
        -:  294:  } else {
      193:  295:    state->phase=1;
        -:  296:    //state->supplyCount[supplyPos]--;
      193:  297:    gainCard(supplyPos, state, 0, who); //card goes in discard, this might be wrong.. (2 means goes into hand, 0 goes into discard)
        -:  298:  
      193:  299:    state->coins = (state->coins) - (getCost(supplyPos));
      193:  300:    state->numBuys--;
        -:  301:    if (DEBUG)
      193:  302:      printf("You bought card number %d for %d coins. You now have %d buys and %d coins.\n", supplyPos, getCost(supplyPos), state->numBuys, state->coins);
        -:  303:  }
        -:  304:
        -:  305:  //state->discard[who][state->discardCount[who]] = supplyPos;
        -:  306:  //state->discardCount[who]++;
        -:  307:    
      193:  308:  return 0;
        -:  309:}
        -:  310:
     5335:  311:int numHandCards(struct gameState *state) {
     5335:  312:  return state->handCount[ whoseTurn(state) ];
        -:  313:}
        -:  314:
     5695:  315:int handCard(int handPos, struct gameState *state) {
     5695:  316:  int currentPlayer = whoseTurn(state);
     5695:  317:  return state->hand[currentPlayer][handPos];
        -:  318:}
        -:  319:
      677:  320:int supplyCount(int card, struct gameState *state) {
      677:  321:  return state->supplyCount[card];
        -:  322:}
        -:  323:
    #####:  324:int fullDeckCount(int player, int card, struct gameState *state) {
        -:  325:  int i;
    #####:  326:  int count = 0;
        -:  327:
    #####:  328:  for (i = 0; i < state->deckCount[player]; i++)
        -:  329:    {
    #####:  330:      if (state->deck[player][i] == card) count++;
        -:  331:    }
        -:  332:
    #####:  333:  for (i = 0; i < state->handCount[player]; i++)
        -:  334:    {
    #####:  335:      if (state->hand[player][i] == card) count++;
        -:  336:    }
        -:  337:
    #####:  338:  for (i = 0; i < state->discardCount[player]; i++)
        -:  339:    {
    #####:  340:      if (state->discard[player][i] == card) count++;
        -:  341:    }
        -:  342:
    #####:  343:  return count;
        -:  344:}
        -:  345:
    13232:  346:int whoseTurn(struct gameState *state) {
    13232:  347:  return state->whoseTurn;
        -:  348:}
        -:  349:
      357:  350:int endTurn(struct gameState *state) {
        -:  351:  int k;
        -:  352:  int i;
      357:  353:  int currentPlayer = whoseTurn(state);
        -:  354:  
        -:  355:  //Discard hand
     2074:  356:  for (i = 0; i < state->handCount[currentPlayer]; i++){
     1717:  357:    state->discard[currentPlayer][state->discardCount[currentPlayer]++] = state->hand[currentPlayer][i];//Discard
     1717:  358:    state->hand[currentPlayer][i] = -1;//Set card to -1
        -:  359:  }
      357:  360:  state->handCount[currentPlayer] = 0;//Reset hand count
        -:  361:    
        -:  362:  //Code for determining the player
      357:  363:  if (currentPlayer < (state->numPlayers - 1)){ 
      196:  364:    state->whoseTurn = currentPlayer + 1;//Still safe to increment
        -:  365:  }
        -:  366:  else{
      161:  367:    state->whoseTurn = 0;//Max player has been reached, loop back around to player 1
        -:  368:  }
        -:  369:
      357:  370:  state->outpostPlayed = 0;
      357:  371:  state->phase = 0;
      357:  372:  state->numActions = 1;
      357:  373:  state->coins = 0;
      357:  374:  state->numBuys = 1;
      357:  375:  state->playedCardCount = 0;
      357:  376:  state->handCount[state->whoseTurn] = 0;
        -:  377:
        -:  378:  //int k; move to top
        -:  379:  //Next player draws hand
     2142:  380:  for (k = 0; k < 5; k++){
     1785:  381:    drawCard(state->whoseTurn, state);//Draw a card
        -:  382:  }
        -:  383:
        -:  384:  //Update money
      357:  385:  updateCoins(state->whoseTurn, state , 0);
        -:  386:
      357:  387:  return 0;
        -:  388:}
        -:  389:
      359:  390:int isGameOver(struct gameState *state) {
        -:  391:  int i;
        -:  392:  int j;
        -:  393:	
        -:  394:  //if stack of Province cards is empty, the game ends
      359:  395:  if (state->supplyCount[province] == 0)
        -:  396:    {
    #####:  397:      return 1;
        -:  398:    }
        -:  399:
        -:  400:  //if three supply pile are at 0, the game ends
      359:  401:  j = 0;
     9334:  402:  for (i = 0; i < 25; i++)
        -:  403:    {
     8975:  404:      if (state->supplyCount[i] == 0)
        -:  405:	{
      146:  406:	  j++;
        -:  407:	}
        -:  408:    }
      359:  409:  if ( j >= 3)
        -:  410:    {
        2:  411:      return 1;
        -:  412:    }
        -:  413:
      357:  414:  return 0;
        -:  415:}
        -:  416:
      362:  417:int scoreFor (int player, struct gameState *state) {
        -:  418:
        -:  419:  int i;
      362:  420:  int score = 0;
        -:  421:  //score from hand
     2089:  422:  for (i = 0; i < state->handCount[player]; i++)
        -:  423:    {
     1727:  424:      if (state->hand[player][i] == curse) { score = score - 1; };
     1727:  425:      if (state->hand[player][i] == estate) { score = score + 1; };
     1727:  426:      if (state->hand[player][i] == duchy) { score = score + 3; };
     1727:  427:      if (state->hand[player][i] == province) { score = score + 6; };
     1727:  428:      if (state->hand[player][i] == great_hall) { score = score + 1; };
     1727:  429:      if (state->hand[player][i] == gardens) { score = score + ( fullDeckCount(player, 0, state) / 10 ); };
        -:  430:    }
        -:  431:
        -:  432:  //score from discard
     2973:  433:  for (i = 0; i < state->discardCount[player]; i++)
        -:  434:    {
     2611:  435:      if (state->discard[player][i] == curse) { score = score - 1; };
     2611:  436:      if (state->discard[player][i] == estate) { score = score + 1; };
     2611:  437:      if (state->discard[player][i] == duchy) { score = score + 3; };
     2611:  438:      if (state->discard[player][i] == province) { score = score + 6; };
     2611:  439:      if (state->discard[player][i] == great_hall) { score = score + 1; };
     2611:  440:      if (state->discard[player][i] == gardens) { score = score + ( fullDeckCount(player, 0, state) / 10 ); };
        -:  441:    }
        -:  442:
        -:  443:  //score from deck
     2973:  444:  for (i = 0; i < state->discardCount[player]; i++)
        -:  445:    {
     2611:  446:      if (state->deck[player][i] == curse) { score = score - 1; };
     2611:  447:      if (state->deck[player][i] == estate) { score = score + 1; };
     2611:  448:      if (state->deck[player][i] == duchy) { score = score + 3; };
     2611:  449:      if (state->deck[player][i] == province) { score = score + 6; };
     2611:  450:      if (state->deck[player][i] == great_hall) { score = score + 1; };
     2611:  451:      if (state->deck[player][i] == gardens) { score = score + ( fullDeckCount(player, 0, state) / 10 ); };
        -:  452:    }
        -:  453:
      362:  454:  return score;
        -:  455:}
        -:  456:
    #####:  457:int getWinners(int players[MAX_PLAYERS], struct gameState *state) {
        -:  458:  int i;	
        -:  459:  int j;
        -:  460:  int highScore;
        -:  461:  int currentPlayer;
        -:  462:
        -:  463:  //get score for each player
    #####:  464:  for (i = 0; i < MAX_PLAYERS; i++)
        -:  465:    {
        -:  466:      //set unused player scores to -9999
    #####:  467:      if (i >= state->numPlayers)
        -:  468:	{
    #####:  469:	  players[i] = -9999;
        -:  470:	}
        -:  471:      else
        -:  472:	{
    #####:  473:	  players[i] = scoreFor (i, state);
        -:  474:	}
        -:  475:    }
        -:  476:
        -:  477:  //find highest score
    #####:  478:  j = 0;
    #####:  479:  for (i = 0; i < MAX_PLAYERS; i++)
        -:  480:    {
    #####:  481:      if (players[i] > players[j])
        -:  482:	{
    #####:  483:	  j = i;
        -:  484:	}
        -:  485:    }
    #####:  486:  highScore = players[j];
        -:  487:
        -:  488:  //add 1 to players who had less turns
    #####:  489:  currentPlayer = whoseTurn(state);
    #####:  490:  for (i = 0; i < MAX_PLAYERS; i++)
        -:  491:    {
    #####:  492:      if ( players[i] == highScore && i > currentPlayer )
        -:  493:	{
    #####:  494:	  players[i]++;
        -:  495:	}
        -:  496:    }
        -:  497:
        -:  498:  //find new highest score
    #####:  499:  j = 0;
    #####:  500:  for (i = 0; i < MAX_PLAYERS; i++)
        -:  501:    {
    #####:  502:      if ( players[i] > players[j] )
        -:  503:	{
    #####:  504:	  j = i;
        -:  505:	}
        -:  506:    }
    #####:  507:  highScore = players[j];
        -:  508:
        -:  509:  //set winners in array to 1 and rest to 0
    #####:  510:  for (i = 0; i < MAX_PLAYERS; i++)
        -:  511:    {
    #####:  512:      if ( players[i] == highScore )
        -:  513:	{
    #####:  514:	  players[i] = 1;
        -:  515:	}
        -:  516:      else
        -:  517:	{
    #####:  518:	  players[i] = 0;
        -:  519:	}
        -:  520:    }
        -:  521:
    #####:  522:  return 0;
        -:  523:}
        -:  524:
     1875:  525:int drawCard(int player, struct gameState *state)
        -:  526:{	int count;
        -:  527:  int deckCounter;
     1875:  528:  if (state->deckCount[player] <= 0){//Deck is empty
        -:  529:    
        -:  530:    //Step 1 Shuffle the discard pile back into a deck
        -:  531:    int i;
        -:  532:    //Move discard to deck
     2091:  533:    for (i = 0; i < state->discardCount[player];i++){
     1896:  534:      state->deck[player][i] = state->discard[player][i];
     1896:  535:      state->discard[player][i] = -1;
        -:  536:    }
        -:  537:
      195:  538:    state->deckCount[player] = state->discardCount[player];
      195:  539:    state->discardCount[player] = 0;//Reset discard
        -:  540:
        -:  541:    //Shufffle the deck
      195:  542:    shuffle(player, state);//Shuffle the deck up and make it so that we can draw
        -:  543:   
        -:  544:    if (DEBUG){//Debug statements
      195:  545:      printf("Deck count now: %d\n", state->deckCount[player]);
        -:  546:    }
        -:  547:    
      195:  548:    state->discardCount[player] = 0;
        -:  549:
        -:  550:    //Step 2 Draw Card
      195:  551:    count = state->handCount[player];//Get current player's hand count
        -:  552:    
        -:  553:    if (DEBUG){//Debug statements
      195:  554:      printf("Current hand count: %d\n", count);
        -:  555:    }
        -:  556:    
      195:  557:    deckCounter = state->deckCount[player];//Create a holder for the deck count
        -:  558:
      195:  559:    if (deckCounter == 0)
       21:  560:      return -1;
        -:  561:
      174:  562:    state->hand[player][count] = state->deck[player][deckCounter - 1];//Add card to hand
      174:  563:    state->deckCount[player]--;
      174:  564:    state->handCount[player]++;//Increment hand count
        -:  565:  }
        -:  566:
        -:  567:  else{
     1680:  568:    int count = state->handCount[player];//Get current hand count for player
        -:  569:    int deckCounter;
        -:  570:    if (DEBUG){//Debug statements
     1680:  571:      printf("Current hand count: %d\n", count);
        -:  572:    }
        -:  573:
     1680:  574:    deckCounter = state->deckCount[player];//Create holder for the deck count
     1680:  575:    state->hand[player][count] = state->deck[player][deckCounter - 1];//Add card to the hand
     1680:  576:    state->deckCount[player]--;
     1680:  577:    state->handCount[player]++;//Increment hand count
        -:  578:  }
        -:  579:
     1854:  580:  return 0;
        -:  581:}
        -:  582:
      894:  583:int getCost(int cardNumber)
        -:  584:{
      894:  585:  switch( cardNumber ) 
        -:  586:    {
        -:  587:    case curse:
       12:  588:      return 0;
        -:  589:    case estate:
       12:  590:      return 2;
        -:  591:    case duchy:
       12:  592:      return 5;
        -:  593:    case province:
       16:  594:      return 8;
        -:  595:    case copper:
       17:  596:      return 0;
        -:  597:    case silver:
      180:  598:      return 3;
        -:  599:    case gold:
        5:  600:      return 6;
        -:  601:    case adventurer:
       14:  602:      return 6;
        -:  603:    case council_room:
    #####:  604:      return 5;
        -:  605:    case feast:
       21:  606:      return 4;
        -:  607:    case gardens:
    #####:  608:      return 4;
        -:  609:    case mine:
       62:  610:      return 5;
        -:  611:    case remodel:
       90:  612:      return 4;
        -:  613:    case smithy:
       63:  614:      return 4;
        -:  615:    case village:
       36:  616:      return 3;
        -:  617:    case baron:
       35:  618:      return 4;
        -:  619:    case great_hall:
       37:  620:      return 3;
        -:  621:    case minion:
       49:  622:      return 5;
        -:  623:    case steward:
    #####:  624:      return 3;
        -:  625:    case tribute:
       44:  626:      return 5;
        -:  627:    case ambassador:
       19:  628:      return 3;
        -:  629:    case cutpurse:
       38:  630:      return 4;
        -:  631:    case embargo: 
       52:  632:      return 2;
        -:  633:    case outpost:
       39:  634:      return 5;
        -:  635:    case salvager:
    #####:  636:      return 4;
        -:  637:    case sea_hag:
       41:  638:      return 4;
        -:  639:    case treasure_map:
    #####:  640:      return 4;
        -:  641:    }
        -:  642:	
    #####:  643:  return -1;
        -:  644:}
        -:  645:
      227:  646:int cardEffect(int card, int choice1, int choice2, int choice3, struct gameState *state, int handPos, int *bonus)
        -:  647:{
        -:  648:  int i;
        -:  649:  int j;
        -:  650:  int k;
        -:  651:  int x;
      227:  652:  int currentPlayer = whoseTurn(state);
      227:  653:  int nextPlayer = currentPlayer + 1;
        -:  654:
      227:  655:  int tributeRevealedCards[2] = {-1, -1};
        -:  656:  int temphand[MAX_HAND];// moved above the if statement
      227:  657:  int drawntreasure=0;
        -:  658:  int cardDrawn;
      227:  659:  int z = 0;// this is the counter for the temp hand
      227:  660:  if (nextPlayer > (state->numPlayers - 1)){
      158:  661:    nextPlayer = 0;
        -:  662:  }
        -:  663:  
        -:  664:	
        -:  665:  //uses switch to select card and perform actions
      227:  666:  switch( card ) 
        -:  667:    {
        -:  668:    case adventurer:
       33:  669:      while(drawntreasure<2){
       23:  670:	if (state->deckCount[currentPlayer] <1){//if the deck is empty we need to shuffle discard and add to deck
        2:  671:	  shuffle(currentPlayer, state);
        -:  672:	}
       23:  673:	drawCard(currentPlayer, state);
       23:  674:	cardDrawn = state->hand[currentPlayer][state->handCount[currentPlayer]-1];//top card of hand is most recently drawn card.
       33:  675:	if (cardDrawn == copper || cardDrawn == silver || cardDrawn == gold)
       10:  676:	  drawntreasure++;
        -:  677:	else{
       13:  678:	  temphand[z]=cardDrawn;
       13:  679:	  state->handCount[currentPlayer]--; //this should just remove the top card (the most recently drawn one).
       13:  680:	  z++;
        -:  681:	}
        -:  682:      }
       23:  683:      while(z-1>=0){
       13:  684:	state->discard[currentPlayer][state->discardCount[currentPlayer]++]=temphand[z-1]; // discard all cards in play that have been drawn
       13:  685:	z=z-1;
        -:  686:      }
        5:  687:      return 0;
        -:  688:			
        -:  689:    case council_room:
        -:  690:      //+4 Cards
    #####:  691:      for (i = 0; i < 4; i++)
        -:  692:	{
    #####:  693:	  drawCard(currentPlayer, state);
        -:  694:	}
        -:  695:			
        -:  696:      //+1 Buy
    #####:  697:      state->numBuys++;
        -:  698:			
        -:  699:      //Each other player draws a card
    #####:  700:      for (i = 0; i < state->numPlayers; i++)
        -:  701:	{
    #####:  702:	  if ( i != currentPlayer )
        -:  703:	    {
    #####:  704:	      drawCard(i, state);
        -:  705:	    }
        -:  706:	}
        -:  707:			
        -:  708:      //put played card in played card pile
    #####:  709:      discardCard(handPos, currentPlayer, state, 0);
        -:  710:			
    #####:  711:      return 0;
        -:  712:			
        -:  713:    case feast:
        -:  714:      //gain card with cost up to 5
        -:  715:      //Backup hand
       63:  716:      for (i = 0; i <= state->handCount[currentPlayer]; i++){
       54:  717:	temphand[i] = state->hand[currentPlayer][i];//Backup card
       54:  718:	state->hand[currentPlayer][i] = -1;//Set to nothing
        -:  719:      }
        -:  720:      //Backup hand
        -:  721:
        -:  722:      //Update Coins for Buy
        9:  723:      updateCoins(currentPlayer, state, 5);
        9:  724:      x = 1;//Condition to loop on
       26:  725:      while( x == 1) {//Buy one card
        9:  726:	if (supplyCount(choice1, state) <= 0){
        -:  727:	  if (DEBUG)
    #####:  728:	    printf("None of that card left, sorry!\n");
        -:  729:
        -:  730:	  if (DEBUG){
    #####:  731:	    printf("Cards Left: %d\n", supplyCount(choice1, state));
        -:  732:	  }
        -:  733:	}
        9:  734:	else if (state->coins < getCost(choice1)){
        1:  735:	  printf("That card is too expensive!\n");
        -:  736:
        -:  737:	  if (DEBUG){
        1:  738:	    printf("Coins: %d < %d\n", state->coins, getCost(choice1));
        -:  739:	  }
        1:  740:	  return -1;
        -:  741:	}
        -:  742:	else{
        -:  743:
        -:  744:	  if (DEBUG){
        8:  745:	    printf("Deck Count: %d\n", state->handCount[currentPlayer] + state->deckCount[currentPlayer] + state->discardCount[currentPlayer]);
        -:  746:	  }
        -:  747:
        8:  748:	  gainCard(choice1, state, 0, currentPlayer);//Gain the card
        8:  749:	  x = 0;//No more buying cards
        -:  750:
        -:  751:	  if (DEBUG){
        8:  752:	    printf("Deck Count: %d\n", state->handCount[currentPlayer] + state->deckCount[currentPlayer] + state->discardCount[currentPlayer]);
        -:  753:	  }
        -:  754:
        -:  755:	}
        -:  756:      }     
        -:  757:
        -:  758:      //Reset Hand
       56:  759:      for (i = 0; i <= state->handCount[currentPlayer]; i++){
       48:  760:	state->hand[currentPlayer][i] = temphand[i];
       48:  761:	temphand[i] = -1;
        -:  762:      }
        -:  763:      //Reset Hand
        -:  764:      			
        8:  765:      return 0;
        -:  766:			
        -:  767:    case gardens:
    #####:  768:      return -1;
        -:  769:			
        -:  770:    case mine:
       29:  771:      j = state->hand[currentPlayer][choice1];  //store card we will trash
        -:  772:
       29:  773:      if (state->hand[currentPlayer][choice1] < copper || state->hand[currentPlayer][choice1] > gold)
        -:  774:	{
       17:  775:	  return -1;
        -:  776:	}
        -:  777:		
       12:  778:      if (choice2 > treasure_map || choice2 < curse)
        -:  779:	{
    #####:  780:	  return -1;
        -:  781:	}
        -:  782:
       12:  783:      if ( (getCost(state->hand[currentPlayer][choice1]) + 3) > getCost(choice2) )
        -:  784:	{
        9:  785:	  return -1;
        -:  786:	}
        -:  787:
        3:  788:      gainCard(choice2, state, 2, currentPlayer);
        -:  789:
        -:  790:      //discard card from hand
        3:  791:      discardCard(handPos, currentPlayer, state, 0);
        -:  792:
        -:  793:      //discard trashed card
        3:  794:      for (i = 0; i < state->handCount[currentPlayer]; i++)
        -:  795:	{
        3:  796:	  if (state->hand[currentPlayer][i] == j)
        -:  797:	    {
        3:  798:	      discardCard(i, currentPlayer, state, 0);			
        3:  799:	      break;
        -:  800:	    }
        -:  801:	}
        -:  802:			
        3:  803:      return 0;
        -:  804:			
        -:  805:    case remodel:
       33:  806:      j = state->hand[currentPlayer][choice1];  //store card we will trash
        -:  807:
       33:  808:      if ( (getCost(state->hand[currentPlayer][choice1]) + 2) > getCost(choice2) )
        -:  809:	{
       20:  810:	  return -1;
        -:  811:	}
        -:  812:
       13:  813:      gainCard(choice2, state, 0, currentPlayer);
        -:  814:
        -:  815:      //discard card from hand
       13:  816:      discardCard(handPos, currentPlayer, state, 0);
        -:  817:
        -:  818:      //discard trashed card
       27:  819:      for (i = 0; i < state->handCount[currentPlayer]; i++)
        -:  820:	{
       24:  821:	  if (state->hand[currentPlayer][i] == j)
        -:  822:	    {
       10:  823:	      discardCard(i, currentPlayer, state, 0);			
       10:  824:	      break;
        -:  825:	    }
        -:  826:	}
        -:  827:
        -:  828:
       13:  829:      return 0;
        -:  830:		
        -:  831:    case smithy:
        -:  832:      //+3 Cards
       36:  833:      for (i = 0; i < 3; i++)
        -:  834:	{
       27:  835:	  drawCard(currentPlayer, state);
        -:  836:	}
        -:  837:			
        -:  838:      //discard card from hand
        9:  839:      discardCard(handPos, currentPlayer, state, 0);
        9:  840:      return 0;
        -:  841:		
        -:  842:    case village:
        -:  843:      //+1 Card
        9:  844:      drawCard(currentPlayer, state);
        -:  845:			
        -:  846:      //+2 Actions
        9:  847:      state->numActions = state->numActions + 2;
        -:  848:			
        -:  849:      //discard played card from hand
        9:  850:      discardCard(handPos, currentPlayer, state, 0);
        9:  851:      return 0;
        -:  852:		
        -:  853:    case baron:
       29:  854:      state->numBuys++;//Increase buys by 1!
       29:  855:      if (choice1 > 0){//Boolean true or going to discard an estate
       22:  856:	int p = 0;//Iterator for hand!
       22:  857:	int card_not_discarded = 1;//Flag for discard set!
      135:  858:	while(card_not_discarded){
       91:  859:	  if (state->hand[currentPlayer][p] == estate){//Found an estate card!
       12:  860:	    state->coins += 4;//Add 4 coins to the amount of coins
       12:  861:	    state->discard[currentPlayer][state->discardCount[currentPlayer]] = state->hand[currentPlayer][p];
       12:  862:	    state->discardCount[currentPlayer]++;
       62:  863:	    for (;p < state->handCount[currentPlayer]; p++){
       50:  864:	      state->hand[currentPlayer][p] = state->hand[currentPlayer][p+1];
        -:  865:	    }
       12:  866:	    state->hand[currentPlayer][state->handCount[currentPlayer]] = -1;
       12:  867:	    state->handCount[currentPlayer]--;
       12:  868:	    card_not_discarded = 0;//Exit the loop
        -:  869:	  }
       79:  870:	  else if (p > state->handCount[currentPlayer]){
        -:  871:	    if(DEBUG) {
       10:  872:	      printf("No estate cards in your hand, invalid choice\n");
       10:  873:	      printf("Must gain an estate if there are any\n");
        -:  874:	    }
       10:  875:	    if (supplyCount(estate, state) > 0){
        2:  876:	      gainCard(estate, state, 0, currentPlayer);
        2:  877:	      state->supplyCount[estate]--;//Decrement estates
        2:  878:	      if (supplyCount(estate, state) == 0){
    #####:  879:		isGameOver(state);
        -:  880:	      }
        -:  881:	    }
       10:  882:	    card_not_discarded = 0;//Exit the loop
        -:  883:	  }
        -:  884:			    
        -:  885:	  else{
       69:  886:	    p++;//Next card
        -:  887:	  }
        -:  888:	}
        -:  889:      }
        -:  890:			    
        -:  891:      else{
        7:  892:	if (supplyCount(estate, state) > 0){
        2:  893:	  gainCard(estate, state, 0, currentPlayer);//Gain an estate
        2:  894:	  state->supplyCount[estate]--;//Decrement Estates
        2:  895:	  if (supplyCount(estate, state) == 0){
    #####:  896:	    isGameOver(state);
        -:  897:	  }
        -:  898:	}
        -:  899:      }
        -:  900:	    
        -:  901:      
       29:  902:      return 0;
        -:  903:		
        -:  904:    case great_hall:
        -:  905:      //+1 Card
        9:  906:      drawCard(currentPlayer, state);
        -:  907:			
        -:  908:      //+1 Actions
        9:  909:      state->numActions++;
        -:  910:			
        -:  911:      //discard card from hand
        9:  912:      discardCard(handPos, currentPlayer, state, 0);
        9:  913:      return 0;
        -:  914:		
        -:  915:    case minion:
        -:  916:      //+1 action
        8:  917:      state->numActions++;
        -:  918:			
        -:  919:      //discard card from hand
        8:  920:      discardCard(handPos, currentPlayer, state, 0);
        -:  921:			
        8:  922:      if (choice1)		//+2 coins
        -:  923:	{
        5:  924:	  state->coins = state->coins + 2;
        -:  925:	}
        -:  926:			
        3:  927:      else if (choice2)		//discard hand, redraw 4, other players with 5+ cards discard hand and draw 4
        -:  928:	{
        -:  929:	  //discard hand
       12:  930:	  while(numHandCards(state) > 0)
        -:  931:	    {
        8:  932:	      discardCard(handPos, currentPlayer, state, 0);
        -:  933:	    }
        -:  934:				
        -:  935:	  //draw 4
       10:  936:	  for (i = 0; i < 4; i++)
        -:  937:	    {
        8:  938:	      drawCard(currentPlayer, state);
        -:  939:	    }
        -:  940:				
        -:  941:	  //other players discard hand and redraw if hand size > 4
        6:  942:	  for (i = 0; i < state->numPlayers; i++)
        -:  943:	    {
        4:  944:	      if (i != currentPlayer)
        -:  945:		{
        2:  946:		  if ( state->handCount[i] > 4 )
        -:  947:		    {
        -:  948:		      //discard hand
    #####:  949:		      while( state->handCount[i] > 0 )
        -:  950:			{
    #####:  951:			  discardCard(handPos, i, state, 0);
        -:  952:			}
        -:  953:							
        -:  954:		      //draw 4
    #####:  955:		      for (j = 0; j < 4; j++)
        -:  956:			{
    #####:  957:			  drawCard(i, state);
        -:  958:			}
        -:  959:		    }
        -:  960:		}
        -:  961:	    }
        -:  962:				
        -:  963:	}
        8:  964:      return 0;
        -:  965:		
        -:  966:    case steward:
    #####:  967:      if (choice1 == 1)
        -:  968:	{
        -:  969:	  //+2 cards
    #####:  970:	  drawCard(currentPlayer, state);
    #####:  971:	  drawCard(currentPlayer, state);
        -:  972:	}
    #####:  973:      else if (choice1 == 2)
        -:  974:	{
        -:  975:	  //+2 coins
    #####:  976:	  state->coins = state->coins + 2;
        -:  977:	}
        -:  978:      else
        -:  979:	{
        -:  980:	  //trash 2 cards in hand
    #####:  981:	  discardCard(choice2, currentPlayer, state, 1);
    #####:  982:	  discardCard(choice3, currentPlayer, state, 1);
        -:  983:	}
        -:  984:			
        -:  985:      //discard card from hand
    #####:  986:      discardCard(handPos, currentPlayer, state, 0);
    #####:  987:      return 0;
        -:  988:		
        -:  989:    case tribute:
       18:  990:      if ((state->discardCount[nextPlayer] + state->deckCount[nextPlayer]) <= 1){
    #####:  991:	if (state->deckCount[nextPlayer] > 0){
    #####:  992:	  tributeRevealedCards[0] = state->deck[nextPlayer][state->deckCount[nextPlayer]-1];
    #####:  993:	  state->deckCount[nextPlayer]--;
        -:  994:	}
    #####:  995:	else if (state->discardCount[nextPlayer] > 0){
    #####:  996:	  tributeRevealedCards[0] = state->discard[nextPlayer][state->discardCount[nextPlayer]-1];
    #####:  997:	  state->discardCount[nextPlayer]--;
        -:  998:	}
        -:  999:	else{
        -: 1000:	  //No Card to Reveal
        -: 1001:	  if (DEBUG){
    #####: 1002:	    printf("No cards to reveal\n");
        -: 1003:	  }
        -: 1004:	}
        -: 1005:      }
        -: 1006:	    
        -: 1007:      else{
       18: 1008:	if (state->deckCount[nextPlayer] == 0){
        8: 1009:	  for (i = 0; i < state->discardCount[nextPlayer]; i++){
        6: 1010:	    state->deck[nextPlayer][i] = state->discard[nextPlayer][i];//Move to deck
        6: 1011:	    state->deckCount[nextPlayer]++;
        6: 1012:	    state->discard[nextPlayer][i] = -1;
        6: 1013:	    state->discardCount[nextPlayer]--;
        -: 1014:	  }
        -: 1015:			    
        2: 1016:	  shuffle(nextPlayer,state);//Shuffle the deck
        -: 1017:	} 
       18: 1018:	tributeRevealedCards[0] = state->deck[nextPlayer][state->deckCount[nextPlayer]-1];
       18: 1019:	state->deck[nextPlayer][state->deckCount[nextPlayer]--] = -1;
       18: 1020:	state->deckCount[nextPlayer]--;
       18: 1021:	tributeRevealedCards[1] = state->deck[nextPlayer][state->deckCount[nextPlayer]-1];
       18: 1022:	state->deck[nextPlayer][state->deckCount[nextPlayer]--] = -1;
       18: 1023:	state->deckCount[nextPlayer]--;
        -: 1024:      }    
        -: 1025:		       
       18: 1026:      if (tributeRevealedCards[0] == tributeRevealedCards[1]){//If we have a duplicate card, just drop one 
        2: 1027:	state->playedCards[state->playedCardCount] = tributeRevealedCards[1];
        2: 1028:	state->playedCardCount++;
        2: 1029:	tributeRevealedCards[1] = -1;
        -: 1030:      }
        -: 1031:
       72: 1032:      for (i = 0; i <= 2; i ++){
       59: 1033:	if (tributeRevealedCards[i] == copper || tributeRevealedCards[i] == silver || tributeRevealedCards[i] == gold){//Treasure cards
        5: 1034:	  state->coins += 2;
        -: 1035:	}
        -: 1036:		    
       51: 1037:	else if (tributeRevealedCards[i] == estate || tributeRevealedCards[i] == duchy || tributeRevealedCards[i] == province || tributeRevealedCards[i] == gardens || tributeRevealedCards[i] == great_hall){//Victory Card Found
        2: 1038:	  drawCard(currentPlayer, state);
        2: 1039:	  drawCard(currentPlayer, state);
        -: 1040:	}
        -: 1041:	else{//Action Card
       47: 1042:	  state->numActions = state->numActions + 2;
        -: 1043:	}
        -: 1044:      }
        -: 1045:	    
       18: 1046:      return 0;
        -: 1047:		
        -: 1048:    case ambassador:
        9: 1049:      j = 0;		//used to check if player has enough cards to discard
        -: 1050:
        9: 1051:      if (choice2 > 2 || choice2 < 0)
        -: 1052:	{
        1: 1053:	  return -1;				
        -: 1054:	}
        -: 1055:
        8: 1056:      if (choice1 == handPos)
        -: 1057:	{
        3: 1058:	  return -1;
        -: 1059:	}
        -: 1060:
       30: 1061:      for (i = 0; i < state->handCount[currentPlayer]; i++)
        -: 1062:	{
       25: 1063:	  if (i != handPos && i == state->hand[currentPlayer][choice1] && i != choice1)
        -: 1064:	    {
        3: 1065:	      j++;
        -: 1066:	    }
        -: 1067:	}
        5: 1068:      if (j < choice2)
        -: 1069:	{
        2: 1070:	  return -1;				
        -: 1071:	}
        -: 1072:
        -: 1073:      if (DEBUG) 
        3: 1074:	printf("Player %d reveals card number: %d\n", currentPlayer, state->hand[currentPlayer][choice1]);
        -: 1075:
        -: 1076:      //increase supply count for choosen card by amount being discarded
        3: 1077:      state->supplyCount[state->hand[currentPlayer][choice1]] += choice2;
        -: 1078:			
        -: 1079:      //each other player gains a copy of revealed card
       12: 1080:      for (i = 0; i < state->numPlayers; i++)
        -: 1081:	{
        9: 1082:	  if (i != currentPlayer)
        -: 1083:	    {
        6: 1084:	      gainCard(state->hand[currentPlayer][choice1], state, 0, i);
        -: 1085:	    }
        -: 1086:	}
        -: 1087:
        -: 1088:      //discard played card from hand
        3: 1089:      discardCard(handPos, currentPlayer, state, 0);			
        -: 1090:
        -: 1091:      //trash copies of cards returned to supply
        4: 1092:      for (j = 0; j < choice2; j++)
        -: 1093:	{
        5: 1094:	  for (i = 0; i < state->handCount[currentPlayer]; i++)
        -: 1095:	    {
        4: 1096:	      if (state->hand[currentPlayer][i] == state->hand[currentPlayer][choice1])
        -: 1097:		{
    #####: 1098:		  discardCard(i, currentPlayer, state, 1);
    #####: 1099:		  break;
        -: 1100:		}
        -: 1101:	    }
        -: 1102:	}			
        -: 1103:
        3: 1104:      return 0;
        -: 1105:		
        -: 1106:    case cutpurse:
        -: 1107:
        6: 1108:      updateCoins(currentPlayer, state, 2);
       18: 1109:      for (i = 0; i < state->numPlayers; i++)
        -: 1110:	{
       12: 1111:	  if (i != currentPlayer)
        -: 1112:	    {
        6: 1113:	      for (j = 0; j < state->handCount[i]; j++)
        -: 1114:		{
    #####: 1115:		  if (state->hand[i][j] == copper)
        -: 1116:		    {
    #####: 1117:		      discardCard(j, i, state, 0);
    #####: 1118:		      break;
        -: 1119:		    }
    #####: 1120:		  if (j == state->handCount[i])
        -: 1121:		    {
    #####: 1122:		      for (k = 0; k < state->handCount[i]; k++)
        -: 1123:			{
        -: 1124:			  if (DEBUG)
    #####: 1125:			    printf("Player %d reveals card number %d\n", i, state->hand[i][k]);
        -: 1126:			}	
    #####: 1127:		      break;
        -: 1128:		    }		
        -: 1129:		}
        -: 1130:					
        -: 1131:	    }
        -: 1132:				
        -: 1133:	}				
        -: 1134:
        -: 1135:      //discard played card from hand
        6: 1136:      discardCard(handPos, currentPlayer, state, 0);			
        -: 1137:
        6: 1138:      return 0;
        -: 1139:
        -: 1140:		
        -: 1141:    case embargo: 
       15: 1142:		return cardEmbargo(currentPlayer, choice1, state, handPos);
        -: 1143:		
        -: 1144:    case outpost:
        4: 1145:		return cardOutpost(currentPlayer, state, handPos);
        -: 1146:		
        -: 1147:    case salvager:
    #####: 1148:		return cardSalvager(currentPlayer, choice1, state, handPos);
        -: 1149:		
        -: 1150:    case sea_hag:
       35: 1151:		return cardSeaHag(currentPlayer, state);
        -: 1152:		
        -: 1153:    case treasure_map:
    #####: 1154:		return cardTreasureMap(currentPlayer, state, handPos);
        -: 1155:    }
        -: 1156:	
    #####: 1157:  return -1;
        -: 1158:}
        -: 1159:
      100: 1160:int discardCard(int handPos, int currentPlayer, struct gameState *state, int trashFlag)
        -: 1161:{
        -: 1162:	
        -: 1163:  //if card is not trashed, added to Played pile 
      100: 1164:  if (trashFlag < 1)
        -: 1165:    {
        -: 1166:      //add card to played pile
       85: 1167:      state->playedCards[state->playedCardCount] = state->hand[currentPlayer][handPos]; 
       85: 1168:      state->playedCardCount++;
        -: 1169:    }
        -: 1170:	
        -: 1171:  //set played card to -1
      100: 1172:  state->hand[currentPlayer][handPos] = -1;
        -: 1173:	
        -: 1174:  //remove card from player's hand
      100: 1175:  if ( handPos == (state->handCount[currentPlayer] - 1) ) 	//last card in hand array is played
        -: 1176:    {
        -: 1177:      //reduce number of cards in hand
       10: 1178:      state->handCount[currentPlayer]--;
        -: 1179:    }
       90: 1180:  else if ( state->handCount[currentPlayer] == 1 ) //only one card in hand
        -: 1181:    {
        -: 1182:      //reduce number of cards in hand
        1: 1183:      state->handCount[currentPlayer]--;
        -: 1184:    }
        -: 1185:  else 	
        -: 1186:    {
        -: 1187:      //replace discarded card with last card in hand
       89: 1188:      state->hand[currentPlayer][handPos] = state->hand[currentPlayer][ (state->handCount[currentPlayer] - 1)];
        -: 1189:      //set last card to -1
       89: 1190:      state->hand[currentPlayer][state->handCount[currentPlayer] - 1] = -1;
        -: 1191:      //reduce number of cards in hand
       89: 1192:      state->handCount[currentPlayer]--;
        -: 1193:    }
        -: 1194:	
      100: 1195:  return 0;
        -: 1196:}
        -: 1197:
      227: 1198:int gainCard(int supplyPos, struct gameState *state, int toFlag, int player)
        -: 1199:{
        -: 1200:  //Note: supplyPos is enum of choosen card
        -: 1201:	
        -: 1202:  //check if supply pile is empty (0) or card is not used in game (-1)
      227: 1203:  if ( supplyCount(supplyPos, state) < 1 )
        -: 1204:    {
    #####: 1205:      return -1;
        -: 1206:    }
        -: 1207:	
        -: 1208:  //added card for [whoseTurn] current player:
        -: 1209:  // toFlag = 0 : add to discard
        -: 1210:  // toFlag = 1 : add to deck
        -: 1211:  // toFlag = 2 : add to hand
        -: 1212:
      227: 1213:  if (toFlag == 1)
        -: 1214:    {
    #####: 1215:      state->deck[ player ][ state->deckCount[player] ] = supplyPos;
    #####: 1216:      state->deckCount[player]++;
        -: 1217:    }
      227: 1218:  else if (toFlag == 2)
        -: 1219:    {
        3: 1220:      state->hand[ player ][ state->handCount[player] ] = supplyPos;
        3: 1221:      state->handCount[player]++;
        -: 1222:    }
        -: 1223:  else
        -: 1224:    {
      224: 1225:      state->discard[player][ state->discardCount[player] ] = supplyPos;
      224: 1226:      state->discardCount[player]++;
        -: 1227:    }
        -: 1228:	
        -: 1229:  //decrease number in supply pile
      227: 1230:  state->supplyCount[supplyPos]--;
        -: 1231:	 
      227: 1232:  return 0;
        -: 1233:}
        -: 1234:
      548: 1235:int updateCoins(int player, struct gameState *state, int bonus)
        -: 1236:{
        -: 1237:  int i;
        -: 1238:	
        -: 1239:  //reset coin count
      548: 1240:  state->coins = 0;
        -: 1241:
        -: 1242:  //add coins for each Treasure card in player's hand
     3221: 1243:  for (i = 0; i < state->handCount[player]; i++)
        -: 1244:    {
     2673: 1245:      if (state->hand[player][i] == copper)
        -: 1246:	{
      524: 1247:	  state->coins += 1;
        -: 1248:	}
     2149: 1249:      else if (state->hand[player][i] == silver)
        -: 1250:	{
      556: 1251:	  state->coins += 2;
        -: 1252:	}
     1593: 1253:      else if (state->hand[player][i] == gold)
        -: 1254:	{
    #####: 1255:	  state->coins += 3;
        -: 1256:	}	
        -: 1257:    }	
        -: 1258:
        -: 1259:  //add bonus
      548: 1260:  state->coins += bonus;
        -: 1261:
      548: 1262:  return 0;
        -: 1263:}
        -: 1264:
       15: 1265:int cardEmbargo(int currentPlayer, int choice1, struct gameState *state, int handPos)
        -: 1266:{
        -: 1267:	//+2 Coins
        -: 1268:    //state->coins = state->coins + 2;
        -: 1269:			
        -: 1270:    //see if selected pile is in play
       15: 1271:    if ( state->supplyCount[choice1] == -1 )
        -: 1272:	{
    #####: 1273:		return -1;
        -: 1274:	}
        -: 1275:			
        -: 1276:    //add embargo token to selected supply pile
       15: 1277:    state->embargoTokens[choice1]++;
        -: 1278:			
        -: 1279:    //trash card
       15: 1280:    discardCard(handPos, currentPlayer, state, 1);		
       15: 1281:    return 0;
        -: 1282:}
        -: 1283:
        4: 1284:int cardOutpost(int currentPlayer, struct gameState *state, int handPos)
        -: 1285:{
        -: 1286:	//set outpost flag
        4: 1287:    state->outpostPlayed++;
        -: 1288:			
        -: 1289:    //discard card
        4: 1290:    discardCard(handPos, currentPlayer, state, 0);
        4: 1291:    return 0;
        -: 1292:}
        -: 1293:
    #####: 1294:int cardSalvager(int currentPlayer, int choice1, struct gameState *state, int handPos)
        -: 1295:{
        -: 1296:	//+1 buy
        -: 1297:    //state->numBuys++;
        -: 1298:			
    #####: 1299:    if (choice1)
        -: 1300:	{
        -: 1301:		//gain coins equal to trashed card
    #####: 1302:		state->coins = state->coins + getCost( handCard(choice1, state) );
        -: 1303:		//trash card
    #####: 1304:		discardCard(choice1, currentPlayer, state, 1);	
        -: 1305:	}
        -: 1306:			
        -: 1307:    //discard card
    #####: 1308:    discardCard(handPos, currentPlayer, state, 0);
    #####: 1309:    return 0;
        -: 1310:	
        -: 1311:}
        -: 1312:
       35: 1313:int cardSeaHag(int currentPlayer, struct gameState *state)
        -: 1314:{
        -: 1315:	int i;
      105: 1316:	for (i = 0; i < state->numPlayers; i++){
       70: 1317:		if (i != currentPlayer){
       35: 1318:		  state->discard[i][state->discardCount[i]] = state->deck[i][state->deckCount[i]--];			    state->deckCount[i]--;
       35: 1319:		  state->discardCount[i]++;
       35: 1320:		  state->deck[i][state->deckCount[i]--] = curse;//Top card now a curse
        -: 1321:		}
        -: 1322:    }
        -: 1323:	
       35: 1324:	return 0;
        -: 1325:}
        -: 1326:
    #####: 1327:int cardTreasureMap(int currentPlayer, struct gameState *state, int handPos)
        -: 1328:{
        -: 1329:	//search hand for another treasure_map
    #####: 1330:    int index = -1;
    #####: 1331:	int i = 0;
    #####: 1332:    for (i = 0; i < state->handCount[currentPlayer]; i++)
        -: 1333:	{
    #####: 1334:	    if (state->hand[currentPlayer][i] == treasure_map && i != handPos)
        -: 1335:	    {
    #####: 1336:			index = i;
    #####: 1337:			break;
        -: 1338:	    }
        -: 1339:	}
    #####: 1340:    if (index > -1)
        -: 1341:	{
        -: 1342:		//trash both treasure cards
    #####: 1343:		discardCard(handPos, currentPlayer, state, 1);
    #####: 1344:		discardCard(index, currentPlayer, state, 1);
        -: 1345:
        -: 1346:		//gain 4 Gold cards
    #####: 1347:		for (i = 0; i < 4; i++)
        -: 1348:			{
        -: 1349:				//gainCard(gold, state, 1, currentPlayer);
        -: 1350:			}
        -: 1351:					
        -: 1352:		//return success
    #####: 1353:		return 1;
        -: 1354:	}
        -: 1355:			
        -: 1356:    //no second treasure_map found in hand
    #####: 1357:    return -1;
        -: 1358:	
        -: 1359:}
        -: 1360:
        -: 1361://end of dominion.c
        -: 1362:
