******************************************
* Dominion Test START ********************
******************************************

randomSeed :3
Initializing game...
#   Card          Cost   Copies
0   Smithy        4      10   
1   Remodel       4      10   
2   Baron         4      10   
3   Adventurer    6      10   
4   Tribute       5      10   
5   Outpost       5      10   
6   Council Room  5      10   
7   Mine          5      10   
8   Sea Hag       4      10   
9   Ambassador    3      10   

************ Player 0's turn ************
Coins = 3 
******* Action Phase ********
Actions = 1 
********* Buy Phase *********
Buys = 1 
Coins = 3 
Buying Silver (Cost 3)...
End of Player 0's turn.
*********** Score ***********
Player 0: 3  
Player 1: 2  
Player 2: 0  
************ Player 1's turn ************
Coins = 3 
******* Action Phase ********
Actions = 1 
********* Buy Phase *********
Buys = 1 
Coins = 3 
Buying Silver (Cost 3)...
End of Player 1's turn.
*********** Score ***********
Player 0: 3  
Player 1: 3  
Player 2: 2  
************ Player 2's turn ************
Coins = 3 
******* Action Phase ********
Actions = 1 
********* Buy Phase *********
Buys = 1 
Coins = 3 
Buying Silver (Cost 3)...
End of Player 2's turn.
*********** Score ***********
Player 0: 4  
Player 1: 3  
Player 2: 3  
************ Player 0's turn ************
Coins = 4 
******* Action Phase ********
Actions = 1 
********* Buy Phase *********
Buys = 1 
Coins = 4 
Buying Baron (Cost 4)...
End of Player 0's turn.
*********** Score ***********
Player 0: 4  
Player 1: 4  
Player 2: 3  
************ Player 1's turn ************
Coins = 4 
******* Action Phase ********
Actions = 1 
********* Buy Phase *********
Buys = 1 
Coins = 4 
Buying Baron (Cost 4)...
End of Player 1's turn.
*********** Score ***********
Player 0: 4  
Player 1: 4  
Player 2: 4  
************ Player 2's turn ************
Coins = 4 
******* Action Phase ********
Actions = 1 
********* Buy Phase *********
Buys = 1 
Coins = 4 
End of Player 2's turn.
*********** Score ***********
Player 0: 0  
Player 1: 4  
Player 2: 5  
************ Player 0's turn ************
Coins = 6 
******* Action Phase ********
Actions = 1 
********* Buy Phase *********
Buys = 1 
Coins = 6 
Buying Gold (Cost 6)...
End of Player 0's turn.
*********** Score ***********
Player 0: 2  
Player 1: 1  
Player 2: 5  
************ Player 1's turn ************
Coins = 3 
******* Action Phase ********
Actions = 1 
********* Buy Phase *********
Buys = 1 
Coins = 3 
Buying Silver (Cost 3)...
End of Player 1's turn.
*********** Score ***********
Player 0: 2  
Player 1: 3  
Player 2: 1  
************ Player 2's turn ************
Coins = 4 
******* Action Phase ********
Actions = 1 
********* Buy Phase *********
Buys = 1 
Coins = 4 
Buying Remodel (Cost 4)...
End of Player 2's turn.
*********** Score ***********
Player 0: 4  
Player 1: 3  
Player 2: 3  
************ Player 0's turn ************
Coins = 2 
******* Action Phase ********
Actions = 1 
********* Buy Phase *********
Buys = 1 
Coins = 2 
End of Player 0's turn.
*********** Score ***********
Player 0: 5  
Player 1: 5  
Player 2: 3  
************ Player 1's turn ************
Coins = 4 
******* Action Phase ********
Actions = 1 
********* Buy Phase *********
Buys = 1 
Coins = 4 
Buying Smithy (Cost 4)...
End of Player 1's turn.
*********** Score ***********
Player 0: 5  
Player 1: 6  
Player 2: 4  
************ Player 2's turn ************
Coins = 5 
******* Action Phase ********
Actions = 1 
********* Buy Phase *********
Buys = 1 
Coins = 5 
Buying Baron (Cost 4)...
End of Player 2's turn.
*********** Score ***********
Player 0: 2  
Player 1: 6  
Player 2: 4  
************ Player 0's turn ************
Coins = 2 
******* Action Phase ********
Actions = 1 
Playing Baron...
********* Buy Phase *********
Buys = 2 
Coins = 2 
End of Player 0's turn.
*********** Score ***********
Player 0: 3  
Player 1: 2  
Player 2: 4  
************ Player 1's turn ************
Coins = 3 
******* Action Phase ********
Actions = 1 
********* Buy Phase *********
Buys = 1 
Coins = 3 
Buying Silver (Cost 3)...
End of Player 1's turn.
*********** Score ***********
Player 0: 3  
Player 1: 3  
Player 2: 3  
************ Player 2's turn ************
Coins = 2 
******* Action Phase ********
Actions = 1 
********* Buy Phase *********
Buys = 1 
Coins = 2 
End of Player 2's turn.
*********** Score ***********
Player 0: 4  
Player 1: 3  
Player 2: 3  
************ Player 0's turn ************
Coins = 7 
******* Action Phase ********
Actions = 1 
********* Buy Phase *********
Buys = 1 
Coins = 7 
Buying Baron (Cost 4)...
End of Player 0's turn.
*********** Score ***********
Player 0: 5  
Player 1: 3  
Player 2: 3  
************ Player 1's turn ************
Coins = 5 
******* Action Phase ********
Actions = 1 
Playing Smithy...
********* Buy Phase *********
Buys = 1 
Coins = 7 
Buying Remodel (Cost 4)...
End of Player 1's turn.
*********** Score ***********
Player 0: 5  
Player 1: 4  
Player 2: 3  
************ Player 2's turn ************
Coins = 3 
******* Action Phase ********
Actions = 1 
Playing Baron...
********* Buy Phase *********
Buys = 2 
Coins = 3 
Buying Silver (Cost 3)...
End of Player 2's turn.
*********** Score ***********
Player 0: 0  
Player 1: 4  
Player 2: 6  
************ Player 0's turn ************
Coins = 4 
******* Action Phase ********
Actions = 1 
Playing Baron...
********* Buy Phase *********
Buys = 2 
Coins = 4 
Buying Sea Hag (Cost 4)...
End of Player 0's turn.
*********** Score ***********
Player 0: 3  
Player 1: 1  
Player 2: 6  
************ Player 1's turn ************
Coins = 4 
******* Action Phase ********
Actions = 1 
********* Buy Phase *********
Buys = 1 
Coins = 4 
Buying Smithy (Cost 4)...
End of Player 1's turn.
*********** Score ***********
Player 0: 3  
Player 1: 1  
Player 2: 1  
************ Player 2's turn ************
Coins = 6 
******* Action Phase ********
Actions = 1 
********* Buy Phase *********
Buys = 1 
Coins = 6 
Buying Gold (Cost 6)...
End of Player 2's turn.
*********** Score ***********
Player 0: 5  
Player 1: 1  
Player 2: 3  
************ Player 0's turn ************
Coins = 6 
******* Action Phase ********
Actions = 1 
********* Buy Phase *********
Buys = 1 
Coins = 6 
Buying Gold (Cost 6)...
End of Player 0's turn.
*********** Score ***********
Player 0: 5  
Player 1: 3  
Player 2: 3  
************ Player 1's turn ************
Coins = 3 
******* Action Phase ********
Actions = 1 
Playing Baron...
********* Buy Phase *********
Buys = 2 
Coins = 3 
Buying Silver (Cost 3)...
End of Player 1's turn.
*********** Score ***********
Player 0: 5  
Player 1: 6  
Player 2: 4  
************ Player 2's turn ************
Coins = 3 
******* Action Phase ********
Actions = 1 
********* Buy Phase *********
Buys = 1 
Coins = 3 
Buying Silver (Cost 3)...
End of Player 2's turn.
*********** Score ***********
Player 0: 2  
Player 1: 6  
Player 2: 6  
************ Player 0's turn ************
Coins = 2 
******* Action Phase ********
Actions = 1 
********* Buy Phase *********
Buys = 1 
Coins = 2 
End of Player 0's turn.
*********** Score ***********
Player 0: 3  
Player 1: 6  
Player 2: 6  
************ Player 1's turn ************
Coins = 6 
******* Action Phase ********
Actions = 1 
********* Buy Phase *********
Buys = 1 
Coins = 6 
Buying Gold (Cost 6)...
End of Player 1's turn.
*********** Score ***********
Player 0: 3  
Player 1: 2  
Player 2: 8  
************ Player 2's turn ************
Coins = 2 
******* Action Phase ********
Actions = 1 
Playing Baron...
********* Buy Phase *********
Buys = 2 
Coins = 2 
End of Player 2's turn.
*********** Score ***********
Player 0: 4  
Player 1: 2  
Player 2: 3  
************ Player 0's turn ************
Coins = 3 
******* Action Phase ********
Actions = 1 
Playing Sea Hag...
********* Buy Phase *********
Buys = 1 
Coins = 3 
Buying Silver (Cost 3)...
End of Player 0's turn.
*********** Score ***********
Player 0: 5  
Player 1: 1  
Player 2: 2  
************ Player 1's turn ************
Coins = 6 
******* Action Phase ********
Actions = 1 
********* Buy Phase *********
Buys = 1 
Coins = 6 
Buying Gold (Cost 6)...
End of Player 1's turn.
*********** Score ***********
Player 0: 5  
Player 1: 2  
Player 2: 2  
************ Player 2's turn ************
Coins = 4 
******* Action Phase ********
Actions = 1 
********* Buy Phase *********
Buys = 1 
Coins = 4 
Buying Smithy (Cost 4)...
End of Player 2's turn.
*********** Score ***********
Player 0: 6  
Player 1: 2  
Player 2: 2  
************ Player 0's turn ************
Coins = 6 
******* Action Phase ********
Actions = 1 
********* Buy Phase *********
Buys = 1 
Coins = 6 
Buying Gold (Cost 6)...
End of Player 0's turn.
*********** Score ***********
Player 0: 3  
Player 1: 3  
Player 2: 2  
************ Player 1's turn ************
Coins = 3 
******* Action Phase ********
Actions = 1 
Playing Remodel...
********* Buy Phase *********
Buys = 1 
Coins = 2 
End of Player 1's turn.
*********** Score ***********
Player 0: 3  
Player 1: 4  
Player 2: 4  
************ Player 2's turn ************
Coins = 2 
******* Action Phase ********
Actions = 1 
Playing Remodel...
ASSERTION FAILURE: Failed to play card!
Playing Baron...
********* Buy Phase *********
Buys = 2 
Coins = 2 
End of Player 2's turn.
*********** Score ***********
Player 0: 1  
Player 1: 4  
Player 2: 5  
************ Player 0's turn ************
Coins = 8 
******* Action Phase ********
Actions = 1 
********* Buy Phase *********
Buys = 1 
Coins = 8 
Buying Province (Cost 8)...
End of Player 0's turn.
*********** Score ***********
Player 0: 9  
Player 1: 5  
Player 2: 5  
************ Player 1's turn ************
Coins = 8 
******* Action Phase ********
Actions = 1 
********* Buy Phase *********
Buys = 1 
Coins = 8 
Buying Province (Cost 8)...
End of Player 1's turn.
*********** Score ***********
Player 0: 9  
Player 1: 12  
Player 2: 5  
************ Player 2's turn ************
Coins = 7 
******* Action Phase ********
Actions = 1 
********* Buy Phase *********
Buys = 1 
Coins = 7 
Buying Council Room (Cost 5)...
End of Player 2's turn.
*********** Score ***********
Player 0: 10  
Player 1: 12  
Player 2: 8  
************ Player 0's turn ************
Coins = 4 
******* Action Phase ********
Actions = 1 
Playing Baron...
********* Buy Phase *********
Buys = 2 
Coins = 4 
Buying Remodel (Cost 4)...
End of Player 0's turn.
*********** Score ***********
Player 0: 10  
Player 1: 1  
Player 2: 8  
************ Player 1's turn ************
Coins = 3 
******* Action Phase ********
Actions = 1 
Playing Baron...
********* Buy Phase *********
Buys = 2 
Coins = 3 
Buying Silver (Cost 3)...
End of Player 1's turn.
*********** Score ***********
Player 0: 10  
Player 1: 2  
Player 2: 0  
************ Player 2's turn ************
Coins = 6 
******* Action Phase ********
Actions = 1 
********* Buy Phase *********
Buys = 1 
Coins = 6 
Buying Gold (Cost 6)...
End of Player 2's turn.
*********** Score ***********
Player 0: 11  
Player 1: 2  
Player 2: 1  
************ Player 0's turn ************
Coins = 3 
******* Action Phase ********
Actions = 1 
********* Buy Phase *********
Buys = 1 
Coins = 3 
Buying Silver (Cost 3)...
End of Player 0's turn.
*********** Score ***********
Player 0: 12  
Player 1: 8  
Player 2: 1  
************ Player 1's turn ************
Coins = 8 
******* Action Phase ********
Actions = 1 
********* Buy Phase *********
Buys = 1 
Coins = 8 
Buying Province (Cost 8)...
End of Player 1's turn.
*********** Score ***********
Player 0: 12  
Player 1: 16  
Player 2: 4  
************ Player 2's turn ************
Coins = 1 
******* Action Phase ********
Actions = 1 
Playing Baron...
********* Buy Phase *********
Buys = 2 
Coins = 1 
End of Player 2's turn.
*********** Score ***********
Player 0: 1  
Player 1: 16  
Player 2: 5  
************ Player 0's turn ************
Coins = 5 
******* Action Phase ********
Actions = 1 
Playing Remodel...
ASSERTION FAILURE: Failed to play card!
Playing Sea Hag...
********* Buy Phase *********
Buys = 1 
Coins = 5 
Buying Smithy (Cost 4)...
End of Player 0's turn.
*********** Score ***********
Player 0: 1  
Player 1: 16  
Player 2: 5  
************ Player 1's turn ************
Coins = 5 
******* Action Phase ********
Actions = 1 
********* Buy Phase *********
Buys = 1 
Coins = 5 
Buying Tribute (Cost 5)...
End of Player 1's turn.
*********** Score ***********
Player 0: 1  
Player 1: 24  
Player 2: 6  
************ Player 2's turn ************
Coins = 4 
******* Action Phase ********
Actions = 1 
Playing Remodel...
ASSERTION FAILURE: Failed to play card!
Playing Remodel...
ASSERTION FAILURE: Failed to play card!
Playing Remodel...
ASSERTION FAILURE: Failed to play card!
Playing Remodel...
ASSERTION FAILURE: Failed to play card!
********* Buy Phase *********
Buys = 1 
Coins = 4 
Buying Sea Hag (Cost 4)...
End of Player 2's turn.
*********** Score ***********
Player 0: 9  
Player 1: 24  
Player 2: 8  
************ Player 0's turn ************
Coins = 2 
******* Action Phase ********
Actions = 1 
********* Buy Phase *********
Buys = 1 
Coins = 2 
End of Player 0's turn.
*********** Score ***********
Player 0: 10  
Player 1: 12  
Player 2: 8  
************ Player 1's turn ************
Coins = 6 
******* Action Phase ********
Actions = 1 
********* Buy Phase *********
Buys = 1 
Coins = 6 
Buying Gold (Cost 6)...
End of Player 1's turn.
*********** Score ***********
Player 0: 10  
Player 1: 14  
Player 2: 0  
************ Player 2's turn ************
Coins = 7 
******* Action Phase ********
Actions = 1 
********* Buy Phase *********
Buys = 1 
Coins = 7 
Buying Council Room (Cost 5)...
End of Player 2's turn.
*********** Score ***********
Player 0: 11  
Player 1: 14  
Player 2: 2  
************ Player 0's turn ************
Coins = 5 
******* Action Phase ********
Actions = 1 
********* Buy Phase *********
Buys = 1 
Coins = 5 
Buying Remodel (Cost 4)...
End of Player 0's turn.
*********** Score ***********
Player 0: 19  
Player 1: 14  
Player 2: 2  
************ Player 1's turn ************
Coins = 7 
******* Action Phase ********
Actions = 1 
Playing Tribute...
********* Buy Phase *********
Buys = 1 
Coins = 9 
Buying Province (Cost 8)...
End of Player 1's turn.
*********** Score ***********
Player 0: 19  
Player 1: 22  
Player 2: 3  
************ Player 2's turn ************
Coins = 3 
******* Action Phase ********
Actions = 1 
Playing Sea Hag...
********* Buy Phase *********
Buys = 1 
Coins = 3 
Buying Silver (Cost 3)...
End of Player 2's turn.
*********** Score ***********
Player 0: 0  
Player 1: 21  
Player 2: 4  
************ Player 0's turn ************
Coins = 5 
******* Action Phase ********
Actions = 1 
Playing Remodel...
********* Buy Phase *********
Buys = 1 
Coins = 4 
Buying Smithy (Cost 4)...
End of Player 0's turn.
*********** Score ***********
Player 0: 2  
Player 1: 23  
Player 2: 4  
************ Player 1's turn ************
Coins = 4 
******* Action Phase ********
Actions = 1 
Playing Baron...
********* Buy Phase *********
Buys = 2 
Coins = 4 
Buying Remodel (Cost 4)...
End of Player 1's turn.
*********** Score ***********
Player 0: 2  
Player 1: 33  
Player 2: 6  
************ Player 2's turn ************
Coins = 3 
******* Action Phase ********
Actions = 1 
********* Buy Phase *********
Buys = 1 
Coins = 3 
Buying Silver (Cost 3)...
End of Player 2's turn.
*********** Score ***********
Player 0: 9  
Player 1: 33  
Player 2: 8  
************ Player 0's turn ************
Coins = 3 
******* Action Phase ********
Actions = 1 
Playing Smithy...
********* Buy Phase *********
Buys = 1 
Coins = 6 
Buying Gold (Cost 6)...
End of Player 0's turn.
*********** Score ***********
Player 0: 18  
Player 1: 6  
Player 2: 8  
************ Player 1's turn ************
Coins = 4 
******* Action Phase ********
Actions = 1 
Playing Baron...
********* Buy Phase *********
Buys = 2 
Coins = 4 
Buying Baron (Cost 4)...
End of Player 1's turn.
*********** Score ***********
Player 0: 18  
Player 1: 10  
Player 2: 1  
************ Player 2's turn ************
Coins = 2 
******* Action Phase ********
Actions = 1 
Playing Remodel...
ASSERTION FAILURE: Failed to play card!
Playing Remodel...
ASSERTION FAILURE: Failed to play card!
Playing Baron...
********* Buy Phase *********
Buys = 2 
Coins = 2 
End of Player 2's turn.
*********** Score ***********
Player 0: 20  
Player 1: 10  
Player 2: 1  
************ Player 0's turn ************
Coins = 2 
******* Action Phase ********
Actions = 1 
Playing Remodel...
ASSERTION FAILURE: Failed to play card!
Playing Remodel...
ASSERTION FAILURE: Failed to play card!
Playing Remodel...
ASSERTION FAILURE: Failed to play card!
********* Buy Phase *********
Buys = 1 
Coins = 2 
End of Player 0's turn.
*********** Score ***********
Player 0: 21  
Player 1: 16  
Player 2: 1  
************ Player 1's turn ************
Coins = 5 
******* Action Phase ********
Actions = 1 
Playing Tribute...
********* Buy Phase *********
Buys = 1 
Coins = 5 
Buying Mine (Cost 5)...
End of Player 1's turn.
*********** Score ***********
Player 0: 21  
Player 1: 22  
Player 2: 2  
************ Player 2's turn ************
Coins = 4 
******* Action Phase ********
Actions = 1 
Playing Council Room...
********* Buy Phase *********
Buys = 2 
Coins = 10 
Buying Province (Cost 8)...
End of Player 2's turn.
*********** Score ***********
Player 0: 0  
Player 1: 22  
Player 2: 9  
************ Player 0's turn ************
Coins = 10 
******* Action Phase ********
Actions = 1 
********* Buy Phase *********
Buys = 1 
Coins = 10 
Buying Province (Cost 8)...
End of Player 0's turn.
*********** Score ***********
Player 0: 8  
Player 1: 28  
Player 2: 9  
************ Player 1's turn ************
Coins = 11 
******* Action Phase ********
Actions = 1 
********* Buy Phase *********
Buys = 1 
Coins = 11 
Buying Province (Cost 8)...
End of Player 1's turn.
*********** Score ***********
Player 0: 8  
Player 1: 40  
Player 2: 0  
************ Player 2's turn ************
Coins = 6 
******* Action Phase ********
Actions = 1 
Playing Sea Hag...
********* Buy Phase *********
Buys = 1 
Coins = 6 
Buying Gold (Cost 6)...
End of Player 2's turn.
*********** Score ***********
Player 0: 9  
Player 1: 45  
Player 2: 8  
************ Player 0's turn ************
Coins = 5 
******* Action Phase ********
Actions = 1 
********* Buy Phase *********
Buys = 1 
Coins = 5 
Buying Council Room (Cost 5)...
End of Player 0's turn.
*********** Score ***********
Player 0: 16  
Player 1: 8  
Player 2: 8  
************ Player 1's turn ************
Coins = 2 
******* Action Phase ********
Actions = 1 
********* Buy Phase *********
Buys = 1 
Coins = 2 
End of Player 1's turn.
*********** Score ***********
Player 0: 16  
Player 1: 14  
Player 2: 8  
************ Player 2's turn ************
Coins = 5 
******* Action Phase ********
Actions = 1 
********* Buy Phase *********
Buys = 1 
Coins = 5 
Buying Council Room (Cost 5)...
End of Player 2's turn.
*********** Score ***********
Player 0: 22  
Player 1: 14  
Player 2: 8  
************ Player 0's turn ************
Coins = 2 
******* Action Phase ********
Actions = 1 
Playing Baron...
********* Buy Phase *********
Buys = 2 
Coins = 2 
End of Player 0's turn.
*********** Score ***********
Player 0: 23  
Player 1: 21  
Player 2: 8  
************ Player 1's turn ************
Coins = 3 
******* Action Phase ********
Actions = 1 
Playing Tribute...
Playing Tribute...
********* Buy Phase *********
Buys = 1 
Coins = 7 
Buying Council Room (Cost 5)...
End of Player 1's turn.
*********** Score ***********
Player 0: 23  
Player 1: 34  
Player 2: 0  
************ Player 2's turn ************
Coins = 5 
******* Action Phase ********
Actions = 1 
Playing Baron...
********* Buy Phase *********
Buys = 2 
Coins = 5 
Buying Remodel (Cost 4)...
End of Player 2's turn.
*********** Score ***********
Player 0: 2  
Player 1: 34  
Player 2: 1  
************ Player 0's turn ************
Coins = 8 
******* Action Phase ********
Actions = 1 
********* Buy Phase *********
Buys = 1 
Coins = 8 
Buying Province (Cost 8)...
End of Player 0's turn.
*********** Score ***********
Player 0: 15  
Player 1: 34  
Player 2: 1  
************ Player 1's turn ************
Coins = 11 
******* Action Phase ********
Actions = 1 
********* Buy Phase *********
Buys = 1 
Coins = 11 
Buying Province (Cost 8)...
End of Player 1's turn.
*********** Score ***********
Player 0: 15  
Player 1: 52  
Player 2: 1  
************ Player 2's turn ************
Coins = 6 
******* Action Phase ********
Actions = 1 
********* Buy Phase *********
Buys = 1 
Coins = 6 
Buying Gold (Cost 6)...
End of Player 2's turn.
*********** Score ***********
Player 0: 15  
Player 1: 52  
Player 2: 1  
************ Player 0's turn ************
Coins = 8 
******* Action Phase ********
Actions = 1 
********* Buy Phase *********
Buys = 1 
Coins = 8 
Buying Province (Cost 8)...
End of Player 0's turn.
*********** Score ***********
Player 0: 28  
Player 1: 6  
Player 2: 1  
************ Player 1's turn ************
Coins = 6 
******* Action Phase ********
Actions = 1 
Playing Baron...
********* Buy Phase *********
Buys = 2 
Coins = 6 
Buying Gold (Cost 6)...
End of Player 1's turn.
*********** Score ***********
Player 0: 28  
Player 1: 13  
Player 2: 0  
************ Player 2's turn ************
Coins = 12 
******* Action Phase ********
Actions = 1 
Playing Council Room...
********* Buy Phase *********
Buys = 2 
Coins = 13 
Buying Province (Cost 8)...
Buying Tribute (Cost 5)...
End of Player 2's turn.
*********** Score ***********
Player 0: 35  
Player 1: 19  
Player 2: 7  
************ Player 0's turn ************
Coins = 1 
******* Action Phase ********
Actions = 1 
Playing Smithy...
********* Buy Phase *********
Buys = 1 
Coins = 3 
Buying Silver (Cost 3)...
End of Player 0's turn.
*********** Score ***********
Player 0: 34  
Player 1: 26  
Player 2: 7  
************ Player 1's turn ************
Coins = 3 
******* Action Phase ********
Actions = 1 
Playing Baron...
********* Buy Phase *********
Buys = 2 
Coins = 3 
Buying Silver (Cost 3)...
End of Player 1's turn.
*********** Score ***********
Player 0: 34  
Player 1: 26  
Player 2: 8  
************ Player 2's turn ************
Coins = 3 
******* Action Phase ********
Actions = 1 
Playing Remodel...
********* Buy Phase *********
Buys = 1 
Coins = 2 
End of Player 2's turn.
*********** Score ***********
Player 0: 7  
Player 1: 26  
Player 2: 8  
************ Player 0's turn ************
Coins = 3 
******* Action Phase ********
Actions = 1 
Playing Remodel...
********* Buy Phase *********
Buys = 1 
Coins = 2 
End of Player 0's turn.
*********** Score ***********
Player 0: 7  
Player 1: 27  
Player 2: 8  
************ Player 1's turn ************
Coins = 8 
******* Action Phase ********
Actions = 1 
********* Buy Phase *********
Buys = 1 
Coins = 8 
Buying Province (Cost 8)...
End of Player 1's turn.
*********** Score ***********
Player 0: 7  
Player 1: 46  
Player 2: 6  
******************************************
* Dominion Test FINISHED *****************
******************************************

