Running Random Dominion Cards


 Test # 0
The new Array is:
 21  14  15  12  13  19  10  11  18  22  17  25  23  16  24  9  7  8  26  20 
The embarg num is 22
 Game has 2 card(s) that cost two
Game has 3 card(s) that cost three
Game has 5 card(s) that cost four
Game has 3 card(s) that cost five
Game has 1 card(s) that cost six
Starting Game #0
I initialized my game #0
The number of provinces is 8
0: bought silver
0: end turn
1: bought a card costing 5 - it was a Duchy
1: end turn
End of Turn Round #1
Player 0: 1
Player 1: 2
0: cursed itself
0: end turn
1: bought a card costing 5 - it was a Duchy
1: end turn
End of Turn Round #2
Player 0: 0
Player 1: 2
0: bought copper
0: end turn
1: bought a card costing 5 - it was a Mine
1: end turn
End of Turn Round #3
Player 0: 0
Player 1: 2
0: cursed itself
0: end turn
1: bought a card costing 5 - it was a Mine
1: end turn
End of Turn Round #4
Player 0: 0
Player 1: 2
0: bought copper
0: end turn
1: bought a card costing 5 - it was a Mine
1: end turn
End of Turn Round #5
Player 0: 0
Player 1: 2
0: cursed itself
0: end turn
1: bought a card costing 0 - it was a Copper
1: end turn
End of Turn Round #6
Player 0: -1
Player 1: 2
0: bought silver
0: end turn
1: bought a card costing 5 - it was a Tribute
1: end turn
End of Turn Round #7
Player 0: -1
Player 1: 1
0: cursed itself
0: end turn
1: bought a card costing 0 - it was a Copper
1: end turn
End of Turn Round #8
Player 0: -2
Player 1: 1
0: bought copper
0: end turn
1: bought a card costing 5 - it was a Mine
1: end turn
End of Turn Round #9
Player 0: -2
Player 1: 1
0: cursed itself
0: end turn
1: bought a card costing 5 - it was a Duchy
1: end turn
End of Turn Round #10
Player 0: -3
Player 1: 1
0: bought silver
0: end turn
1: bought a card costing 5 - it was a Duchy
1: end turn
End of Turn Round #11
Player 0: -2
Player 1: 2
0:bought a duchy
0: end turn
1: bought a card costing 5 - it was a Duchy
1: end turn
End of Turn Round #12
Player 0: -3
Player 1: 2
0: bought copper
0: end turn
1: bought a card costing 5 - it was a Mine
1: end turn
End of Turn Round #13
Player 0: -5
Player 1: 1
0: cursed itself
0: end turn
1: bought a card costing 0 - it was a Copper
1: end turn
End of Turn Round #14
Player 0: -1
Player 1: 1
0: bought copper
0: end turn
1: bought a card costing 5 - it was a Tribute
1: end turn
End of Turn Round #15
Player 0: -4
Player 1: 1
0:bought a duchy
0: end turn
1: bought a card costing 5 - it was a Tribute
1: end turn
End of Turn Round #16
Player 0: -6
Player 1: 4
0: bought province
0: end turn
1: bought a card costing 0 - it was a Copper
1: end turn
End of Turn Round #17
Player 0: -2
Player 1: 1
0: bought province
0: end turn
1: bought a card costing 0 - it was a Curse
1: end turn
End of Turn Round #18
Player 0: -2
Player 1: -1
0: bought silver
0: end turn
1: bought a card costing 5 - it was a Duchy
1: end turn
End of Turn Round #19
Player 0: -5
Player 1: 0
0: cursed itself
0: end turn
1: bought a card costing 5 - it was a Duchy
1: end turn
End of Turn Round #20
Player 0: -1
Player 1: -1
0: bought silver
0: end turn
1: bought a card costing 5 - it was a Duchy
1: end turn
End of Turn Round #21
Player 0: -5
Player 1: 1
0: cursed itself
0: end turn
1: bought a card costing 5 - it was a Mine
1: end turn
End of Turn Round #22
Player 0: -8
Player 1: 0
0: bought silver
0: end turn
1: bought a card costing 5 - it was a Mine
1: end turn
End of Turn Round #23
Player 0: -10
Player 1: -1
0: cursed itself
0: end turn
1: bought a card costing 0 - it was a Copper
1: end turn
End of Turn Round #24
Player 0: -1
Player 1: 1
0: bought silver
0: end turn
1: bought a card costing 0 - it was a Curse
1: end turn
End of Turn Round #25
Player 0: -3
Player 1: 1
0:bought a duchy
0: end turn
1: bought a card costing 5 - it was a Mine
1: end turn
End of Turn Round #26
Player 0: -9
Player 1: -1
0: bought province
0: end turn
1: bought a card costing 5 - it was a Mine
1: end turn
End of Turn Round #27
Player 0: -10
Player 1: 0
0: cursed itself
0: end turn
1: bought a card costing 5 - it was a Duchy
1: end turn
End of Turn Round #28
Player 0: -3
Player 1: 0
0: bought copper
0: end turn
1: bought a card costing 5 - it was a Mine
1: end turn
End of Turn Round #29
Player 0: -5
Player 1: 0
0:bought a duchy
0: end turn
1: bought a card costing 0 - it was a Curse
1: end turn
End of Turn Round #30
Player 0: -5
Player 1: 0
0: bought copper
0: end turn
1: bought a card costing 5 - it was a Tribute
1: end turn
End of Turn Round #31
Player 0: -8
Player 1: 1
0:bought a duchy
0: end turn
1: bought a card costing 5 - it was a Mine
1: end turn
End of Turn Round #32
Player 0: 0
Player 1: 0
0: bought silver
0: end turn
1: bought a card costing 5 - it was a Mine
1: end turn
End of Turn Round #33
Player 0: -5
Player 1: 1
0: cursed itself
0: end turn
1: bought a card costing 5 - it was a Duchy
1: end turn
End of Turn Round #34
Player 0: -3
Player 1: 0
0: bought copper
0: end turn
1: bought a card costing 5 - it was a Mine
1: end turn
End of Turn Round #35
Player 0: -3
Player 1: 0
0: cursed itself
0: end turn
1: bought a card costing 5 - it was a Mine
1: end turn
End of Turn Round #36
Player 0: -7
Player 1: 0
0: bought province
0: end turn
1: bought a card costing 5 - it was a Tribute
1: end turn
End of Turn Round #37
Player 0: -1
Player 1: 0
0:bought a duchy
0: end turn
1: bought a card costing 5 - it was a Tribute
1: end turn
End of Turn Round #38
Player 0: 3
Player 1: -1
0: bought copper
0: end turn
1: bought a card costing 0 - it was a Copper
1: end turn
End of Turn Round #39
Player 0: 0
Player 1: 0
0: cursed itself
0: end turn
1: bought a card costing 5 - it was a Duchy
1: end turn
End of Turn Round #40
Player 0: -3
Player 1: 0
0: bought copper
0: end turn
1: bought a card costing 0 - it was a Curse
1: end turn
End of Turn Round #41
Player 0: -5
Player 1: 0
0: cursed itself
0: end turn
1: bought a card costing 5 - it was a Duchy
1: end turn
End of Turn Round #42
Player 0: -2
Player 1: 4
0: bought silver
0: end turn
1: bought a card costing 5 - it was a Mine
1: end turn
End of Turn Round #43
Player 0: -1
Player 1: 3
0: cursed itself
0: end turn
1: bought a card costing 0 - it was a Copper
1: end turn
End of Turn Round #44
Player 0: -3
Player 1: 3
0: bought silver
0: end turn
1: bought a card costing 5 - it was a Tribute
1: end turn
End of Turn Round #45
Player 0: 1
Player 1: 3
0: cursed itself
0: end turn
1: bought a card costing 5 - it was a Duchy
1: end turn
End of Turn Round #46
Player 0: 0
Player 1: 3
0: bought silver
0: end turn
1: bought a card costing 5 - it was a Tribute
1: end turn
End of Turn Round #47
Player 0: 1
Player 1: 3
0: cursed itself
0: end turn
1: bought a card costing 5 - it was a Mine
1: end turn
End of Turn Round #48
Player 0: 1
Player 1: 6
0: bought silver
0: end turn
1: bought a card costing 0 - it was a Curse
1: end turn
End of Turn Round #49
Player 0: -1
Player 1: 2
0:bought a duchy
0: end turn
1: bought a card costing 5 - it was a Duchy
1: end turn
End of Turn Round #50
Player 0: 0
Player 1: 4
0: bought copper
0: end turn
1: bought a card costing 5 - it was a Duchy
1: end turn
End of Turn Round #51
Player 0: -1
Player 1: 6
0:bought a duchy
0: end turn
1: bought a card costing 5 - it was a Duchy
1: end turn
End of Turn Round #52
Player 0: -2
Player 1: -1
0: bought copper
0: end turn
1: bought a card costing 0 - it was a Curse
1: end turn
End of Turn Round #53
Player 0: -1
Player 1: 6
0: bought province
0: end turn
1: bought a card costing 5 - it was a Duchy
1: end turn
End of Turn Round #54
Player 0: -4
Player 1: 6
0: bought province
0: end turn
1: bought a card costing 5 - it was a Mine
1: end turn
End of Turn Round #55
Player 0: 1
Player 1: 3
0:bought a duchy
0: end turn
1: bought a card costing 5 - it was a Mine
1: end turn
End of Turn Round #56
Player 0: -2
Player 1: 3
0: bought copper
0: end turn
1: bought a card costing 5 - it was a Duchy
1: end turn
End of Turn Round #57
Player 0: 3
Player 1: 6
0: bought province
0: end turn
1: bought a card costing 5 - it was a Mine
1: end turn
End of Turn Round #58
Player 0: 11
Player 1: 4
0: bought province
0: end turn
1: bought a card costing 0 - it was a Copper
1: end turn
End of Turn Round #59
Player 0: 13
Player 1: 2
0:bought a duchy
0: end turn
1: bought a card costing 0 - it was a Curse
1: end turn
End of Turn Round #60
Player 0: 17
Player 1: 6
0: bought silver
0: end turn
1: bought a card costing 5 - it was a Duchy
1: end turn
End of Turn Round #61
Player 0: 17
Player 1: 0
0: cursed itself
0: end turn
1: bought a card costing 5 - it was a Mine
1: end turn
End of Turn Round #62
Player 0: -1
Player 1: 2
0: bought copper
0: end turn
1: bought a card costing 5 - it was a Mine
1: end turn
End of Turn Round #63
Player 0: -2
Player 1: 6
0: cursed itself
0: end turn
1: bought a card costing 5 - it was a Duchy
1: end turn
End of Turn Round #64
Player 0: 2
Player 1: 2
0: bought silver
0: end turn
1: bought a card costing 5 - it was a Duchy
1: end turn
End of Turn Round #65
Player 0: 12
Player 1: 6
0: cursed itself
0: end turn
1: bought a card costing 0 - it was a Copper
1: end turn
End of Turn Round #66
Player 0: 9
Player 1: 8
0: bought province
0: end turn
1: bought a card costing 0 - it was a Curse
1: end turn
End of Turn Round #67
Player 0: 21
Player 1: 4
0: bought province
0: end turn
1: bought a card costing 5 - it was a Tribute
1: end turn
End of Turn Round #68
Player 0: 23
Player 1: 6
0: bought silver
0: end turn
1: bought a card costing 5 - it was a Duchy
1: end turn
End of Turn Round #69
Player 0: 23
Player 1: 8
0:bought a duchy
0: end turn
1: bought a card costing 0 - it was a Curse
1: end turn
End of Turn Round #70
Player 0: 2
Player 1: 6
0: bought copper
0: end turn
1: bought a card costing 0 - it was a Curse
1: end turn
End of Turn Round #71
Player 0: 13
Player 1: 6
0:bought a duchy
0: end turn
1: bought a card costing 5 - it was a Duchy
1: end turn
End of Turn Round #72
Player 0: 11
Player 1: 6
0: bought copper
0: end turn
1: bought a card costing 0 - it was a Copper
1: end turn
End of Turn Round #73
Player 0: 13
Player 1: 6
0:bought a duchy
0: end turn
1: bought a card costing 5 - it was a Tribute
1: end turn
End of Turn Round #74
Player 0: 23
Player 1: 8
0: bought copper
0: end turn
1: bought a card costing 0 - it was a Curse
1: end turn
End of Turn Round #75
Player 0: 23
Player 1: 3
0: cursed itself
0: end turn
1: bought a card costing 5 - it was a Duchy
1: end turn
End of Turn Round #76
Player 0: 19
Player 1: 6
0: bought silver
0: end turn
1: bought a card costing 5 - it was a Duchy
1: end turn
End of Turn Round #77
Player 0: 19
Player 1: 12
0:bought a duchy
0: end turn
1: bought a card costing 5 - it was a Mine
1: end turn
End of Turn Round #78
Player 0: 10
Player 1: 15
0: bought copper
0: end turn
1: bought a card costing 5 - it was a Duchy
1: end turn
End of Turn Round #79
Player 0: 10
Player 1: 4
0: bought province
0: end turn
1: bought a card costing 0 - it was a Curse
1: end turn
End of Turn Round #80
Player 0: 9
Player 1: 9
0: bought province
0: end turn
1: bought a card costing 0 - it was a Curse
1: end turn
End of Turn Round #81
Player 0: 18
Player 1: 9
0: bought province
0: end turn
1: bought a card costing 0 - it was a Curse
1: end turn
End of Turn Round #82
Player 0: 17
Player 1: 14
0: bought silver
0: end turn
1: bought a card costing 5 - it was a Mine
1: end turn
End of Turn Round #83
Player 0: 20
Player 1: 7
0:bought a duchy
0: end turn
1: bought a card costing 5 - it was a Duchy
1: end turn
End of Turn Round #84
Player 0: 25
Player 1: 6
0: bought copper
0: end turn
1: bought a card costing 5 - it was a Mine
1: end turn
End of Turn Round #85
Player 0: 31
Player 1: 11
0: bought province
0: end turn
1: bought a card costing 5 - it was a Mine
1: end turn
End of Turn Round #86
Player 0: 30
Player 1: 14
0: bought silver
0: end turn
1: bought a card costing 5 - it was a Duchy
1: end turn
End of Turn Round #87
Player 0: 0
Player 1: 2
0:bought a duchy
0: end turn
1: bought a card costing 5 - it was a Duchy
1: end turn
End of Turn Round #88
Player 0: 1
Player 1: 6
0: bought silver
0: end turn
1: bought a card costing 0 - it was a Curse
1: end turn
End of Turn Round #89
Player 0: 6
Player 1: 13
0: bought province
0: end turn
1: bought a card costing 5 - it was a Mine
1: end turn
End of Turn Round #90
Player 0: 8
Player 1: 15
0: bought silver
0: end turn
1: bought a card costing 5 - it was a Tribute
1: end turn
End of Turn Round #91
Player 0: 11
Player 1: 3
0:bought a duchy
0: end turn
1: bought a card costing 0 - it was a Curse
1: end turn
End of Turn Round #92
Player 0: 26
Player 1: 6
0: bought province
0: end turn
1: bought a card costing 5 - it was a Mine
1: end turn
End of Turn Round #93
Player 0: 28
Player 1: 15
0: cursed itself
0: end turn
1: bought a card costing 5 - it was a Tribute
1: end turn
End of Turn Round #94
Player 0: 32
Player 1: 15
0: bought province
0: end turn
1: bought a card costing 0 - it was a Copper
1: end turn
End of Turn Round #95
Player 0: 40
Player 1: 3
0:bought a duchy
0: end turn
1: bought a card costing 5 - it was a Mine
1: end turn
End of Turn Round #96
Player 0: 41
Player 1: 9
0: bought province
0: end turn
1: bought a card costing 5 - it was a Tribute
1: end turn
End of Turn Round #97
Player 0: -1
Player 1: 13
0: bought province
0: end turn
1: bought a card costing 0 - it was a Copper
1: end turn
End of Turn Round #98
Player 0: 0
Player 1: 17
0: bought silver
0: end turn
1: bought a card costing 5 - it was a Tribute
1: end turn
End of Turn Round #99
Player 0: 9
Player 1: 0
0:bought a duchy
0: end turn
1: bought a card costing 5 - it was a Duchy
1: end turn
End of Turn Round #100
Player 0: 17
Player 1: 5
0: bought copper
0: end turn
1: bought a card costing 5 - it was a Duchy
1: end turn
End of Turn Round #101
Player 0: 23
Player 1: 13
0:bought a duchy
0: end turn
1: bought a card costing 0 - it was a Copper
1: end turn
End of Turn Round #102
Player 0: 19
Player 1: 18
0: bought province
0: end turn
1: bought a card costing 5 - it was a Duchy
1: end turn
End of Turn Round #103
Player 0: 17
Player 1: 14
0: cursed itself
0: end turn
1: bought a card costing 5 - it was a Mine
1: end turn
End of Turn Round #104
Player 0: 29
Player 1: 0
0: bought silver
0: end turn
1: bought a card costing 0 - it was a Copper
1: end turn
End of Turn Round #105
Player 0: 34
Player 1: 6
0: cursed itself
0: end turn
1: bought a card costing 0 - it was a Copper
1: end turn
End of Turn Round #106
Player 0: 42
Player 1: 15
0: bought copper
0: end turn
1: bought a card costing 0 - it was a Copper
1: end turn
End of Turn Round #107
Player 0: -1
Player 1: 18
0: cursed itself
0: end turn
1: bought a card costing 5 - it was a Tribute
1: end turn
End of Turn Round #108
Player 0: -2
Player 1: 14
0: bought silver
0: end turn
1: bought a card costing 5 - it was a Duchy
1: end turn
End of Turn Round #109
Player 0: 1
Player 1: 6
0:bought a duchy
0: end turn
1: bought a card costing 5 - it was a Tribute
1: end turn
End of Turn Round #110
Player 0: 6
Player 1: 6
0: bought copper
0: end turn
1: bought a card costing 5 - it was a Mine
1: end turn
End of Turn Round #111
Player 0: 15
Player 1: 9
0:bought a duchy
0: end turn
1: bought a card costing 5 - it was a Duchy
1: end turn
End of Turn Round #112
Player 0: 20
Player 1: 12
0: bought copper
0: end turn
1: bought a card costing 5 - it was a Duchy
1: end turn
End of Turn Round #113
Player 0: 25
Player 1: 12
0:bought a duchy
0: end turn
1: bought a card costing 5 - it was a Mine
1: end turn
End of Turn Round #114
Player 0: 34
Player 1: 17
0: bought province
0: end turn
1: bought a card costing 0 - it was a Curse
1: end turn
End of Turn Round #115
Player 0: 36
Player 1: 6
0: bought province
0: end turn
1: bought a card costing 5 - it was a Mine
1: end turn
End of Turn Round #116
Player 0: 40
Player 1: 9
0: bought silver
0: end turn
1: bought a card costing 5 - it was a Mine
1: end turn
End of Turn Round #117
Player 0: 41
Player 1: 9
0: cursed itself
0: end turn
1: bought a card costing 5 - it was a Mine
1: end turn
End of Turn Round #118
Player 0: -1
Player 1: 9
0: bought province
0: end turn
1: bought a card costing 5 - it was a Tribute
1: end turn
End of Turn Round #119
Player 0: 2
Player 1: 12
0: cursed itself
0: end turn
1: bought a card costing 0 - it was a Copper
1: end turn
End of Turn Round #120
Player 0: 8
Player 1: 12
0: bought silver
0: end turn
1: bought a card costing 0 - it was a Curse
1: end turn
End of Turn Round #121
Player 0: 9
Player 1: 5
0: cursed itself
0: end turn
1: bought a card costing 5 - it was a Mine
1: end turn
End of Turn Round #122
Player 0: 15
Player 1: 5
0: bought silver
0: end turn
1: bought a card costing 5 - it was a Duchy
1: end turn
End of Turn Round #123
Player 0: 14
Player 1: 9
0: cursed itself
0: end turn
1: bought a card costing 5 - it was a Mine
1: end turn
End of Turn Round #124
Player 0: 26
Player 1: 10
0: bought copper
0: end turn
1: bought a card costing 5 - it was a Duchy
1: end turn
End of Turn Round #125
Player 0: 26
Player 1: 13
0: bought province
0: end turn
1: bought a card costing 5 - it was a Duchy
1: end turn
End of Turn Round #126
Player 0: 31
Player 1: 16
0: bought copper
0: end turn
1: bought a card costing 5 - it was a Tribute
1: end turn
End of Turn Round #127
Player 0: 32
Player 1: 2
0: bought province
0: end turn
1: bought a card costing 0 - it was a Copper
1: end turn
End of Turn Round #128
Player 0: 38
Player 1: 8
0: bought silver
0: end turn
1: bought a card costing 0 - it was a Curse
1: end turn
End of Turn Round #129
Player 0: 40
Player 1: 9
0:bought a duchy
0: end turn
1: bought a card costing 5 - it was a Duchy
1: end turn
End of Turn Round #130
Player 0: 2
Player 1: 10
0: bought province
0: end turn
1: bought a card costing 5 - it was a Duchy
1: end turn
End of Turn Round #131
Player 0: 8
Player 1: 13
0:bought a duchy
0: end turn
1: bought a card costing 0 - it was a Copper
1: end turn
End of Turn Round #132
Player 0: 5
Player 1: 16
0: bought silver
0: end turn
1: bought a card costing 5 - it was a Mine
1: end turn
End of Turn Round #133
Player 0: 4
Player 1: 6
0:bought a duchy
0: end turn
1: bought a card costing 0 - it was a Copper
1: end turn
End of Turn Round #134
Player 0: 14
Player 1: 6
0: bought copper
0: end turn
1: bought a card costing 5 - it was a Mine
1: end turn
End of Turn Round #135
Player 0: 20
Player 1: 9
Finished game #0
Player 0: 20
Player 1: 9


 Test # 1
The new Array is:
 18  15  12  26  13  10  8  7  9  25  23  16  22  14  24  17  11  20  21  19 
The embarg num is 22
 Game has 1 card(s) that cost two
Game has 2 card(s) that cost three
Game has 7 card(s) that cost four
Game has 2 card(s) that cost five
Game has 2 card(s) that cost six
Starting Game #1
I initialized my game #1
The number of provinces is 8
0: bought silver
0: end turn
1: bought a card costing 5 - it was a Council Room
1: end turn
End of Turn Round #1
Player 0: 2
Player 1: 4
0:bought a duchy
0: end turn
1: bought a card costing 5 - it was a Council Room
1: end turn
End of Turn Round #2
Player 0: 2
Player 1: 4
0: bought copper
0: end turn
1: bought a card costing 5 - it was a Council Room
1: end turn
End of Turn Round #3
Player 0: 1
Player 1: 4
0: cursed itself
0: end turn
1: bought a card costing 0 - it was a Copper
1: end turn
End of Turn Round #4
Player 0: 1
Player 1: 5
0: bought silver
0: end turn
1: bought a card costing 5 - it was a Duchy
1: end turn
End of Turn Round #5
Player 0: 0
Player 1: 4
0: cursed itself
0: end turn
1: bought a card costing 5 - it was a Duchy
1: end turn
End of Turn Round #6
Player 0: 1
Player 1: 3
0: bought silver
0: end turn
1: bought a card costing 5 - it was a Duchy
1: end turn
End of Turn Round #7
Player 0: -1
Player 1: 3
0: cursed itself
0: end turn
1: bought a card costing 5 - it was a Council Room
1: end turn
End of Turn Round #8
Player 0: 0
Player 1: 3
0: bought silver
0: end turn
1: bought a card costing 5 - it was a Council Room
1: end turn
End of Turn Round #9
Player 0: 0
Player 1: 3
0: bought province
0: end turn
1: bought a card costing 5 - it was a Duchy
1: end turn
End of Turn Round #10
Player 0: -1
Player 1: 4
0: bought copper
0: end turn
1: bought a card costing 0 - it was a Curse
1: end turn
End of Turn Round #11
Player 0: -1
Player 1: 3
0:bought a duchy
0: end turn
1: bought a card costing 5 - it was a Duchy
1: end turn
End of Turn Round #12
Player 0: 1
Player 1: 2
0: bought copper
0: end turn
1: bought a card costing 5 - it was a Council Room
1: end turn
End of Turn Round #13
Player 0: -2
Player 1: 2
0:bought a duchy
0: end turn
1: bought a card costing 0 - it was a Curse
1: end turn
End of Turn Round #14
Player 0: -1
Player 1: 1
0: bought province
0: end turn
1: bought a card costing 5 - it was a Duchy
1: end turn
End of Turn Round #15
Player 0: -1
Player 1: 0
0: bought province
0: end turn
1: bought a card costing 5 - it was a Council Room
1: end turn
End of Turn Round #16
Player 0: -1
Player 1: 0
0: bought silver
0: end turn
1: bought a card costing 5 - it was a Council Room
1: end turn
End of Turn Round #17
Player 0: 0
Player 1: -1
0:bought a duchy
0: end turn
1: bought a card costing 5 - it was a Council Room
1: end turn
End of Turn Round #18
Player 0: 2
Player 1: -1
0: bought copper
0: end turn
1: bought a card costing 0 - it was a Copper
1: end turn
End of Turn Round #19
Player 0: 1
Player 1: 0
0: cursed itself
0: end turn
1: bought a card costing 5 - it was a Council Room
1: end turn
End of Turn Round #20
Player 0: -1
Player 1: -1
0: bought silver
0: end turn
1: bought a card costing 5 - it was a Duchy
1: end turn
End of Turn Round #21
Player 0: 0
Player 1: -1
0: cursed itself
0: end turn
1: bought a card costing 0 - it was a Curse
1: end turn
End of Turn Round #22
Player 0: 0
Player 1: -2
0: bought province
0: end turn
1: bought a card costing 0 - it was a Curse
1: end turn
End of Turn Round #23
Player 0: 2
Player 1: -3
0:bought a duchy
0: end turn
1: bought a card costing 5 - it was a Council Room
1: end turn
End of Turn Round #24
Player 0: 1
Player 1: -4
0: bought province
0: end turn
1: bought a card costing 0 - it was a Curse
1: end turn
End of Turn Round #25
Player 0: 5
Player 1: -3
0: cursed itself
0: end turn
1: bought a card costing 5 - it was a Duchy
1: end turn
End of Turn Round #26
Player 0: 5
Player 1: -5
0: bought copper
0: end turn
1: bought a card costing 0 - it was a Curse
1: end turn
End of Turn Round #27
Player 0: 4
Player 1: -3
0: bought province
0: end turn
1: bought a card costing 5 - it was a Council Room
1: end turn
End of Turn Round #28
Player 0: 5
Player 1: -5
0: bought silver
0: end turn
1: bought a card costing 5 - it was a Duchy
1: end turn
End of Turn Round #29
Player 0: 6
Player 1: -3
0: cursed itself
0: end turn
1: bought a card costing 0 - it was a Copper
1: end turn
End of Turn Round #30
Player 0: 5
Player 1: -6
0: bought copper
0: end turn
1: bought a card costing 5 - it was a Council Room
1: end turn
End of Turn Round #31
Player 0: -1
Player 1: -2
0: bought province
0: end turn
1: bought a card costing 0 - it was a Curse
1: end turn
End of Turn Round #32
Player 0: 0
Player 1: -5
0: bought province
0: end turn
1: bought a card costing 5 - it was a Duchy
1: end turn
End of Turn Round #33
Player 0: 6
Player 1: -4
0:bought a duchy
0: end turn
1: bought a card costing 0 - it was a Curse
1: end turn
End of Turn Round #34
Player 0: 15
Player 1: -3
0: bought silver
0: end turn
1: bought a card costing 0 - it was a Copper
1: end turn
End of Turn Round #35
Player 0: 16
Player 1: -3
0:bought a duchy
0: end turn
1: bought a card costing 5 - it was a Council Room
1: end turn
End of Turn Round #36
Player 0: 6
Player 1: -3
0: bought silver
0: end turn
1: bought a card costing 5 - it was a Duchy
1: end turn
End of Turn Round #37
Player 0: 5
Player 1: -3
0: cursed itself
0: end turn
1: bought a card costing 5 - it was a Council Room
1: end turn
End of Turn Round #38
Player 0: 9
Player 1: -5
0: bought copper
0: end turn
1: bought a card costing 5 - it was a Duchy
1: end turn
End of Turn Round #39
Player 0: 13
Player 1: -3
0:bought a duchy
0: end turn
1: bought a card costing 5 - it was a Duchy
1: end turn
End of Turn Round #40
Player 0: 12
Player 1: -2
0: bought silver
0: end turn
1: bought a card costing 5 - it was a Council Room
1: end turn
End of Turn Round #41
Player 0: -1
Player 1: -3
0: bought province
0: end turn
1: bought a card costing 0 - it was a Copper
1: end turn
End of Turn Round #42
Player 0: -1
Player 1: -2
0: bought province
0: end turn
1: bought a card costing 5 - it was a Duchy
1: end turn
End of Turn Round #43
Player 0: 6
Player 1: -1
0: bought province
0: end turn
1: bought a card costing 0 - it was a Curse
1: end turn
End of Turn Round #44
Player 0: 20
Player 1: -5
0: bought province
0: end turn
1: bought a card costing 0 - it was a Copper
1: end turn
End of Turn Round #45
Player 0: 20
Player 1: -2
0: cursed itself
0: end turn
1: bought a card costing 5 - it was a Duchy
1: end turn
End of Turn Round #46
Player 0: -2
Player 1: -2
0: bought silver
0: end turn
1: bought a card costing 5 - it was a Duchy
1: end turn
End of Turn Round #47
Player 0: 4
Player 1: -2
0: cursed itself
0: end turn
1: bought a card costing 5 - it was a Duchy
1: end turn
End of Turn Round #48
Player 0: 10
Player 1: -7
0: bought province
0: end turn
1: bought a card costing 0 - it was a Copper
1: end turn
End of Turn Round #49
Player 0: 8
Player 1: -2
0: bought province
0: end turn
1: bought a card costing 5 - it was a Council Room
1: end turn
End of Turn Round #50
Player 0: 26
Player 1: -4
0: bought silver
0: end turn
1: bought a card costing 0 - it was a Curse
1: end turn
End of Turn Round #51
Player 0: -1
Player 1: -6
0:bought a duchy
0: end turn
1: bought a card costing 0 - it was a Copper
1: end turn
End of Turn Round #52
Player 0: 6
Player 1: -1
0: bought copper
0: end turn
1: bought a card costing 5 - it was a Council Room
1: end turn
End of Turn Round #53
Player 0: 13
Player 1: -5
0: cursed itself
0: end turn
1: bought a card costing 5 - it was a Duchy
1: end turn
End of Turn Round #54
Player 0: 23
Player 1: -5
0: bought silver
0: end turn
1: bought a card costing 5 - it was a Duchy
1: end turn
End of Turn Round #55
Player 0: 28
Player 1: -1
0:bought a duchy
0: end turn
1: bought a card costing 5 - it was a Council Room
1: end turn
End of Turn Round #56
Player 0: 37
Player 1: -3
0: bought copper
0: end turn
1: bought a card costing 0 - it was a Copper
1: end turn
End of Turn Round #57
Player 0: 2
Player 1: -6
0: cursed itself
0: end turn
1: bought a card costing 5 - it was a Duchy
1: end turn
End of Turn Round #58
Player 0: 8
Player 1: 0
0: bought copper
0: end turn
1: bought a card costing 0 - it was a Copper
1: end turn
End of Turn Round #59
Player 0: 13
Player 1: -3
0:bought a duchy
0: end turn
1: bought a card costing 5 - it was a Council Room
1: end turn
End of Turn Round #60
Player 0: 23
Player 1: -5
0: bought province
0: end turn
1: bought a card costing 5 - it was a Council Room
1: end turn
End of Turn Round #61
Player 0: 32
Player 1: -2
0: cursed itself
0: end turn
1: bought a card costing 5 - it was a Duchy
1: end turn
End of Turn Round #62
Player 0: 31
Player 1: -3
0: bought province
0: end turn
1: bought a card costing 5 - it was a Council Room
1: end turn
End of Turn Round #63
Player 0: 51
Player 1: -4
0: cursed itself
0: end turn
1: bought a card costing 0 - it was a Curse
1: end turn
End of Turn Round #64
Player 0: 10
Player 1: -5
0: bought silver
0: end turn
1: bought a card costing 5 - it was a Council Room
1: end turn
End of Turn Round #65
Player 0: 15
Player 1: 0
0: bought province
0: end turn
1: bought a card costing 5 - it was a Duchy
1: end turn
End of Turn Round #66
Player 0: 27
Player 1: -3
0: bought copper
0: end turn
1: bought a card costing 0 - it was a Copper
1: end turn
End of Turn Round #67
Player 0: 30
Player 1: -6
0: cursed itself
0: end turn
1: bought a card costing 5 - it was a Council Room
1: end turn
End of Turn Round #68
Player 0: 30
Player 1: -6
0: bought province
0: end turn
1: bought a card costing 5 - it was a Council Room
1: end turn
End of Turn Round #69
Player 0: 44
Player 1: -1
0:bought a duchy
0: end turn
1: bought a card costing 5 - it was a Council Room
1: end turn
End of Turn Round #70
Player 0: 60
Player 1: -3
0: bought copper
0: end turn
1: bought a card costing 0 - it was a Copper
1: end turn
End of Turn Round #71
Player 0: 0
Player 1: -4
0: bought province
0: end turn
1: bought a card costing 0 - it was a Curse
1: end turn
End of Turn Round #72
Player 0: 6
Player 1: -6
0: bought silver
0: end turn
1: bought a card costing 5 - it was a Duchy
1: end turn
End of Turn Round #73
Player 0: 21
Player 1: 3
0: cursed itself
0: end turn
1: bought a card costing 5 - it was a Council Room
1: end turn
End of Turn Round #74
Player 0: 33
Player 1: 1
0: bought silver
0: end turn
1: bought a card costing 0 - it was a Copper
1: end turn
End of Turn Round #75
Player 0: 45
Player 1: -2
0: cursed itself
0: end turn
1: bought a card costing 5 - it was a Council Room
1: end turn
End of Turn Round #76
Player 0: 51
Player 1: -3
0: bought silver
0: end turn
1: bought a card costing 0 - it was a Copper
1: end turn
End of Turn Round #77
Player 0: 72
Player 1: -3
0: cursed itself
0: end turn
1: bought a card costing 5 - it was a Council Room
1: end turn
End of Turn Round #78
Player 0: 76
Player 1: 0
0: bought province
0: end turn
1: bought a card costing 0 - it was a Curse
1: end turn
End of Turn Round #79
Player 0: 5
Player 1: 3
0:bought a duchy
0: end turn
1: bought a card costing 5 - it was a Duchy
1: end turn
End of Turn Round #80
Player 0: 7
Player 1: 2
0: bought province
0: end turn
1: bought a card costing 0 - it was a Curse
1: end turn
End of Turn Round #81
Player 0: 14
Player 1: 0
0: cursed itself
0: end turn
1: bought a card costing 5 - it was a Duchy
1: end turn
End of Turn Round #82
Player 0: 19
Player 1: 4
0: bought copper
0: end turn
1: bought a card costing 0 - it was a Copper
1: end turn
End of Turn Round #83
Player 0: 39
Player 1: 2
0: cursed itself
0: end turn
1: bought a card costing 5 - it was a Council Room
1: end turn
End of Turn Round #84
Player 0: 59
Player 1: -2
0: bought province
0: end turn
1: bought a card costing 5 - it was a Duchy
1: end turn
End of Turn Round #85
Player 0: 64
Player 1: -4
0: cursed itself
0: end turn
1: bought a card costing 5 - it was a Council Room
1: end turn
End of Turn Round #86
Player 0: 71
Player 1: 0
0: bought copper
0: end turn
1: bought a card costing 5 - it was a Council Room
1: end turn
End of Turn Round #87
Player 0: 76
Player 1: 0
0:bought a duchy
0: end turn
1: bought a card costing 5 - it was a Council Room
1: end turn
End of Turn Round #88
Player 0: 6
Player 1: 2
0: bought province
0: end turn
1: bought a card costing 5 - it was a Duchy
1: end turn
End of Turn Round #89
Player 0: 11
Player 1: 0
0:bought a duchy
0: end turn
1: bought a card costing 0 - it was a Curse
1: end turn
End of Turn Round #90
Player 0: 27
Player 1: -1
0: bought province
0: end turn
1: bought a card costing 5 - it was a Council Room
1: end turn
End of Turn Round #91
Player 0: 41
Player 1: 0
0:bought a duchy
0: end turn
1: bought a card costing 5 - it was a Council Room
1: end turn
End of Turn Round #92
Player 0: 42
Player 1: -1
0: bought province
0: end turn
1: bought a card costing 0 - it was a Curse
1: end turn
End of Turn Round #93
Player 0: 42
Player 1: 1
0:bought a duchy
0: end turn
1: bought a card costing 5 - it was a Duchy
1: end turn
End of Turn Round #94
Player 0: 45
Player 1: 0
0: bought silver
0: end turn
1: bought a card costing 5 - it was a Council Room
1: end turn
End of Turn Round #95
Player 0: 66
Player 1: -3
0: cursed itself
0: end turn
1: bought a card costing 0 - it was a Copper
1: end turn
End of Turn Round #96
Player 0: 73
Player 1: 1
0: bought copper
0: end turn
1: bought a card costing 0 - it was a Copper
1: end turn
End of Turn Round #97
Player 0: 2
Player 1: -1
0: bought province
0: end turn
1: bought a card costing 5 - it was a Duchy
1: end turn
End of Turn Round #98
Player 0: 3
Player 1: 2
0: bought province
0: end turn
1: bought a card costing 5 - it was a Council Room
1: end turn
End of Turn Round #99
Player 0: 13
Player 1: 0
0: cursed itself
0: end turn
1: bought a card costing 0 - it was a Curse
1: end turn
End of Turn Round #100
Player 0: 30
Player 1: -2
0: bought copper
0: end turn
1: bought a card costing 5 - it was a Duchy
1: end turn
End of Turn Round #101
Player 0: 39
Player 1: 1
0: bought province
0: end turn
1: bought a card costing 5 - it was a Duchy
1: end turn
End of Turn Round #102
Player 0: 45
Player 1: 2
0: bought silver
0: end turn
1: bought a card costing 5 - it was a Council Room
1: end turn
End of Turn Round #103
Player 0: 51
Player 1: 0
0:bought a duchy
0: end turn
1: bought a card costing 5 - it was a Duchy
1: end turn
End of Turn Round #104
Player 0: 71
Player 1: 3
0: bought silver
0: end turn
1: bought a card costing 0 - it was a Curse
1: end turn
End of Turn Round #105
Player 0: 80
Player 1: 1
0:bought a duchy
0: end turn
1: bought a card costing 5 - it was a Duchy
1: end turn
End of Turn Round #106
Player 0: 82
Player 1: -1
0: bought copper
0: end turn
1: bought a card costing 5 - it was a Duchy
1: end turn
End of Turn Round #107
Player 0: 3
Player 1: -3
0: bought province
0: end turn
1: bought a card costing 5 - it was a Council Room
1: end turn
End of Turn Round #108
Player 0: 12
Player 1: -2
0: bought silver
0: end turn
1: bought a card costing 5 - it was a Council Room
1: end turn
End of Turn Round #109
Player 0: 16
Player 1: 0
0:bought a duchy
0: end turn
1: bought a card costing 0 - it was a Curse
1: end turn
End of Turn Round #110
Player 0: 21
Player 1: -3
0: bought province
0: end turn
1: bought a card costing 5 - it was a Duchy
1: end turn
End of Turn Round #111
Player 0: 36
Player 1: 0
0: cursed itself
0: end turn
1: bought a card costing 5 - it was a Council Room
1: end turn
End of Turn Round #112
Player 0: 45
Player 1: 3
0: bought province
0: end turn
1: bought a card costing 5 - it was a Duchy
1: end turn
End of Turn Round #113
Player 0: 49
Player 1: 2
0: bought province
0: end turn
1: bought a card costing 5 - it was a Council Room
1: end turn
End of Turn Round #114
Player 0: 66
Player 1: 0
0: bought copper
0: end turn
1: bought a card costing 5 - it was a Duchy
1: end turn
End of Turn Round #115
Player 0: 67
Player 1: 1
0: cursed itself
0: end turn
1: bought a card costing 5 - it was a Duchy
1: end turn
End of Turn Round #116
Player 0: 75
Player 1: 1
0: bought copper
0: end turn
1: bought a card costing 5 - it was a Council Room
1: end turn
End of Turn Round #117
Player 0: 0
Player 1: 0
0: bought province
0: end turn
1: bought a card costing 5 - it was a Council Room
1: end turn
End of Turn Round #118
Player 0: 10
Player 1: 0
0: bought province
0: end turn
1: bought a card costing 5 - it was a Duchy
1: end turn
End of Turn Round #119
Player 0: 22
Player 1: -2
0: cursed itself
0: end turn
1: bought a card costing 0 - it was a Copper
1: end turn
End of Turn Round #120
Player 0: 31
Player 1: 2
0: bought silver
0: end turn
1: bought a card costing 5 - it was a Council Room
1: end turn
End of Turn Round #121
Player 0: 37
Player 1: -2
0: cursed itself
0: end turn
1: bought a card costing 0 - it was a Copper
1: end turn
End of Turn Round #122
Player 0: 41
Player 1: -3
0: bought province
0: end turn
1: bought a card costing 5 - it was a Duchy
1: end turn
End of Turn Round #123
Player 0: 48
Player 1: 0
0: cursed itself
0: end turn
1: bought a card costing 0 - it was a Curse
1: end turn
End of Turn Round #124
Player 0: 51
Player 1: 0
0: bought copper
0: end turn
1: bought a card costing 0 - it was a Copper
1: end turn
End of Turn Round #125
Player 0: 62
Player 1: 2
0:bought a duchy
0: end turn
1: bought a card costing 5 - it was a Duchy
1: end turn
End of Turn Round #126
Player 0: 71
Player 1: 3
0: bought silver
0: end turn
1: bought a card costing 0 - it was a Copper
1: end turn
End of Turn Round #127
Player 0: 83
Player 1: -4
0:bought a duchy
0: end turn
1: bought a card costing 5 - it was a Duchy
1: end turn
End of Turn Round #128
Player 0: 4
Player 1: 0
0: bought province
0: end turn
1: bought a card costing 0 - it was a Curse
1: end turn
End of Turn Round #129
Player 0: 6
Player 1: 2
0:bought a duchy
0: end turn
1: bought a card costing 5 - it was a Duchy
1: end turn
End of Turn Round #130
Player 0: 6
Player 1: 1
0: bought province
0: end turn
1: bought a card costing 5 - it was a Council Room
1: end turn
End of Turn Round #131
Player 0: 12
Player 1: 0
0:bought a duchy
0: end turn
1: bought a card costing 5 - it was a Duchy
1: end turn
End of Turn Round #132
Player 0: 27
Player 1: -1
0: bought province
0: end turn
1: bought a card costing 5 - it was a Council Room
1: end turn
End of Turn Round #133
Player 0: 39
Player 1: 1
0:bought a duchy
0: end turn
1: bought a card costing 0 - it was a Curse
1: end turn
End of Turn Round #134
Player 0: 45
Player 1: 1
0: bought province
0: end turn
1: bought a card costing 5 - it was a Council Room
1: end turn
End of Turn Round #135
Player 0: 57
Player 1: 0
0: bought province
0: end turn
1: bought a card costing 0 - it was a Copper
1: end turn
End of Turn Round #136
Player 0: 72
Player 1: 1
0: bought copper
0: end turn
1: bought a card costing 0 - it was a Curse
1: end turn
End of Turn Round #137
Player 0: 77
Player 1: -1
0: bought province
0: end turn
1: bought a card costing 5 - it was a Council Room
1: end turn
End of Turn Round #138
Player 0: 83
Player 1: 0
0: bought copper
0: end turn
1: bought a card costing 0 - it was a Curse
1: end turn
End of Turn Round #139
Player 0: 89
Player 1: 0
0:bought a duchy
0: end turn
1: bought a card costing 5 - it was a Council Room
1: end turn
End of Turn Round #140
Player 0: 6
Player 1: 1
0: bought silver
0: end turn
1: bought a card costing 5 - it was a Council Room
1: end turn
End of Turn Round #141
Player 0: 8
Player 1: -1
0: bought province
0: end turn
1: bought a card costing 5 - it was a Duchy
1: end turn
End of Turn Round #142
Player 0: 12
Player 1: -1
0: bought copper
0: end turn
1: bought a card costing 5 - it was a Duchy
1: end turn
End of Turn Round #143
Player 0: 14
Player 1: 2
0: bought province
0: end turn
1: bought a card costing 0 - it was a Copper
1: end turn
End of Turn Round #144
Player 0: 35
Player 1: 1
Finished game #1
Player 0: 35
Player 1: 1
Tests Complete
