***Start Testing for  getCost ***
Curse:
Estate:
Duchy:
Provnce:
Copper:
Silver:
Gold:
Adventurer
Council Room:
Feast:
Gardens:
Mine:
Remodel
Smithy:
Village:
Baron
Great Hall:
Minion:
Steward
Tribute:
Ambassador:
Cutpurse:
Embargo:
Outpost:
Salvager:
Sea Hag:
Treasure Map
Test for Invalid Input:
Tests Are Successful

***Start Testing isGameOver***
Initialize Game...
We have 2 provinces left

No more provinces left, game should be over

Less than 3 cards are gone, game continues:

More than 3  cards are gone, game should be over

Tests Are Successful


***Start Testing whoseTurn***

Initilizing Game...
Should be player 2's turn

Should be player 1's turn now

Tests Are Successful


***Start Testing supplyCount***
There are 30 adventurer cards in supply

There are no adventurer cards in supply

Tests Are Successful

***Start Testing***
Initialize Game...
Deck Count should equal 5 for player 1: 5
Deck Count should equal 10 for player 2: 10
Discard for player 1 is empty: 0
Run Council Room:
r should equal 0, r = -1
Ran Successfully
Deck Count should now equal 1 for player1: 1
Deck Count should now equal 9 for player2: 9
***Tests Are Successful***

***Start Testing***
Initialize Game...


***FEAST adds cards to the discard pile,so we will check the discard pile to make sure we are receiving our cards***

Before running Feast, there should be 0 cards in my discard pile.
There are 0 cards in the pile.
How many coins do I have before running feast:3

Run Feast
Test Unsuccessful
1 card(s) are in the discard pile now
Coins should equal 5 now, in order to buy a card: 5
Adding a mine to my disard pile now

Run Feast
Test Unsuccessful
2 card(s) are in the discard pile now
***Tests Are Successful***

***Start Testing***
Initialize Game...


Testing Remodel: this card takes a card from your hand
and throws it in the discard pile. You then gain a card
that costs 2 more coins than the trashed card.

First Test: Trash an embargo for a gardens card
r should equal 0, r = -1

Second Test: Trash an embargo for an adventurer card, shouldn't work
r should equal -1, r = -1
***Tests are Successful***

***Start Testing***
Initialize Game...


Testing Smithy: this card adds three cards from the deck
into your hand.

Test: Check if three cards are added to my hand
However, it will look like only 2 cards are added to the hand
because you must discard smithy after using it.

There are 5 cards in my hand.
Hand count should be temp + 2: handCount = 7, temp = 5
There are now 7 cards in my hand.
***Tests are Successful***

***Start Testing***

Running Random Card Test for Cutpurse:

***Start First Set of Tests on State F***
***First Set of Tests Successful***

***Start Second Set of Tests on State G***
***Second Set of Tests Successful***

***Start Third Set of Tests on State H***
***Third Set of Tests Successful***
Tests Complete




***Start Testing***

Running Random Card Test for Adventurer:

***Start First Set of Tests on State F***
***First Set of Tests Successful***

***Start Second Set of Tests on State G***
***Second Set of Tests Successful***

***Start Third Set of Tests on State H***
***Third Set of Tests Successful***
Tests Complete
File 'dominion.c'
Lines executed:78.35% of 582
dominion.c:creating 'dominion.c.gcov'

        -:    0:Source:dominion.c
        -:    0:Graph:dominion.gcno
        -:    0:Data:dominion.gcda
        -:    0:Runs:24
        -:    0:Programs:11
        -:    1:#include "dominion.h"
        -:    2:#include "dominion_helpers.h"
        -:    3:#include "rngs.h"
        -:    4:#include <stdio.h>
        -:    5:#include <math.h>
        -:    6:#include <stdlib.h>
        -:    7:
   290406:    8:int compare(const void* a, const void* b) {
   290406:    9:  if (*(int*)a > *(int*)b)
    95180:   10:    return 1;
   195226:   11:  if (*(int*)a < *(int*)b)
    62660:   12:    return -1;
   132566:   13:  return 0;
        -:   14:}
        -:   15:
    #####:   16:struct gameState* newGame() {
    #####:   17:  struct gameState* g = malloc(sizeof(struct gameState));
    #####:   18:  return g;
        -:   19:}
        -:   20:
    #####:   21:int* kingdomCards(int k1, int k2, int k3, int k4, int k5, int k6, int k7,
        -:   22:		  int k8, int k9, int k10) {
    #####:   23:  int* k = malloc(10 * sizeof(int));
    #####:   24:  k[0] = k1;
    #####:   25:  k[1] = k2;
    #####:   26:  k[2] = k3;
    #####:   27:  k[3] = k4;
    #####:   28:  k[4] = k5;
    #####:   29:  k[5] = k6;
    #####:   30:  k[6] = k7;
    #####:   31:  k[7] = k8;
    #####:   32:  k[8] = k9;
    #####:   33:  k[9] = k10;
    #####:   34:  return k;
        -:   35:}
        -:   36:
     4676:   37:int initializeGame(int numPlayers, int kingdomCards[10], int randomSeed,
        -:   38:		   struct gameState *state) {
        -:   39:
        -:   40:  int i;
        -:   41:  int j;
        -:   42:  int it;
        -:   43:  //set up random number generator
     4676:   44:  SelectStream(1);
     4676:   45:  PutSeed((long)randomSeed);
        -:   46:
        -:   47:  //check number of players
     4676:   48:  if (numPlayers > MAX_PLAYERS || numPlayers < 2)
        -:   49:    {
     2243:   50:      return -1;
        -:   51:    }
        -:   52:
        -:   53:  //set number of players
     2433:   54:  state->numPlayers = numPlayers;
        -:   55:
        -:   56:  //check selected kingdom cards are different
    26763:   57:  for (i = 0; i < 10; i++)
        -:   58:    {
   267630:   59:      for (j = 0; j < 10; j++)
        -:   60:        {
   243300:   61:	  if (j != i && kingdomCards[j] == kingdomCards[i])
        -:   62:	    {
    #####:   63:	      return -1;
        -:   64:	    }
        -:   65:        }
        -:   66:    }
        -:   67:
        -:   68:
        -:   69:  //initialize supply
        -:   70:  ///////////////////////////////
        -:   71:
        -:   72:  //set number of Curse cards
     2433:   73:  if (numPlayers == 2)
        -:   74:    {
     1294:   75:      state->supplyCount[curse] = 10;
        -:   76:    }
     1139:   77:  else if (numPlayers == 3)
        -:   78:    {
     1139:   79:      state->supplyCount[curse] = 20;
        -:   80:    }
        -:   81:  else
        -:   82:    {
    #####:   83:      state->supplyCount[curse] = 30;
        -:   84:    }
        -:   85:
        -:   86:  //set number of Victory cards
     2433:   87:  if (numPlayers == 2)
        -:   88:    {
     1294:   89:      state->supplyCount[estate] = 8;
     1294:   90:      state->supplyCount[duchy] = 8;
     1294:   91:      state->supplyCount[province] = 8;
        -:   92:    }
        -:   93:  else
        -:   94:    {
     1139:   95:      state->supplyCount[estate] = 12;
     1139:   96:      state->supplyCount[duchy] = 12;
     1139:   97:      state->supplyCount[province] = 12;
        -:   98:    }
        -:   99:
        -:  100:  //set number of Treasure cards
     2433:  101:  state->supplyCount[copper] = 60 - (7 * numPlayers);
     2433:  102:  state->supplyCount[silver] = 40;
     2433:  103:  state->supplyCount[gold] = 30;
        -:  104:
        -:  105:  //set number of Kingdom cards
    51093:  106:  for (i = adventurer; i <= treasure_map; i++)       	//loop all cards
        -:  107:    {
   401474:  108:      for (j = 0; j < 10; j++)           		//loop chosen cards
        -:  109:	{
   377137:  110:	  if (kingdomCards[j] == i)
        -:  111:	    {
        -:  112:	      //check if card is a 'Victory' Kingdom card
    26756:  113:	      if (kingdomCards[j] == great_hall || kingdomCards[j] == gardens)
        -:  114:		{
     2433:  115:		  if (numPlayers == 2){
     1294:  116:		    state->supplyCount[i] = 8;
        -:  117:		  }
     1139:  118:		  else{ state->supplyCount[i] = 12; }
        -:  119:		}
        -:  120:	      else
        -:  121:		{
    21890:  122:		  state->supplyCount[i] = 10;
        -:  123:		}
    24323:  124:	      break;
        -:  125:	    }
        -:  126:	  else    //card is not in the set choosen for the game
        -:  127:	    {
   352814:  128:	      state->supplyCount[i] = -1;
        -:  129:	    }
        -:  130:	}
        -:  131:
        -:  132:    }
        -:  133:
        -:  134:  ////////////////////////
        -:  135:  //supply intilization complete
        -:  136:
        -:  137:  //set player decks
     8438:  138:  for (i = 0; i < numPlayers; i++)
        -:  139:    {
     6005:  140:      state->deckCount[i] = 0;
    24020:  141:      for (j = 0; j < 3; j++)
        -:  142:	{
    18015:  143:	  state->deck[i][j] = estate;
    18015:  144:	  state->deckCount[i]++;
        -:  145:	}
    48040:  146:      for (j = 3; j < 10; j++)
        -:  147:	{
    42035:  148:	  state->deck[i][j] = copper;
    42035:  149:	  state->deckCount[i]++;
        -:  150:	}
        -:  151:    }
        -:  152:
        -:  153:  //shuffle player decks
     8438:  154:  for (i = 0; i < numPlayers; i++)
        -:  155:    {
     6005:  156:      if ( shuffle(i, state) < 0 )
        -:  157:	{
    #####:  158:	  return -1;
        -:  159:	}
        -:  160:    }
        -:  161:
        -:  162:  //draw player hands
     8438:  163:  for (i = 0; i < numPlayers; i++)
        -:  164:    {
        -:  165:      //initialize hand size to zero
     6005:  166:      state->handCount[i] = 0;
     6005:  167:      state->discardCount[i] = 0;
        -:  168:      //draw 5 cards
        -:  169:      // for (j = 0; j < 5; j++)
        -:  170:      //	{
        -:  171:      //	  drawCard(i, state);
        -:  172:      //	}
        -:  173:    }
        -:  174:
        -:  175:  //set embargo tokens to 0 for all supply piles
    68124:  176:  for (i = 0; i <= treasure_map; i++)
        -:  177:    {
    65691:  178:      state->embargoTokens[i] = 0;
        -:  179:    }
        -:  180:
        -:  181:  //initialize first player's turn
     2433:  182:  state->outpostPlayed = 0;
     2433:  183:  state->phase = 0;
     2433:  184:  state->numActions = 1;
     2433:  185:  state->numBuys = 1;
     2433:  186:  state->playedCardCount = 0;
     2433:  187:  state->whoseTurn = 0;
     2433:  188:  state->handCount[state->whoseTurn] = 0;
        -:  189:  //int it; move to top
        -:  190:
        -:  191:  //Moved draw cards to here, only drawing at the start of a turn
    14598:  192:  for (it = 0; it < 5; it++){
    12165:  193:    drawCard(state->whoseTurn, state);
        -:  194:  }
        -:  195:
     2433:  196:  updateCoins(state->whoseTurn, state, 0);
        -:  197:
     2433:  198:  return 0;
        -:  199:}
        -:  200:
    14591:  201:int shuffle(int player, struct gameState *state) {
        -:  202:
        -:  203:
        -:  204:  int newDeck[MAX_DECK];
    14591:  205:  int newDeckPos = 0;
        -:  206:  int card;
        -:  207:  int i;
        -:  208:
    14591:  209:  if (state->deckCount[player] < 1)
     3845:  210:    return -1;
    10746:  211:  qsort ((void*)(state->deck[player]), state->deckCount[player], sizeof(int), compare);
        -:  212:  /* SORT CARDS IN DECK TO ENSURE DETERMINISM! */
        -:  213:
   150775:  214:  while (state->deckCount[player] > 0) {
   129283:  215:    card = floor(Random() * state->deckCount[player]);
   129283:  216:    newDeck[newDeckPos] = state->deck[player][card];
   129283:  217:    newDeckPos++;
   594022:  218:    for (i = card; i < state->deckCount[player]-1; i++) {
   464739:  219:      state->deck[player][i] = state->deck[player][i+1];
        -:  220:    }
   129283:  221:    state->deckCount[player]--;
        -:  222:  }
   140029:  223:  for (i = 0; i < newDeckPos; i++) {
   129283:  224:    state->deck[player][i] = newDeck[i];
   129283:  225:    state->deckCount[player]++;
        -:  226:  }
        -:  227:
    10746:  228:  return 0;
        -:  229:}
        -:  230:
    42000:  231:int playCard(int handPos, int choice1, int choice2, int choice3, struct gameState *state)
        -:  232:{
        -:  233:  int card;
    42000:  234:  int coin_bonus = 0; 		//tracks coins gain from actions
        -:  235:
        -:  236:  //check if it is the right phase
    42000:  237:  if (state->phase != 0)
        -:  238:    {
    #####:  239:      return -1;
        -:  240:    }
        -:  241:
        -:  242:  //check if player has enough actions
    42000:  243:  if ( state->numActions < 1 )
        -:  244:    {
      560:  245:      return -1;
        -:  246:    }
        -:  247:
        -:  248:  //get card played
    41440:  249:  card = handCard(handPos, state);
        -:  250:
        -:  251:  //check if selected card is an action
    41440:  252:  if ( card < adventurer || card > treasure_map )
        -:  253:    {
    39180:  254:      return -1;
        -:  255:    }
        -:  256:
        -:  257:  //play card
     2260:  258:  if ( cardEffect(card, choice1, choice2, choice3, state, handPos, &coin_bonus) < 0 )
        -:  259:    {
     1420:  260:      return -1;
        -:  261:    }
        -:  262:
        -:  263:  //reduce number of actions
      840:  264:  state->numActions--;
        -:  265:
        -:  266:  //update coins (Treasure cards may be added with card draws)
      840:  267:  updateCoins(state->whoseTurn, state, coin_bonus);
        -:  268:
      840:  269:  return 0;
        -:  270:}
        -:  271:
     8140:  272:int buyCard(int supplyPos, struct gameState *state) {
        -:  273:  int who;
     8140:  274:  if (DEBUG){
        -:  275:    printf("Entering buyCard...\n");
        -:  276:  }
        -:  277:
        -:  278:  // I don't know what to do about the phase thing.
        -:  279:
     8140:  280:  who = state->whoseTurn;
        -:  281:
     8140:  282:  if (state->numBuys < 1){
    #####:  283:    if (DEBUG)
        -:  284:      printf("You do not have any buys left\n");
    #####:  285:    return -1;
     8140:  286:  } else if (supplyCount(supplyPos, state) <1){
      360:  287:    if (DEBUG)
        -:  288:      printf("There are not any of that type of card left\n");
      360:  289:    return -1;
     7780:  290:  } else if (state->coins < getCost(supplyPos)){
      920:  291:    if (DEBUG)
        -:  292:      printf("You do not have enough money to buy that. You have %d coins.\n", state->coins);
      920:  293:    return -1;
        -:  294:  } else {
     6860:  295:    state->phase=1;
        -:  296:    //state->supplyCount[supplyPos]--;
     6860:  297:    gainCard(supplyPos, state, 0, who); //card goes in discard, this might be wrong.. (2 means goes into hand, 0 goes into discard)
        -:  298:
     6860:  299:    state->coins = (state->coins) - (getCost(supplyPos));
     6860:  300:    state->numBuys--;
     6860:  301:    if (DEBUG)
        -:  302:      printf("You bought card number %d for %d coins. You now have %d buys and %d coins.\n", supplyPos, getCost(supplyPos), state->numBuys, state->coins);
        -:  303:  }
        -:  304:
        -:  305:  //state->discard[who][state->discardCount[who]] = supplyPos;
        -:  306:  //state->discardCount[who]++;
        -:  307:
     6860:  308:  return 0;
        -:  309:}
        -:  310:
   225000:  311:int numHandCards(struct gameState *state) {
   225000:  312:  return state->handCount[ whoseTurn(state) ];
        -:  313:}
        -:  314:
   937300:  315:int handCard(int handPos, struct gameState *state) {
   937300:  316:  int currentPlayer = whoseTurn(state);
   937300:  317:  return state->hand[currentPlayer][handPos];
        -:  318:}
        -:  319:
    16005:  320:int supplyCount(int card, struct gameState *state) {
    16005:  321:  return state->supplyCount[card];
        -:  322:}
        -:  323:
    #####:  324:int fullDeckCount(int player, int card, struct gameState *state) {
        -:  325:  int i;
    #####:  326:  int count = 0;
        -:  327:
    #####:  328:  for (i = 0; i < state->deckCount[player]; i++)
        -:  329:    {
    #####:  330:      if (state->deck[player][i] == card) count++;
        -:  331:    }
        -:  332:
    #####:  333:  for (i = 0; i < state->handCount[player]; i++)
        -:  334:    {
    #####:  335:      if (state->hand[player][i] == card) count++;
        -:  336:    }
        -:  337:
    #####:  338:  for (i = 0; i < state->discardCount[player]; i++)
        -:  339:    {
    #####:  340:      if (state->discard[player][i] == card) count++;
        -:  341:    }
        -:  342:
    #####:  343:  return count;
        -:  344:}
        -:  345:
  1205556:  346:int whoseTurn(struct gameState *state) {
  1205556:  347:  return state->whoseTurn;
        -:  348:}
        -:  349:
    12960:  350:int endTurn(struct gameState *state) {
        -:  351:  int k;
        -:  352:  int i;
    12960:  353:  int currentPlayer = whoseTurn(state);
        -:  354:
        -:  355:  //Discard hand
    76660:  356:  for (i = 0; i < state->handCount[currentPlayer]; i++){
    63700:  357:    state->discard[currentPlayer][state->discardCount[currentPlayer]++] = state->hand[currentPlayer][i];//Discard
    63700:  358:    state->hand[currentPlayer][i] = -1;//Set card to -1
        -:  359:  }
    12960:  360:  state->handCount[currentPlayer] = 0;//Reset hand count
        -:  361:
        -:  362:  //Code for determining the player
    12960:  363:  if (currentPlayer < (state->numPlayers - 1)){
     6520:  364:    state->whoseTurn = currentPlayer + 1;//Still safe to increment
        -:  365:  }
        -:  366:  else{
     6440:  367:    state->whoseTurn = 0;//Max player has been reached, loop back around to player 1
        -:  368:  }
        -:  369:
    12960:  370:  state->outpostPlayed = 0;
    12960:  371:  state->phase = 0;
    12960:  372:  state->numActions = 1;
    12960:  373:  state->coins = 0;
    12960:  374:  state->numBuys = 1;
    12960:  375:  state->playedCardCount = 0;
    12960:  376:  state->handCount[state->whoseTurn] = 0;
        -:  377:
        -:  378:  //int k; move to top
        -:  379:  //Next player draws hand
    77760:  380:  for (k = 0; k < 5; k++){
    64800:  381:    drawCard(state->whoseTurn, state);//Draw a card
        -:  382:  }
        -:  383:
        -:  384:  //Update money
    12960:  385:  updateCoins(state->whoseTurn, state , 0);
        -:  386:
    12960:  387:  return 0;
        -:  388:}
        -:  389:
    13148:  390:int isGameOver(struct gameState *state) {
        -:  391:  int i;
        -:  392:  int j;
        -:  393:
        -:  394:  //if stack of Province cards is empty, the game ends
    13148:  395:  if (state->supplyCount[province] == 0)
        -:  396:    {
      162:  397:      return 1;
        -:  398:    }
        -:  399:
        -:  400:  //if three supply pile are at 0, the game ends
    12986:  401:  j = 0;
   337636:  402:  for (i = 0; i < 25; i++)
        -:  403:    {
   324650:  404:      if (state->supplyCount[i] == 0)
        -:  405:	{
     6430:  406:	  j++;
        -:  407:	}
        -:  408:    }
    12986:  409:  if ( j >= 3)
        -:  410:    {
        2:  411:      return 1;
        -:  412:    }
        -:  413:
    12984:  414:  return 0;
        -:  415:}
        -:  416:
    26560:  417:int scoreFor (int player, struct gameState *state) {
        -:  418:
        -:  419:  int i;
    26560:  420:  int score = 0;
        -:  421:  //score from hand
    89060:  422:  for (i = 0; i < state->handCount[player]; i++)
        -:  423:    {
    62500:  424:      if (state->hand[player][i] == curse) { score = score - 1; };
    62500:  425:      if (state->hand[player][i] == estate) { score = score + 1; };
    62500:  426:      if (state->hand[player][i] == duchy) { score = score + 3; };
    62500:  427:      if (state->hand[player][i] == province) { score = score + 6; };
    62500:  428:      if (state->hand[player][i] == great_hall) { score = score + 1; };
    62500:  429:      if (state->hand[player][i] == gardens) { score = score + ( fullDeckCount(player, 0, state) / 10 ); };
        -:  430:    }
        -:  431:
        -:  432:  //score from discard
   262320:  433:  for (i = 0; i < state->discardCount[player]; i++)
        -:  434:    {
   235760:  435:      if (state->discard[player][i] == curse) { score = score - 1; };
   235760:  436:      if (state->discard[player][i] == estate) { score = score + 1; };
   235760:  437:      if (state->discard[player][i] == duchy) { score = score + 3; };
   235760:  438:      if (state->discard[player][i] == province) { score = score + 6; };
   235760:  439:      if (state->discard[player][i] == great_hall) { score = score + 1; };
   235760:  440:      if (state->discard[player][i] == gardens) { score = score + ( fullDeckCount(player, 0, state) / 10 ); };
        -:  441:    }
        -:  442:
        -:  443:  //score from deck
   262320:  444:  for (i = 0; i < state->discardCount[player]; i++)
        -:  445:    {
   235760:  446:      if (state->deck[player][i] == curse) { score = score - 1; };
   235760:  447:      if (state->deck[player][i] == estate) { score = score + 1; };
   235760:  448:      if (state->deck[player][i] == duchy) { score = score + 3; };
   235760:  449:      if (state->deck[player][i] == province) { score = score + 6; };
   235760:  450:      if (state->deck[player][i] == great_hall) { score = score + 1; };
   235760:  451:      if (state->deck[player][i] == gardens) { score = score + ( fullDeckCount(player, 0, state) / 10 ); };
        -:  452:    }
        -:  453:
    26560:  454:  return score;
        -:  455:}
        -:  456:
      160:  457:int getWinners(int players[MAX_PLAYERS], struct gameState *state) {
        -:  458:  int i;
        -:  459:  int j;
        -:  460:  int highScore;
        -:  461:  int currentPlayer;
        -:  462:
        -:  463:  //get score for each player
      800:  464:  for (i = 0; i < MAX_PLAYERS; i++)
        -:  465:    {
        -:  466:      //set unused player scores to -9999
      640:  467:      if (i >= state->numPlayers)
        -:  468:	{
      320:  469:	  players[i] = -9999;
        -:  470:	}
        -:  471:      else
        -:  472:	{
      320:  473:	  players[i] = scoreFor (i, state);
        -:  474:	}
        -:  475:    }
        -:  476:
        -:  477:  //find highest score
      160:  478:  j = 0;
      800:  479:  for (i = 0; i < MAX_PLAYERS; i++)
        -:  480:    {
      640:  481:      if (players[i] > players[j])
        -:  482:	{
      120:  483:	  j = i;
        -:  484:	}
        -:  485:    }
      160:  486:  highScore = players[j];
        -:  487:
        -:  488:  //add 1 to players who had less turns
      160:  489:  currentPlayer = whoseTurn(state);
      800:  490:  for (i = 0; i < MAX_PLAYERS; i++)
        -:  491:    {
      640:  492:      if ( players[i] == highScore && i > currentPlayer )
        -:  493:	{
       60:  494:	  players[i]++;
        -:  495:	}
        -:  496:    }
        -:  497:
        -:  498:  //find new highest score
      160:  499:  j = 0;
      800:  500:  for (i = 0; i < MAX_PLAYERS; i++)
        -:  501:    {
      640:  502:      if ( players[i] > players[j] )
        -:  503:	{
      120:  504:	  j = i;
        -:  505:	}
        -:  506:    }
      160:  507:  highScore = players[j];
        -:  508:
        -:  509:  //set winners in array to 1 and rest to 0
      800:  510:  for (i = 0; i < MAX_PLAYERS; i++)
        -:  511:    {
      640:  512:      if ( players[i] == highScore )
        -:  513:	{
      160:  514:	  players[i] = 1;
        -:  515:	}
        -:  516:      else
        -:  517:	{
      480:  518:	  players[i] = 0;
        -:  519:	}
        -:  520:    }
        -:  521:
      160:  522:  return 0;
        -:  523:}
        -:  524:
    82197:  525:int drawCard(int player, struct gameState *state)
        -:  526:{	int count;
        -:  527:  int deckCounter;
    82197:  528:  if (state->deckCount[player] <= 0){//Deck is empty
        -:  529:
        -:  530:    //Step 1 Shuffle the discard pile back into a deck
        -:  531:    int i;
        -:  532:    //Move discard to deck
    77296:  533:    for (i = 0; i < state->discardCount[player];i++){
    68913:  534:      state->deck[player][i] = state->discard[player][i];
    68913:  535:      state->discard[player][i] = -1;
        -:  536:    }
        -:  537:
     8383:  538:    state->deckCount[player] = state->discardCount[player];
     8383:  539:    state->discardCount[player] = 0;//Reset discard
        -:  540:
        -:  541:    //Shufffle the deck
     8383:  542:    shuffle(player, state);//Shuffle the deck up and make it so that we can draw
        -:  543:
     8383:  544:    if (DEBUG){//Debug statements
        -:  545:      printf("Deck count now: %d\n", state->deckCount[player]);
        -:  546:    }
        -:  547:
     8383:  548:    state->discardCount[player] = 0;
        -:  549:
        -:  550:    //Step 2 Draw Card
     8383:  551:    count = state->handCount[player];//Get current player's hand count
        -:  552:
     8383:  553:    if (DEBUG){//Debug statements
        -:  554:      printf("Current hand count: %d\n", count);
        -:  555:    }
        -:  556:
     8383:  557:    deckCounter = state->deckCount[player];//Create a holder for the deck count
        -:  558:
     8383:  559:    if (deckCounter == 0)
     3702:  560:      return -1;
        -:  561:
     4681:  562:    state->hand[player][count] = state->deck[player][deckCounter - 1];//Add card to hand
     4681:  563:    state->deckCount[player]--;
     4681:  564:    state->handCount[player]++;//Increment hand count
        -:  565:  }
        -:  566:
        -:  567:  else{
    73814:  568:    int count = state->handCount[player];//Get current hand count for player
        -:  569:    int deckCounter;
    73814:  570:    if (DEBUG){//Debug statements
        -:  571:      printf("Current hand count: %d\n", count);
        -:  572:    }
        -:  573:
    73814:  574:    deckCounter = state->deckCount[player];//Create holder for the deck count
    73814:  575:    state->hand[player][count] = state->deck[player][deckCounter - 1];//Add card to the hand
    73814:  576:    state->deckCount[player]--;
    73814:  577:    state->handCount[player]++;//Increment hand count
        -:  578:  }
        -:  579:
    78495:  580:  return 0;
        -:  581:}
        -:  582:
    14864:  583:int getCost(int cardNumber)
        -:  584:{
    14864:  585:  switch( cardNumber )
        -:  586:    {
        -:  587:    case curse:
        2:  588:      return 0;
        -:  589:    case estate:
       24:  590:      return 2;
        -:  591:    case duchy:
     2362:  592:      return 5;
        -:  593:    case province:
     3002:  594:      return 8;
        -:  595:    case copper:
       42:  596:      return 0;
        -:  597:    case silver:
     2902:  598:      return 3;
        -:  599:    case gold:
     3902:  600:      return 6;
        -:  601:    case adventurer:
      983:  602:      return 6;
        -:  603:    case council_room:
      242:  604:      return 5;
        -:  605:    case feast:
        2:  606:      return 4;
        -:  607:    case gardens:
       43:  608:      return 4;
        -:  609:    case mine:
       62:  610:      return 5;
        -:  611:    case remodel:
        2:  612:      return 4;
        -:  613:    case smithy:
        6:  614:      return 4;
        -:  615:    case village:
        2:  616:      return 3;
        -:  617:    case baron:
      122:  618:      return 4;
        -:  619:    case great_hall:
       82:  620:      return 3;
        -:  621:    case minion:
      182:  622:      return 5;
        -:  623:    case steward:
        2:  624:      return 3;
        -:  625:    case tribute:
      282:  626:      return 5;
        -:  627:    case ambassador:
        2:  628:      return 3;
        -:  629:    case cutpurse:
        2:  630:      return 4;
        -:  631:    case embargo:
      242:  632:      return 2;
        -:  633:    case outpost:
      162:  634:      return 5;
        -:  635:    case salvager:
      162:  636:      return 4;
        -:  637:    case sea_hag:
       42:  638:      return 4;
        -:  639:    case treasure_map:
        2:  640:      return 4;
        -:  641:    }
        -:  642:
        2:  643:  return -1;
        -:  644:}
        -:  645:
     1243:  646:int useAdventurer(int currentPlayer, struct gameState *state) {
     1243:  647:    int drawntreasure = 0;
        -:  648:    int cardDrawn;
        -:  649:    int temphand[MAX_HAND];
     1243:  650:    int z = 0; //used for temphand
        -:  651:
     7065:  652:    while(drawntreasure<2){
     4579:  653:        if (state->deckCount[currentPlayer] <1){//if the deck is empty we need to shuffle discard and add to deck
      143:  654:            shuffle(currentPlayer, state);
        -:  655:	}
     4579:  656:	drawCard(currentPlayer, state);
     4579:  657:	cardDrawn = state->hand[currentPlayer][state->handCount[currentPlayer]-1];//top card of hand is most recently drawn card.
     7065:  658:        if (cardDrawn == copper || cardDrawn == silver || cardDrawn == gold)
     2486:  659:            drawntreasure++;
        -:  660:        else {
     2093:  661:            temphand[z]=cardDrawn;
     2093:  662:            state->handCount[currentPlayer]--; //this should just remove the top card (the most recently drawn one).
     2093:  663:            z++;
        -:  664:        }
        -:  665:    }
     4579:  666:    while(z-1>=0) {
     2093:  667:        state->discard[currentPlayer][state->discardCount[currentPlayer]++]=temphand[z-1]; // discard all cards in play that have been drawn
     2093:  668:        z=z-1;
        -:  669:    }
     1243:  670:      return 0;
        -:  671:}
        -:  672:
       82:  673:int useCouncilRoom(int currentPlayer, struct gameState *state, int handPos) {
        -:  674:    //+4 Cards
        -:  675:    int i;
      410:  676:    for (i = 0; i < 4; i++) {
      328:  677:        drawCard(currentPlayer, state);
        -:  678:	}
        -:  679:    //+1 Buy
       82:  680:    state->numBuys++;
        -:  681:
        -:  682:    //Each other player draws a card
      246:  683:    for (i = 0; i < state->numPlayers; i++) {
      164:  684:        if ( i != currentPlayer )
       82:  685:	      drawCard(i, state);
        -:  686:	}
        -:  687:    //put played card in played card pile
       82:  688:    discardCard(handPos, currentPlayer, state, 0);
        -:  689:
       82:  690:    return 0;
        -:  691:}
        -:  692:
        4:  693:int useFeast(int currentPlayer, struct gameState *state, int choice1) {
        -:  694:    //gain card with cost up to 5
        -:  695:    //Backup hand
        -:  696:    int i, x;
        -:  697:    int temphand[MAX_HAND];
       28:  698:    for (i = 0; i <= state->handCount[currentPlayer]; i++){
       24:  699:        temphand[i] = state->hand[currentPlayer][i];//Backup card
       24:  700:        state->hand[currentPlayer][i] = -1;//Set to nothing
        -:  701:    }
        -:  702:    //Backup hand
        -:  703:
        -:  704:    //Update Coins for Buy
        4:  705:    updateCoins(currentPlayer, state, 5);
        4:  706:    x = 1;                                  //Condition to loop on
        -:  707:
       12:  708:    while( x == 1) {                        //Buy one card
        4:  709:        if (supplyCount(choice1, state) <= 0){
    #####:  710:            if (DEBUG)
        -:  711:                printf("None of that card left, sorry!\n");
    #####:  712:            if (DEBUG)
        -:  713:                printf("Cards Left: %d\n", supplyCount(choice1, state));
        -:  714:        }
        4:  715:        else if (state->coins < getCost(choice1)){
    #####:  716:            printf("That card is too expensive!\n");
    #####:  717:            if (DEBUG)
        -:  718:                printf("Coins: %d < %d\n", state->coins, getCost(choice1));
        -:  719:        }
        -:  720:        else{
        4:  721:            if (DEBUG)
        -:  722:                printf("Deck Count: %d\n", state->handCount[currentPlayer] + state->deckCount[currentPlayer] + state->discardCount[currentPlayer]);
        -:  723:
        4:  724:        gainCard(choice1, state, 0, currentPlayer);//Gain the card
        4:  725:        x = 0;//No more buying cards
        -:  726:
        4:  727:        if (DEBUG)
        -:  728:            printf("Deck Count: %d\n", state->handCount[currentPlayer] + state->deckCount[currentPlayer] + state->discardCount[currentPlayer]);
        -:  729:        }
        -:  730:    }
        -:  731:
        -:  732:    //Reset Hand
       28:  733:    for (i = 0; i <= state->handCount[currentPlayer]; i++){
       24:  734:        state->hand[currentPlayer][i] = temphand[i];
       24:  735:        temphand[i] = -1;
        -:  736:    }
        -:  737:    //Reset Hand
        -:  738:
        4:  739:    return 0;
        -:  740:}
        -:  741:
      100:  742:int useMine(int currentPlayer, struct gameState *state, int choice1, int choice2, int handPos) {
        -:  743:    int i;
      100:  744:    int j = state->hand[currentPlayer][choice1];  //store card we will trash
      100:  745:    if (state->hand[currentPlayer][choice1] < copper || state->hand[currentPlayer][choice1] > gold)
       60:  746:        return -1;
        -:  747:
       40:  748:    if (choice2 > treasure_map || choice2 < curse)
    #####:  749:        return -1;
        -:  750:
       40:  751:    if ( (getCost(state->hand[currentPlayer][choice1]) + 3) > getCost(choice2) )
       20:  752:        return -1;
        -:  753:
       20:  754:    gainCard(choice2, state, 2, currentPlayer);
        -:  755:
        -:  756:    //discard card from hand
       20:  757:    discardCard(handPos, currentPlayer, state, 0);
        -:  758:
        -:  759:    //discard trashed card
       40:  760:    for (i = 0; i < state->handCount[currentPlayer]; i++) {
       40:  761:        if (state->hand[currentPlayer][i] == j) {
       20:  762:	      discardCard(i, currentPlayer, state, 0);
       20:  763:	      break;
        -:  764:        }
        -:  765:	}
       20:  766:    return 0;
        -:  767:}
        -:  768:
        2:  769:int useRemodel(int currentPlayer, struct gameState *state, int choice1, int choice2, int handPos) {
        -:  770:    int i;
        2:  771:    int j = state->hand[currentPlayer][choice1];  //store card we will trash
        -:  772:
        2:  773:    if ( (getCost(state->hand[currentPlayer][choice1]) + 2) < getCost(choice2) )
        1:  774:        return -1;
        -:  775:
        1:  776:    gainCard(choice2, state, 0, currentPlayer);
        -:  777:
        -:  778:    //discard card from hand
        1:  779:    discardCard(handPos, currentPlayer, state, 0);
        -:  780:
        -:  781:    //discard trashed card
        3:  782:    for (i = 0; i < state->handCount[currentPlayer]; i++) {
        3:  783:        if (state->hand[currentPlayer][i] == j) {
        1:  784:	      discardCard(i, currentPlayer, state, 0);
        1:  785:	      break;
        -:  786:	    }
        -:  787:	}
        -:  788:
        1:  789:    return 0;
        -:  790:}
        -:  791:
     6772:  792:int cardEffect(int card, int choice1, int choice2, int choice3, struct gameState *state, int handPos, int *bonus)
        -:  793:{
        -:  794:  int i;
        -:  795:  int j;
        -:  796:  int k;
        -:  797:  int x;
        -:  798:  int index;
     6772:  799:  int currentPlayer = whoseTurn(state);
     6772:  800:  int nextPlayer = currentPlayer + 1;
        -:  801:
     6772:  802:  int tributeRevealedCards[2] = {-1, -1};
        -:  803:  int temphand[MAX_HAND];// moved above the if statement
     6772:  804:  int drawntreasure=0;
        -:  805:  int cardDrawn;
     6772:  806:  int z = 0;// this is the counter for the temp hand
     6772:  807:  if (nextPlayer > (state->numPlayers - 1)){
     1322:  808:    nextPlayer = 0;
        -:  809:  }
        -:  810:
        -:  811:
        -:  812:  //uses switch to select card and perform actions
     6772:  813:  switch( card )
        -:  814:    {
        -:  815:    case adventurer:
     1243:  816:      useAdventurer(currentPlayer, state);
     1243:  817:      break;
        -:  818:    case council_room:
       82:  819:        useCouncilRoom(currentPlayer, state, handPos);
       82:  820:	break;
        -:  821:    case feast:
        4:  822:        useFeast(currentPlayer, state, choice1);
        4:  823:	break;
        -:  824:    case gardens:
    #####:  825:      return -1;
        -:  826:
        -:  827:    case mine:
      100:  828:        useMine(currentPlayer, state, choice1, choice2, handPos);
      100:  829:	break;
        -:  830:    case remodel:
        2:  831:        useRemodel(currentPlayer, state, choice1, choice2, handPos);
        2:  832:	break;
        -:  833:    case smithy:
        -:  834:      //+3 Cards
        4:  835:      for (i = 0; i < 3; i++)
        -:  836:	{
        3:  837:	  drawCard(currentPlayer, state);
        -:  838:	}
        -:  839:
        -:  840:      //discard card from hand
        1:  841:      discardCard(handPos, currentPlayer, state, 0);
        1:  842:      return 0;
        -:  843:
        -:  844:    case village:
        -:  845:      //+1 Card
    #####:  846:      drawCard(currentPlayer, state);
        -:  847:
        -:  848:      //+2 Actions
    #####:  849:      state->numActions = state->numActions + 2;
        -:  850:
        -:  851:      //discard played card from hand
    #####:  852:      discardCard(handPos, currentPlayer, state, 0);
    #####:  853:      return 0;
        -:  854:
        -:  855:    case baron:
      240:  856:      state->numBuys++;//Increase buys by 1!
      240:  857:      if (choice1 > 0){//Boolean true or going to discard an estate
    #####:  858:	int p = 0;//Iterator for hand!
    #####:  859:	int card_not_discarded = 1;//Flag for discard set!
    #####:  860:	while(card_not_discarded){
    #####:  861:	  if (state->hand[currentPlayer][p] == estate){//Found an estate card!
    #####:  862:	    state->coins += 4;//Add 4 coins to the amount of coins
    #####:  863:	    state->discard[currentPlayer][state->discardCount[currentPlayer]] = state->hand[currentPlayer][p];
    #####:  864:	    state->discardCount[currentPlayer]++;
    #####:  865:	    for (;p < state->handCount[currentPlayer]; p++){
    #####:  866:	      state->hand[currentPlayer][p] = state->hand[currentPlayer][p+1];
        -:  867:	    }
    #####:  868:	    state->hand[currentPlayer][state->handCount[currentPlayer]] = -1;
    #####:  869:	    state->handCount[currentPlayer]--;
    #####:  870:	    card_not_discarded = 0;//Exit the loop
        -:  871:	  }
    #####:  872:	  else if (p > state->handCount[currentPlayer]){
    #####:  873:	    if(DEBUG) {
        -:  874:	      printf("No estate cards in your hand, invalid choice\n");
        -:  875:	      printf("Must gain an estate if there are any\n");
        -:  876:	    }
    #####:  877:	    if (supplyCount(estate, state) > 0){
    #####:  878:	      gainCard(estate, state, 0, currentPlayer);
    #####:  879:	      state->supplyCount[estate]--;//Decrement estates
    #####:  880:	      if (supplyCount(estate, state) == 0){
    #####:  881:		isGameOver(state);
        -:  882:	      }
        -:  883:	    }
    #####:  884:	    card_not_discarded = 0;//Exit the loop
        -:  885:	  }
        -:  886:
        -:  887:	  else{
    #####:  888:	    p++;//Next card
        -:  889:	  }
        -:  890:	}
        -:  891:      }
        -:  892:
        -:  893:      else{
      240:  894:	if (supplyCount(estate, state) > 0){
      100:  895:	  gainCard(estate, state, 0, currentPlayer);//Gain an estate
      100:  896:	  state->supplyCount[estate]--;//Decrement Estates
      100:  897:	  if (supplyCount(estate, state) == 0){
       20:  898:	    isGameOver(state);
        -:  899:	  }
        -:  900:	}
        -:  901:      }
        -:  902:
        -:  903:
      240:  904:      return 0;
        -:  905:
        -:  906:    case great_hall:
        -:  907:      //+1 Card
       40:  908:      drawCard(currentPlayer, state);
        -:  909:
        -:  910:      //+1 Actions
       40:  911:      state->numActions++;
        -:  912:
        -:  913:      //discard card from hand
       40:  914:      discardCard(handPos, currentPlayer, state, 0);
       40:  915:      return 0;
        -:  916:
        -:  917:    case minion:
        -:  918:      //+1 action
       80:  919:      state->numActions++;
        -:  920:
        -:  921:      //discard card from hand
       80:  922:      discardCard(handPos, currentPlayer, state, 0);
        -:  923:
       80:  924:      if (choice1)		//+2 coins
        -:  925:	{
       80:  926:	  state->coins = state->coins + 2;
        -:  927:	}
        -:  928:
    #####:  929:      else if (choice2)		//discard hand, redraw 4, other players with 5+ cards discard hand and draw 4
        -:  930:	{
        -:  931:	  //discard hand
    #####:  932:	  while(numHandCards(state) > 0)
        -:  933:	    {
    #####:  934:	      discardCard(handPos, currentPlayer, state, 0);
        -:  935:	    }
        -:  936:
        -:  937:	  //draw 4
    #####:  938:	  for (i = 0; i < 4; i++)
        -:  939:	    {
    #####:  940:	      drawCard(currentPlayer, state);
        -:  941:	    }
        -:  942:
        -:  943:	  //other players discard hand and redraw if hand size > 4
    #####:  944:	  for (i = 0; i < state->numPlayers; i++)
        -:  945:	    {
    #####:  946:	      if (i != currentPlayer)
        -:  947:		{
    #####:  948:		  if ( state->handCount[i] > 4 )
        -:  949:		    {
        -:  950:		      //discard hand
    #####:  951:		      while( state->handCount[i] > 0 )
        -:  952:			{
    #####:  953:			  discardCard(handPos, i, state, 0);
        -:  954:			}
        -:  955:
        -:  956:		      //draw 4
    #####:  957:		      for (j = 0; j < 4; j++)
        -:  958:			{
    #####:  959:			  drawCard(i, state);
        -:  960:			}
        -:  961:		    }
        -:  962:		}
        -:  963:	    }
        -:  964:
        -:  965:	}
       80:  966:      return 0;
        -:  967:
        -:  968:    case steward:
    #####:  969:      if (choice1 == 1)
        -:  970:	{
        -:  971:	  //+2 cards
    #####:  972:	  drawCard(currentPlayer, state);
    #####:  973:	  drawCard(currentPlayer, state);
        -:  974:	}
    #####:  975:      else if (choice1 == 2)
        -:  976:	{
        -:  977:	  //+2 coins
    #####:  978:	  state->coins = state->coins + 2;
        -:  979:	}
        -:  980:      else
        -:  981:	{
        -:  982:	  //trash 2 cards in hand
    #####:  983:	  discardCard(choice2, currentPlayer, state, 1);
    #####:  984:	  discardCard(choice3, currentPlayer, state, 1);
        -:  985:	}
        -:  986:
        -:  987:      //discard card from hand
    #####:  988:      discardCard(handPos, currentPlayer, state, 0);
    #####:  989:      return 0;
        -:  990:
        -:  991:    case tribute:
      220:  992:      if ((state->discardCount[nextPlayer] + state->deckCount[nextPlayer]) <= 1){
       40:  993:	if (state->deckCount[nextPlayer] > 0){
    #####:  994:	  tributeRevealedCards[0] = state->deck[nextPlayer][state->deckCount[nextPlayer]-1];
    #####:  995:	  state->deckCount[nextPlayer]--;
        -:  996:	}
       40:  997:	else if (state->discardCount[nextPlayer] > 0){
       20:  998:	  tributeRevealedCards[0] = state->discard[nextPlayer][state->discardCount[nextPlayer]-1];
       20:  999:	  state->discardCount[nextPlayer]--;
        -: 1000:	}
        -: 1001:	else{
        -: 1002:	  //No Card to Reveal
       20: 1003:	  if (DEBUG){
        -: 1004:	    printf("No cards to reveal\n");
        -: 1005:	  }
        -: 1006:	}
        -: 1007:      }
        -: 1008:
        -: 1009:      else{
      180: 1010:	if (state->deckCount[nextPlayer] == 0){
      380: 1011:	  for (i = 0; i < state->discardCount[nextPlayer]; i++){
      320: 1012:	    state->deck[nextPlayer][i] = state->discard[nextPlayer][i];//Move to deck
      320: 1013:	    state->deckCount[nextPlayer]++;
      320: 1014:	    state->discard[nextPlayer][i] = -1;
      320: 1015:	    state->discardCount[nextPlayer]--;
        -: 1016:	  }
        -: 1017:
       60: 1018:	  shuffle(nextPlayer,state);//Shuffle the deck
        -: 1019:	}
      180: 1020:	tributeRevealedCards[0] = state->deck[nextPlayer][state->deckCount[nextPlayer]-1];
      180: 1021:	state->deck[nextPlayer][state->deckCount[nextPlayer]--] = -1;
      180: 1022:	state->deckCount[nextPlayer]--;
      180: 1023:	tributeRevealedCards[1] = state->deck[nextPlayer][state->deckCount[nextPlayer]-1];
      180: 1024:	state->deck[nextPlayer][state->deckCount[nextPlayer]--] = -1;
      180: 1025:	state->deckCount[nextPlayer]--;
        -: 1026:      }
        -: 1027:
      220: 1028:      if (tributeRevealedCards[0] == tributeRevealedCards[1]){//If we have a duplicate card, just drop one
       80: 1029:	state->playedCards[state->playedCardCount] = tributeRevealedCards[1];
       80: 1030:	state->playedCardCount++;
       80: 1031:	tributeRevealedCards[1] = -1;
        -: 1032:      }
        -: 1033:
      880: 1034:      for (i = 0; i <= 2; i ++){
      760: 1035:	if (tributeRevealedCards[i] == copper || tributeRevealedCards[i] == silver || tributeRevealedCards[i] == gold){//Treasure cards
      100: 1036:	  state->coins += 2;
        -: 1037:	}
        -: 1038:
      660: 1039:	else if (tributeRevealedCards[i] == estate || tributeRevealedCards[i] == duchy || tributeRevealedCards[i] == province || tributeRevealedCards[i] == gardens || tributeRevealedCards[i] == great_hall){//Victory Card Found
      100: 1040:	  drawCard(currentPlayer, state);
      100: 1041:	  drawCard(currentPlayer, state);
        -: 1042:	}
        -: 1043:	else{//Action Card
      460: 1044:	  state->numActions = state->numActions + 2;
        -: 1045:	}
        -: 1046:      }
        -: 1047:
      220: 1048:      return 0;
        -: 1049:
        -: 1050:    case ambassador:
    #####: 1051:      j = 0;		//used to check if player has enough cards to discard
        -: 1052:
    #####: 1053:      if (choice2 > 2 || choice2 < 0)
        -: 1054:	{
    #####: 1055:	  return -1;
        -: 1056:	}
        -: 1057:
    #####: 1058:      if (choice1 == handPos)
        -: 1059:	{
    #####: 1060:	  return -1;
        -: 1061:	}
        -: 1062:
    #####: 1063:      for (i = 0; i < state->handCount[currentPlayer]; i++)
        -: 1064:	{
    #####: 1065:	  if (i != handPos && i == state->hand[currentPlayer][choice1] && i != choice1)
        -: 1066:	    {
    #####: 1067:	      j++;
        -: 1068:	    }
        -: 1069:	}
    #####: 1070:      if (j < choice2)
        -: 1071:	{
    #####: 1072:	  return -1;
        -: 1073:	}
        -: 1074:
    #####: 1075:      if (DEBUG)
        -: 1076:	printf("Player %d reveals card number: %d\n", currentPlayer, state->hand[currentPlayer][choice1]);
        -: 1077:
        -: 1078:      //increase supply count for choosen card by amount being discarded
    #####: 1079:      state->supplyCount[state->hand[currentPlayer][choice1]] += choice2;
        -: 1080:
        -: 1081:      //each other player gains a copy of revealed card
    #####: 1082:      for (i = 0; i < state->numPlayers; i++)
        -: 1083:	{
    #####: 1084:	  if (i != currentPlayer)
        -: 1085:	    {
    #####: 1086:	      gainCard(state->hand[currentPlayer][choice1], state, 0, i);
        -: 1087:	    }
        -: 1088:	}
        -: 1089:
        -: 1090:      //discard played card from hand
    #####: 1091:      discardCard(handPos, currentPlayer, state, 0);
        -: 1092:
        -: 1093:      //trash copies of cards returned to supply
    #####: 1094:      for (j = 0; j < choice2; j++)
        -: 1095:	{
    #####: 1096:	  for (i = 0; i < state->handCount[currentPlayer]; i++)
        -: 1097:	    {
    #####: 1098:	      if (state->hand[currentPlayer][i] == state->hand[currentPlayer][choice1])
        -: 1099:		{
    #####: 1100:		  discardCard(i, currentPlayer, state, 1);
    #####: 1101:		  break;
        -: 1102:		}
        -: 1103:	    }
        -: 1104:	}
        -: 1105:
    #####: 1106:      return 0;
        -: 1107:
        -: 1108:    case cutpurse:
        -: 1109:
     4500: 1110:      updateCoins(currentPlayer, state, 2);
    15769: 1111:      for (i = 0; i < state->numPlayers; i++)
        -: 1112:	{
    11269: 1113:	  if (i != currentPlayer)
        -: 1114:	    {
   662925: 1115:	      for (j = 0; j < state->handCount[i]; j++)
        -: 1116:		{
   656287: 1117:		  if (state->hand[i][j] == copper)
        -: 1118:		    {
      133: 1119:		      discardCard(j, i, state, 0);
      133: 1120:		      break;
        -: 1121:		    }
   656154: 1122:		  if (j == state->handCount[i])
        -: 1123:		    {
    #####: 1124:		      for (k = 0; k < state->handCount[i]; k++)
        -: 1125:			{
    #####: 1126:			  if (DEBUG)
        -: 1127:			    printf("Player %d reveals card number %d\n", i, state->hand[i][k]);
        -: 1128:			}
    #####: 1129:		      break;
        -: 1130:		    }
        -: 1131:		}
        -: 1132:
        -: 1133:	    }
        -: 1134:
        -: 1135:	}
        -: 1136:
        -: 1137:      //discard played card from hand
     4500: 1138:      discardCard(handPos, currentPlayer, state, 0);
        -: 1139:
     4500: 1140:      return 0;
        -: 1141:
        -: 1142:
        -: 1143:    case embargo:
        -: 1144:      //+2 Coins
      100: 1145:      state->coins = state->coins + 2;
        -: 1146:
        -: 1147:      //see if selected pile is in play
      100: 1148:      if ( state->supplyCount[choice1] == -1 )
        -: 1149:	{
    #####: 1150:	  return -1;
        -: 1151:	}
        -: 1152:
        -: 1153:      //add embargo token to selected supply pile
      100: 1154:      state->embargoTokens[choice1]++;
        -: 1155:
        -: 1156:      //trash card
      100: 1157:      discardCard(handPos, currentPlayer, state, 1);
      100: 1158:      return 0;
        -: 1159:
        -: 1160:    case outpost:
        -: 1161:      //set outpost flag
       40: 1162:      state->outpostPlayed++;
        -: 1163:
        -: 1164:      //discard card
       40: 1165:      discardCard(handPos, currentPlayer, state, 0);
       40: 1166:      return 0;
        -: 1167:
        -: 1168:    case salvager:
        -: 1169:      //+1 buy
       80: 1170:      state->numBuys++;
        -: 1171:
       80: 1172:      if (choice1)
        -: 1173:	{
        -: 1174:	  //gain coins equal to trashed card
       80: 1175:	  state->coins = state->coins + getCost( handCard(choice1, state) );
        -: 1176:	  //trash card
       80: 1177:	  discardCard(choice1, currentPlayer, state, 1);
        -: 1178:	}
        -: 1179:
        -: 1180:      //discard card
       80: 1181:      discardCard(handPos, currentPlayer, state, 0);
       80: 1182:      return 0;
        -: 1183:
        -: 1184:    case sea_hag:
      120: 1185:      for (i = 0; i < state->numPlayers; i++){
       80: 1186:	if (i != currentPlayer){
       40: 1187:	  state->discard[i][state->discardCount[i]] = state->deck[i][state->deckCount[i]--];			    state->deckCount[i]--;
       40: 1188:	  state->discardCount[i]++;
       40: 1189:	  state->deck[i][state->deckCount[i]--] = curse;//Top card now a curse
        -: 1190:	}
        -: 1191:      }
       40: 1192:      return 0;
        -: 1193:
        -: 1194:    case treasure_map:
        -: 1195:      //search hand for another treasure_map
    #####: 1196:      index = -1;
    #####: 1197:      for (i = 0; i < state->handCount[currentPlayer]; i++)
        -: 1198:	{
    #####: 1199:	  if (state->hand[currentPlayer][i] == treasure_map && i != handPos)
        -: 1200:	    {
    #####: 1201:	      index = i;
    #####: 1202:	      break;
        -: 1203:	    }
        -: 1204:	}
    #####: 1205:      if (index > -1)
        -: 1206:	{
        -: 1207:	  //trash both treasure cards
    #####: 1208:	  discardCard(handPos, currentPlayer, state, 1);
    #####: 1209:	  discardCard(index, currentPlayer, state, 1);
        -: 1210:
        -: 1211:	  //gain 4 Gold cards
    #####: 1212:	  for (i = 0; i < 4; i++)
        -: 1213:	    {
    #####: 1214:	      gainCard(gold, state, 1, currentPlayer);
        -: 1215:	    }
        -: 1216:
        -: 1217:	  //return success
    #####: 1218:	  return 1;
        -: 1219:	}
        -: 1220:
        -: 1221:      //no second treasure_map found in hand
    #####: 1222:      return -1;
        -: 1223:    }
        -: 1224:
     1431: 1225:  return -1;
        -: 1226:}
        -: 1227:
     5178: 1228:int discardCard(int handPos, int currentPlayer, struct gameState *state, int trashFlag)
        -: 1229:{
        -: 1230:
        -: 1231:  //if card is not trashed, added to Played pile
     5178: 1232:  if (trashFlag < 1)
        -: 1233:    {
        -: 1234:      //add card to played pile
     4998: 1235:      state->playedCards[state->playedCardCount] = state->hand[currentPlayer][handPos];
     4998: 1236:      state->playedCardCount++;
        -: 1237:    }
        -: 1238:
        -: 1239:  //set played card to -1
     5178: 1240:  state->hand[currentPlayer][handPos] = -1;
        -: 1241:
        -: 1242:  //remove card from player's hand
     5178: 1243:  if ( handPos == (state->handCount[currentPlayer] - 1) ) 	//last card in hand array is played
        -: 1244:    {
        -: 1245:      //reduce number of cards in hand
      242: 1246:      state->handCount[currentPlayer]--;
        -: 1247:    }
     4936: 1248:  else if ( state->handCount[currentPlayer] == 1 ) //only one card in hand
        -: 1249:    {
        -: 1250:      //reduce number of cards in hand
    #####: 1251:      state->handCount[currentPlayer]--;
        -: 1252:    }
        -: 1253:  else
        -: 1254:    {
        -: 1255:      //replace discarded card with last card in hand
     4936: 1256:      state->hand[currentPlayer][handPos] = state->hand[currentPlayer][ (state->handCount[currentPlayer] - 1)];
        -: 1257:      //set last card to -1
     4936: 1258:      state->hand[currentPlayer][state->handCount[currentPlayer] - 1] = -1;
        -: 1259:      //reduce number of cards in hand
     4936: 1260:      state->handCount[currentPlayer]--;
        -: 1261:    }
        -: 1262:
     5178: 1263:  return 0;
        -: 1264:}
        -: 1265:
     7519: 1266:int gainCard(int supplyPos, struct gameState *state, int toFlag, int player)
        -: 1267:{
        -: 1268:  //Note: supplyPos is enum of choosen card
        -: 1269:
        -: 1270:  //check if supply pile is empty (0) or card is not used in game (-1)
     7519: 1271:  if ( supplyCount(supplyPos, state) < 1 )
        -: 1272:    {
       20: 1273:      return -1;
        -: 1274:    }
        -: 1275:
        -: 1276:  //added card for [whoseTurn] current player:
        -: 1277:  // toFlag = 0 : add to discard
        -: 1278:  // toFlag = 1 : add to deck
        -: 1279:  // toFlag = 2 : add to hand
        -: 1280:
     7499: 1281:  if (toFlag == 1)
        -: 1282:    {
    #####: 1283:      state->deck[ player ][ state->deckCount[player] ] = supplyPos;
    #####: 1284:      state->deckCount[player]++;
        -: 1285:    }
     7499: 1286:  else if (toFlag == 2)
        -: 1287:    {
      534: 1288:      state->hand[ player ][ state->handCount[player] ] = supplyPos;
      534: 1289:      state->handCount[player]++;
        -: 1290:    }
        -: 1291:  else
        -: 1292:    {
     6965: 1293:      state->discard[player][ state->discardCount[player] ] = supplyPos;
     6965: 1294:      state->discardCount[player]++;
        -: 1295:    }
        -: 1296:
        -: 1297:  //decrease number in supply pile
     7499: 1298:  state->supplyCount[supplyPos]--;
        -: 1299:
     7499: 1300:  return 0;
        -: 1301:}
        -: 1302:
    20737: 1303:int updateCoins(int player, struct gameState *state, int bonus)
        -: 1304:{
        -: 1305:  int i;
        -: 1306:
        -: 1307:  //reset coin count
    20737: 1308:  state->coins = 0;
        -: 1309:
        -: 1310:  //add coins for each Treasure card in player's hand
   894691: 1311:  for (i = 0; i < state->handCount[player]; i++)
        -: 1312:    {
   873954: 1313:      if (state->hand[player][i] == copper)
        -: 1314:	{
    46793: 1315:	  state->coins += 1;
        -: 1316:	}
   827161: 1317:      else if (state->hand[player][i] == silver)
        -: 1318:	{
     8920: 1319:	  state->coins += 2;
        -: 1320:	}
   818241: 1321:      else if (state->hand[player][i] == gold)
        -: 1322:	{
     6120: 1323:	  state->coins += 3;
        -: 1324:	}
        -: 1325:    }
        -: 1326:
        -: 1327:  //add bonus
    20737: 1328:  state->coins += bonus;
        -: 1329:
    20737: 1330:  return 0;
        -: 1331:}
        -: 1332:
        -: 1333:
        -: 1334://end of dominion.c
        -: 1335:
