***Start Testing for  getCost ***
Curse:
Estate:
Duchy:
Provnce:
Copper:
Silver:
Gold:
Adventurer
Council Room:
Feast:
Gardens:
Mine:
Remodel
Smithy:
Village:
Baron
Great Hall:
Minion:
Steward
Tribute:
Ambassador:
Cutpurse:
Embargo:
Outpost:
Salvager:
Sea Hag:
Treasure Map
Test for Invalid Input:
Tests Are Successful

***Start Testing isGameOver***
Initialize Game...
We have 2 provinces left

No more provinces left, game should be over

Less than 3 cards are gone, game continues:

More than 3  cards are gone, game should be over

Tests Are Successful


***Start Testing whoseTurn***

Initilizing Game...
Should be player 2's turn

Should be player 1's turn now

Tests Are Successful


***Start Testing supplyCount***
There are 30 adventurer cards in supply

There are no adventurer cards in supply

Tests Are Successful

***Start Testing***
Initialize Game...
Deck Count should equal 5 for player 1: 5
Deck Count should equal 10 for player 2: 10
Discard for player 1 is empty: 0
Run Council Room:
r should equal 0, r = -1
Ran Successfully
Deck Count should now equal 1 for player1: 1
Deck Count should now equal 9 for player2: 9
***Tests Are Successful***

***Start Testing***
Initialize Game...


***FEAST adds cards to the discard pile,so we will check the discard pile to make sure we are receiving our cards***

Before running Feast, there should be 0 cards in my discard pile.
There are 0 cards in the pile.
How many coins do I have before running feast:3

Run Feast
First Run Successful
1 card(s) are in the discard pile now
Coins should equal 5 now, in order to buy a card: 5
Adding a mine to my disard pile now

Run Feast
Second Run Successful
2 card(s) are in the discard pile now
***Tests Are Successful***

***Start Testing***
Initialize Game...


Testing Remodel: this card takes a card from your hand
and throws it in the discard pile. You then gain a card
that costs 2 more coins than the trashed card.

First Test: Trash an embargo for a gardens card
r should equal 0, r = 0

Second Test: Trash an embargo for an adventurer card, shouldn't work
r should equal -1, r = 0
***Tests are Successful***

***Start Testing***
Initialize Game...


Testing Smithy: this card adds three cards from the deck
into your hand.

Test: Check if three cards are added to my hand
However, it will look like only 2 cards are added to the hand
because you must discard smithy after using it.

There are 5 cards in my hand.
Hand count should be temp + 2: handCount = 7, temp = 5
There are now 7 cards in my hand.
***Tests are Successful***

***Start Testing***

Running Random Card Test for Cutpurse:

***Start First Set of Tests on State F***
***First Set of Tests Successful***

***Start Second Set of Tests on State G***
***Second Set of Tests Successful***

***Start Third Set of Tests on State H***
***Third Set of Tests Successful***
Tests Complete




***Start Testing***

Running Random Card Test for Adventurer:

***Start First Set of Tests on State F***
***First Set of Tests Successful***

***Start Second Set of Tests on State G***
***Second Set of Tests Successful***

***Start Third Set of Tests on State H***
***Third Set of Tests Successful***
Tests Complete
File 'dominion.c'
Lines executed:82.18% of 595
dominion.c:creating 'dominion.c.gcov'

        -:    0:Source:dominion.c
        -:    0:Graph:dominion.gcno
        -:    0:Data:dominion.gcda
        -:    0:Runs:28
        -:    0:Programs:11
        -:    1:#include "dominion.h"
        -:    2:#include "dominion_helpers.h"
        -:    3:#include "rngs.h"
        -:    4:#include <stdio.h>
        -:    5:#include <math.h>
        -:    6:#include <stdlib.h>
        -:    7:
   468092:    8:int compare(const void* a, const void* b) {
   468092:    9:  if (*(int*)a > *(int*)b)
   135800:   10:    return 1;
   332292:   11:  if (*(int*)a < *(int*)b)
   102000:   12:    return -1;
   230292:   13:  return 0;
        -:   14:}
        -:   15:
    #####:   16:struct gameState* newGame() {
    #####:   17:  struct gameState* g = malloc(sizeof(struct gameState));
    #####:   18:  return g;
        -:   19:}
        -:   20:
    #####:   21:int* kingdomCards(int k1, int k2, int k3, int k4, int k5, int k6, int k7,
        -:   22:		  int k8, int k9, int k10) {
    #####:   23:  int* k = malloc(10 * sizeof(int));
    #####:   24:  k[0] = k1;
    #####:   25:  k[1] = k2;
    #####:   26:  k[2] = k3;
    #####:   27:  k[3] = k4;
    #####:   28:  k[4] = k5;
    #####:   29:  k[5] = k6;
    #####:   30:  k[6] = k7;
    #####:   31:  k[7] = k8;
    #####:   32:  k[8] = k9;
    #####:   33:  k[9] = k10;
    #####:   34:  return k;
        -:   35:}
        -:   36:
     9182:   37:int initializeGame(int numPlayers, int kingdomCards[10], int randomSeed,
        -:   38:		   struct gameState *state) {
        -:   39:
        -:   40:  int i;
        -:   41:  int j;
        -:   42:  int it;			
        -:   43:  //set up random number generator
     9182:   44:  SelectStream(1);
     9182:   45:  PutSeed((long)randomSeed);
        -:   46:  
        -:   47:  //check number of players
     9182:   48:  if (numPlayers > MAX_PLAYERS || numPlayers < 2)
        -:   49:    {
     4486:   50:      return -1;
        -:   51:    }
        -:   52:
        -:   53:  //set number of players
     4696:   54:  state->numPlayers = numPlayers;
        -:   55:
        -:   56:  //check selected kingdom cards are different
    51656:   57:  for (i = 0; i < 10; i++)
        -:   58:    {
   516560:   59:      for (j = 0; j < 10; j++)
        -:   60:        {
   469600:   61:	  if (j != i && kingdomCards[j] == kingdomCards[i])
        -:   62:	    {
    #####:   63:	      return -1;
        -:   64:	    }
        -:   65:        }
        -:   66:    }
        -:   67:
        -:   68:
        -:   69:  //initialize supply
        -:   70:  ///////////////////////////////
        -:   71:
        -:   72:  //set number of Curse cards
     4696:   73:  if (numPlayers == 2)
        -:   74:    {
     2258:   75:      state->supplyCount[curse] = 10;
        -:   76:    }
     2438:   77:  else if (numPlayers == 3)
        -:   78:    {
     2278:   79:      state->supplyCount[curse] = 20;
        -:   80:    }
        -:   81:  else
        -:   82:    {
      160:   83:      state->supplyCount[curse] = 30;
        -:   84:    }
        -:   85:
        -:   86:  //set number of Victory cards
     4696:   87:  if (numPlayers == 2)
        -:   88:    {
     2258:   89:      state->supplyCount[estate] = 8;
     2258:   90:      state->supplyCount[duchy] = 8;
     2258:   91:      state->supplyCount[province] = 8;
        -:   92:    }
        -:   93:  else
        -:   94:    {
     2438:   95:      state->supplyCount[estate] = 12;
     2438:   96:      state->supplyCount[duchy] = 12;
     2438:   97:      state->supplyCount[province] = 12;
        -:   98:    }
        -:   99:
        -:  100:  //set number of Treasure cards
     4696:  101:  state->supplyCount[copper] = 60 - (7 * numPlayers);
     4696:  102:  state->supplyCount[silver] = 40;
     4696:  103:  state->supplyCount[gold] = 30;
        -:  104:
        -:  105:  //set number of Kingdom cards
    98616:  106:  for (i = adventurer; i <= treasure_map; i++)       	//loop all cards
        -:  107:    {
   774890:  108:      for (j = 0; j < 10; j++)           		//loop chosen cards
        -:  109:	{
   727920:  110:	  if (kingdomCards[j] == i)
        -:  111:	    {
        -:  112:	      //check if card is a 'Victory' Kingdom card
    51606:  113:	      if (kingdomCards[j] == great_hall || kingdomCards[j] == gardens)
        -:  114:		{
     4656:  115:		  if (numPlayers == 2){ 
     2258:  116:		    state->supplyCount[i] = 8; 
        -:  117:		  }
     2398:  118:		  else{ state->supplyCount[i] = 12; }
        -:  119:		}
        -:  120:	      else
        -:  121:		{
    42294:  122:		  state->supplyCount[i] = 10;
        -:  123:		}
    46950:  124:	      break;
        -:  125:	    }
        -:  126:	  else    //card is not in the set choosen for the game
        -:  127:	    {
   680970:  128:	      state->supplyCount[i] = -1;
        -:  129:	    }
        -:  130:	}
        -:  131:
        -:  132:    }
        -:  133:
        -:  134:  ////////////////////////
        -:  135:  //supply intilization complete
        -:  136:
        -:  137:  //set player decks
    16686:  138:  for (i = 0; i < numPlayers; i++)
        -:  139:    {
    11990:  140:      state->deckCount[i] = 0;
    47960:  141:      for (j = 0; j < 3; j++)
        -:  142:	{
    35970:  143:	  state->deck[i][j] = estate;
    35970:  144:	  state->deckCount[i]++;
        -:  145:	}
    95920:  146:      for (j = 3; j < 10; j++)
        -:  147:	{
    83930:  148:	  state->deck[i][j] = copper;
    83930:  149:	  state->deckCount[i]++;		
        -:  150:	}
        -:  151:    }
        -:  152:
        -:  153:  //shuffle player decks
    16686:  154:  for (i = 0; i < numPlayers; i++)
        -:  155:    {
    11990:  156:      if ( shuffle(i, state) < 0 )
        -:  157:	{
    #####:  158:	  return -1;
        -:  159:	}
        -:  160:    }
        -:  161:
        -:  162:  //draw player hands
    16686:  163:  for (i = 0; i < numPlayers; i++)
        -:  164:    {  
        -:  165:      //initialize hand size to zero
    11990:  166:      state->handCount[i] = 0;
    11990:  167:      state->discardCount[i] = 0;
        -:  168:      //draw 5 cards
        -:  169:      // for (j = 0; j < 5; j++)
        -:  170:      //	{
        -:  171:      //	  drawCard(i, state);
        -:  172:      //	}
        -:  173:    }
        -:  174:  
        -:  175:  //set embargo tokens to 0 for all supply piles
   131488:  176:  for (i = 0; i <= treasure_map; i++)
        -:  177:    {
   126792:  178:      state->embargoTokens[i] = 0;
        -:  179:    }
        -:  180:
        -:  181:  //initialize first player's turn
     4696:  182:  state->outpostPlayed = 0;
     4696:  183:  state->phase = 0;
     4696:  184:  state->numActions = 1;
     4696:  185:  state->numBuys = 1;
     4696:  186:  state->playedCardCount = 0;
     4696:  187:  state->whoseTurn = 0;
     4696:  188:  state->handCount[state->whoseTurn] = 0;
        -:  189:  //int it; move to top
        -:  190:
        -:  191:  //Moved draw cards to here, only drawing at the start of a turn
    28176:  192:  for (it = 0; it < 5; it++){
    23480:  193:    drawCard(state->whoseTurn, state);
        -:  194:  }
        -:  195:
     4696:  196:  updateCoins(state->whoseTurn, state, 0);
        -:  197:
     4696:  198:  return 0;
        -:  199:}
        -:  200:
    20262:  201:int shuffle(int player, struct gameState *state) {
        -:  202: 
        -:  203:
        -:  204:  int newDeck[MAX_DECK];
    20262:  205:  int newDeckPos = 0;
        -:  206:  int card;
        -:  207:  int i;
        -:  208:
    20262:  209:  if (state->deckCount[player] < 1)
      190:  210:    return -1;
    20072:  211:  qsort ((void*)(state->deck[player]), state->deckCount[player], sizeof(int), compare); 
        -:  212:  /* SORT CARDS IN DECK TO ENSURE DETERMINISM! */
        -:  213:
   268150:  214:  while (state->deckCount[player] > 0) {
   228006:  215:    card = floor(Random() * state->deckCount[player]);
   228006:  216:    newDeck[newDeckPos] = state->deck[player][card];
   228006:  217:    newDeckPos++;
   922304:  218:    for (i = card; i < state->deckCount[player]-1; i++) {
   694298:  219:      state->deck[player][i] = state->deck[player][i+1];
        -:  220:    }
   228006:  221:    state->deckCount[player]--;
        -:  222:  }
   248078:  223:  for (i = 0; i < newDeckPos; i++) {
   228006:  224:    state->deck[player][i] = newDeck[i];
   228006:  225:    state->deckCount[player]++;
        -:  226:  }
        -:  227:
    20072:  228:  return 0;
        -:  229:}
        -:  230:
    68480:  231:int playCard(int handPos, int choice1, int choice2, int choice3, struct gameState *state) 
        -:  232:{	
        -:  233:  int card;
    68480:  234:  int coin_bonus = 0; 		//tracks coins gain from actions
        -:  235:
        -:  236:  //check if it is the right phase
    68480:  237:  if (state->phase != 0)
        -:  238:    {
    #####:  239:      return -1;
        -:  240:    }
        -:  241:	
        -:  242:  //check if player has enough actions
    68480:  243:  if ( state->numActions < 1 )
        -:  244:    {
      640:  245:      return -1;
        -:  246:    }
        -:  247:	
        -:  248:  //get card played
    67840:  249:  card = handCard(handPos, state);
        -:  250:	
        -:  251:  //check if selected card is an action
    67840:  252:  if ( card < adventurer || card > treasure_map )
        -:  253:    {
    65600:  254:      return -1;
        -:  255:    }
        -:  256:	
        -:  257:  //play card
     2240:  258:  if ( cardEffect(card, choice1, choice2, choice3, state, handPos, &coin_bonus) < 0 )
        -:  259:    {
     1300:  260:      return -1;
        -:  261:    }
        -:  262:	
        -:  263:  //reduce number of actions
      940:  264:  state->numActions--;
        -:  265:
        -:  266:  //update coins (Treasure cards may be added with card draws)
      940:  267:  updateCoins(state->whoseTurn, state, coin_bonus);
        -:  268:	
      940:  269:  return 0;
        -:  270:}
        -:  271:
    13220:  272:int buyCard(int supplyPos, struct gameState *state) {
        -:  273:  int who;
    13220:  274:  if (DEBUG){
        -:  275:    printf("Entering buyCard...\n");
        -:  276:  }
        -:  277:
        -:  278:  // I don't know what to do about the phase thing.
        -:  279:
    13220:  280:  who = state->whoseTurn;
        -:  281:
    13220:  282:  if (state->numBuys < 1){
    #####:  283:    if (DEBUG)
        -:  284:      printf("You do not have any buys left\n");
    #####:  285:    return -1;
    13220:  286:  } else if (supplyCount(supplyPos, state) <1){
      960:  287:    if (DEBUG)
        -:  288:      printf("There are not any of that type of card left\n");
      960:  289:    return -1;
    12260:  290:  } else if (state->coins < getCost(supplyPos)){
      980:  291:    if (DEBUG) 
        -:  292:      printf("You do not have enough money to buy that. You have %d coins.\n", state->coins);
      980:  293:    return -1;
        -:  294:  } else {
    11280:  295:    state->phase=1;
        -:  296:    //state->supplyCount[supplyPos]--;
    11280:  297:    gainCard(supplyPos, state, 0, who); //card goes in discard, this might be wrong.. (2 means goes into hand, 0 goes into discard)
        -:  298:  
    11280:  299:    state->coins = (state->coins) - (getCost(supplyPos));
    11280:  300:    state->numBuys--;
    11280:  301:    if (DEBUG)
        -:  302:      printf("You bought card number %d for %d coins. You now have %d buys and %d coins.\n", supplyPos, getCost(supplyPos), state->numBuys, state->coins);
        -:  303:  }
        -:  304:
        -:  305:  //state->discard[who][state->discardCount[who]] = supplyPos;
        -:  306:  //state->discardCount[who]++;
        -:  307:    
    11280:  308:  return 0;
        -:  309:}
        -:  310:
   362300:  311:int numHandCards(struct gameState *state) {
   362300:  312:  return state->handCount[ whoseTurn(state) ];
        -:  313:}
        -:  314:
  1545700:  315:int handCard(int handPos, struct gameState *state) {
  1545700:  316:  int currentPlayer = whoseTurn(state);
  1545700:  317:  return state->hand[currentPlayer][handPos];
        -:  318:}
        -:  319:
    25922:  320:int supplyCount(int card, struct gameState *state) {
    25922:  321:  return state->supplyCount[card];
        -:  322:}
        -:  323:
     3340:  324:int fullDeckCount(int player, int card, struct gameState *state) {
        -:  325:  int i;
     3340:  326:  int count = 0;
        -:  327:
    21100:  328:  for (i = 0; i < state->deckCount[player]; i++)
        -:  329:    {
    17760:  330:      if (state->deck[player][i] == card) count++;
        -:  331:    }
        -:  332:
     6640:  333:  for (i = 0; i < state->handCount[player]; i++)
        -:  334:    {
     3300:  335:      if (state->hand[player][i] == card) count++;
        -:  336:    }
        -:  337:
    36400:  338:  for (i = 0; i < state->discardCount[player]; i++)
        -:  339:    {
    33060:  340:      if (state->discard[player][i] == card) count++;
        -:  341:    }
        -:  342:
     3340:  343:  return count;
        -:  344:}
        -:  345:
  1976234:  346:int whoseTurn(struct gameState *state) {
  1976234:  347:  return state->whoseTurn;
        -:  348:}
        -:  349:
    20000:  350:int endTurn(struct gameState *state) {
        -:  351:  int k;
        -:  352:  int i;
    20000:  353:  int currentPlayer = whoseTurn(state);
        -:  354:  
        -:  355:  //Discard hand
   122080:  356:  for (i = 0; i < state->handCount[currentPlayer]; i++){
   102080:  357:    state->discard[currentPlayer][state->discardCount[currentPlayer]++] = state->hand[currentPlayer][i];//Discard
   102080:  358:    state->hand[currentPlayer][i] = -1;//Set card to -1
        -:  359:  }
    20000:  360:  state->handCount[currentPlayer] = 0;//Reset hand count
        -:  361:    
        -:  362:  //Code for determining the player
    20000:  363:  if (currentPlayer < (state->numPlayers - 1)){ 
    15060:  364:    state->whoseTurn = currentPlayer + 1;//Still safe to increment
        -:  365:  }
        -:  366:  else{
     4940:  367:    state->whoseTurn = 0;//Max player has been reached, loop back around to player 1
        -:  368:  }
        -:  369:
    20000:  370:  state->outpostPlayed = 0;
    20000:  371:  state->phase = 0;
    20000:  372:  state->numActions = 1;
    20000:  373:  state->coins = 0;
    20000:  374:  state->numBuys = 1;
    20000:  375:  state->playedCardCount = 0;
    20000:  376:  state->handCount[state->whoseTurn] = 0;
        -:  377:
        -:  378:  //int k; move to top
        -:  379:  //Next player draws hand
   120000:  380:  for (k = 0; k < 5; k++){
   100000:  381:    drawCard(state->whoseTurn, state);//Draw a card
        -:  382:  }
        -:  383:
        -:  384:  //Update money
    20000:  385:  updateCoins(state->whoseTurn, state , 0);
        -:  386:
    20000:  387:  return 0;
        -:  388:}
        -:  389:
    20168:  390:int isGameOver(struct gameState *state) {
        -:  391:  int i;
        -:  392:  int j;
        -:  393:	
        -:  394:  //if stack of Province cards is empty, the game ends
    20168:  395:  if (state->supplyCount[province] == 0)
        -:  396:    {
      162:  397:      return 1;
        -:  398:    }
        -:  399:
        -:  400:  //if three supply pile are at 0, the game ends
    20006:  401:  j = 0;
   520156:  402:  for (i = 0; i < 25; i++)
        -:  403:    {
   500150:  404:      if (state->supplyCount[i] == 0)
        -:  405:	{
     7950:  406:	  j++;
        -:  407:	}
        -:  408:    }
    20006:  409:  if ( j >= 3)
        -:  410:    {
        2:  411:      return 1;
        -:  412:    }
        -:  413:
    20004:  414:  return 0;
        -:  415:}
        -:  416:
    81280:  417:int scoreFor (int player, struct gameState *state) {
        -:  418:
        -:  419:  int i;
    81280:  420:  int score = 0;
        -:  421:  //score from hand
   183000:  422:  for (i = 0; i < state->handCount[player]; i++)
        -:  423:    {
   101720:  424:      if (state->hand[player][i] == curse) { score = score - 1; };
   101720:  425:      if (state->hand[player][i] == estate) { score = score + 1; };
   101720:  426:      if (state->hand[player][i] == duchy) { score = score + 3; };
   101720:  427:      if (state->hand[player][i] == province) { score = score + 6; };
   101720:  428:      if (state->hand[player][i] == great_hall) { score = score + 1; };
   101720:  429:      if (state->hand[player][i] == gardens) { score = score + ( fullDeckCount(player, 0, state) / 10 ); };
        -:  430:    }
        -:  431:
        -:  432:  //score from discard
   822020:  433:  for (i = 0; i < state->discardCount[player]; i++)
        -:  434:    {
   740740:  435:      if (state->discard[player][i] == curse) { score = score - 1; };
   740740:  436:      if (state->discard[player][i] == estate) { score = score + 1; };
   740740:  437:      if (state->discard[player][i] == duchy) { score = score + 3; };
   740740:  438:      if (state->discard[player][i] == province) { score = score + 6; };
   740740:  439:      if (state->discard[player][i] == great_hall) { score = score + 1; };
   740740:  440:      if (state->discard[player][i] == gardens) { score = score + ( fullDeckCount(player, 0, state) / 10 ); };
        -:  441:    }
        -:  442:
        -:  443:  //score from deck
   822020:  444:  for (i = 0; i < state->discardCount[player]; i++)
        -:  445:    {
   740740:  446:      if (state->deck[player][i] == curse) { score = score - 1; };
   740740:  447:      if (state->deck[player][i] == estate) { score = score + 1; };
   740740:  448:      if (state->deck[player][i] == duchy) { score = score + 3; };
   740740:  449:      if (state->deck[player][i] == province) { score = score + 6; };
   740740:  450:      if (state->deck[player][i] == great_hall) { score = score + 1; };
   740740:  451:      if (state->deck[player][i] == gardens) { score = score + ( fullDeckCount(player, 0, state) / 10 ); };
        -:  452:    }
        -:  453:
    81280:  454:  return score;
        -:  455:}
        -:  456:
      160:  457:int getWinners(int players[MAX_PLAYERS], struct gameState *state) {
        -:  458:  int i;	
        -:  459:  int j;
        -:  460:  int highScore;
        -:  461:  int currentPlayer;
        -:  462:
        -:  463:  //get score for each player
      800:  464:  for (i = 0; i < MAX_PLAYERS; i++)
        -:  465:    {
        -:  466:      //set unused player scores to -9999
      640:  467:      if (i >= state->numPlayers)
        -:  468:	{
    #####:  469:	  players[i] = -9999;
        -:  470:	}
        -:  471:      else
        -:  472:	{
      640:  473:	  players[i] = scoreFor (i, state);
        -:  474:	}
        -:  475:    }
        -:  476:
        -:  477:  //find highest score
      160:  478:  j = 0;
      800:  479:  for (i = 0; i < MAX_PLAYERS; i++)
        -:  480:    {
      640:  481:      if (players[i] > players[j])
        -:  482:	{
       80:  483:	  j = i;
        -:  484:	}
        -:  485:    }
      160:  486:  highScore = players[j];
        -:  487:
        -:  488:  //add 1 to players who had less turns
      160:  489:  currentPlayer = whoseTurn(state);
      800:  490:  for (i = 0; i < MAX_PLAYERS; i++)
        -:  491:    {
      640:  492:      if ( players[i] == highScore && i > currentPlayer )
        -:  493:	{
       20:  494:	  players[i]++;
        -:  495:	}
        -:  496:    }
        -:  497:
        -:  498:  //find new highest score
      160:  499:  j = 0;
      800:  500:  for (i = 0; i < MAX_PLAYERS; i++)
        -:  501:    {
      640:  502:      if ( players[i] > players[j] )
        -:  503:	{
       80:  504:	  j = i;
        -:  505:	}
        -:  506:    }
      160:  507:  highScore = players[j];
        -:  508:
        -:  509:  //set winners in array to 1 and rest to 0
      800:  510:  for (i = 0; i < MAX_PLAYERS; i++)
        -:  511:    {
      640:  512:      if ( players[i] == highScore )
        -:  513:	{
      160:  514:	  players[i] = 1;
        -:  515:	}
        -:  516:      else
        -:  517:	{
      480:  518:	  players[i] = 0;
        -:  519:	}
        -:  520:    }
        -:  521:
      160:  522:  return 0;
        -:  523:}
        -:  524:
   128434:  525:int drawCard(int player, struct gameState *state)
        -:  526:{	int count;
        -:  527:  int deckCounter;
   128434:  528:  if (state->deckCount[player] <= 0){//Deck is empty
        -:  529:    
        -:  530:    //Step 1 Shuffle the discard pile back into a deck
        -:  531:    int i;
        -:  532:    //Move discard to deck
   115992:  533:    for (i = 0; i < state->discardCount[player];i++){
   107926:  534:      state->deck[player][i] = state->discard[player][i];
   107926:  535:      state->discard[player][i] = -1;
        -:  536:    }
        -:  537:
     8066:  538:    state->deckCount[player] = state->discardCount[player];
     8066:  539:    state->discardCount[player] = 0;//Reset discard
        -:  540:
        -:  541:    //Shufffle the deck
     8066:  542:    shuffle(player, state);//Shuffle the deck up and make it so that we can draw
        -:  543:   
     8066:  544:    if (DEBUG){//Debug statements
        -:  545:      printf("Deck count now: %d\n", state->deckCount[player]);
        -:  546:    }
        -:  547:    
     8066:  548:    state->discardCount[player] = 0;
        -:  549:
        -:  550:    //Step 2 Draw Card
     8066:  551:    count = state->handCount[player];//Get current player's hand count
        -:  552:    
     8066:  553:    if (DEBUG){//Debug statements
        -:  554:      printf("Current hand count: %d\n", count);
        -:  555:    }
        -:  556:    
     8066:  557:    deckCounter = state->deckCount[player];//Create a holder for the deck count
        -:  558:
     8066:  559:    if (deckCounter == 0)
        4:  560:      return -1;
        -:  561:
     8062:  562:    state->hand[player][count] = state->deck[player][deckCounter - 1];//Add card to hand
     8062:  563:    state->deckCount[player]--;
     8062:  564:    state->handCount[player]++;//Increment hand count
        -:  565:  }
        -:  566:
        -:  567:  else{
   120368:  568:    int count = state->handCount[player];//Get current hand count for player
        -:  569:    int deckCounter;
   120368:  570:    if (DEBUG){//Debug statements
        -:  571:      printf("Current hand count: %d\n", count);
        -:  572:    }
        -:  573:
   120368:  574:    deckCounter = state->deckCount[player];//Create holder for the deck count
   120368:  575:    state->hand[player][count] = state->deck[player][deckCounter - 1];//Add card to the hand
   120368:  576:    state->deckCount[player]--;
   120368:  577:    state->handCount[player]++;//Increment hand count
        -:  578:  }
        -:  579:
   128430:  580:  return 0;
        -:  581:}
        -:  582:
    23788:  583:int getCost(int cardNumber)
        -:  584:{
    23788:  585:  switch( cardNumber ) 
        -:  586:    {
        -:  587:    case curse:
        2:  588:      return 0;
        -:  589:    case estate:
       26:  590:      return 2;
        -:  591:    case duchy:
     3842:  592:      return 5;
        -:  593:    case province:
     4402:  594:      return 8;
        -:  595:    case copper:
      122:  596:      return 0;
        -:  597:    case silver:
     5982:  598:      return 3;
        -:  599:    case gold:
     6582:  600:      return 6;
        -:  601:    case adventurer:
     1024:  602:      return 6;
        -:  603:    case council_room:
       82:  604:      return 5;
        -:  605:    case feast:
      162:  606:      return 4;
        -:  607:    case gardens:
       64:  608:      return 4;
        -:  609:    case mine:
       42:  610:      return 5;
        -:  611:    case remodel:
        2:  612:      return 4;
        -:  613:    case smithy:
        6:  614:      return 4;
        -:  615:    case village:
      202:  616:      return 3;
        -:  617:    case baron:
        2:  618:      return 4;
        -:  619:    case great_hall:
       82:  620:      return 3;
        -:  621:    case minion:
       82:  622:      return 5;
        -:  623:    case steward:
       82:  624:      return 3;
        -:  625:    case tribute:
       42:  626:      return 5;
        -:  627:    case ambassador:
       82:  628:      return 3;
        -:  629:    case cutpurse:
      222:  630:      return 4;
        -:  631:    case embargo: 
       42:  632:      return 2;
        -:  633:    case outpost:
       82:  634:      return 5;
        -:  635:    case salvager:
      122:  636:      return 4;
        -:  637:    case sea_hag:
      282:  638:      return 4;
        -:  639:    case treasure_map:
      122:  640:      return 4;
        -:  641:    }
        -:  642:	
        2:  643:  return -1;
        -:  644:}
        -:  645:
     1186:  646:int adventurer_(int card, int choice1, int choice2, int choice3, struct gameState *state, int handPos, int *bonus){
        -:  647:  int i;
        -:  648:  int j;
        -:  649:  int k;
        -:  650:  int x;
        -:  651:  int index;
     1186:  652:  int currentPlayer = whoseTurn(state);
     1186:  653:  int nextPlayer = currentPlayer + 1;
        -:  654:
     1186:  655:  int tributeRevealedCards[2] = {-1, -1};
        -:  656:  int temphand[MAX_HAND];// moved above the if statement
     1186:  657:  int drawntreasure=0;
        -:  658:  int cardDrawn;
     1186:  659:  int z = 0;// this is the counter for the temp hand
     6770:  660:  while(drawntreasure<2){
     4398:  661:		if (state->deckCount[currentPlayer] <1){//if the deck is empty we need to shuffle discard and add to deck
      186:  662:	  	shuffle(currentPlayer, state);
        -:  663:		}
     4398:  664:		drawCard(currentPlayer, state);
     4398:  665:		cardDrawn = state->hand[currentPlayer][state->handCount[currentPlayer]-1];//top card of hand is most recently drawn card.
     6770:  666:		if (cardDrawn == copper || cardDrawn == silver || cardDrawn == gold)
     2372:  667:	  	drawntreasure++;
        -:  668:		else{
     2026:  669:	  	temphand[z]=cardDrawn;
     2026:  670:	  	state->handCount[currentPlayer]--; //this should just remove the top card (the most recently drawn one).
     2026:  671:	  	z++;
        -:  672:		}
        -:  673:	      }
     4398:  674:     	 while(z-1>=0){
     2026:  675:		state->discard[currentPlayer][state->discardCount[currentPlayer]++]=temphand[z-1]; // discard all cards in play that have been drawn
     2026:  676:		z=z-1;
        -:  677:      	}
     1186:  678:     	return -1;//return 0
        -:  679:
        -:  680:}
        -:  681:
       42:  682:int council_room_(int card, int choice1, int choice2, int choice3, struct gameState *state, int handPos, int *bonus){
        -:  683:  int i;
        -:  684:  int j;
        -:  685:  int k;
        -:  686:  int x;
        -:  687:  int index;
       42:  688:  int currentPlayer = whoseTurn(state);
       42:  689:  int nextPlayer = currentPlayer + 1;
        -:  690:
       42:  691:  int tributeRevealedCards[2] = {-1, -1};
        -:  692:  int temphand[MAX_HAND];// moved above the if statement
       42:  693:  int drawntreasure=0;
        -:  694:  int cardDrawn;
       42:  695:  int z = 0;// this is the counter for the temp hand
        -:  696://+4 Cards
      210:  697:      for (i = 0; i < 4; i++)
        -:  698:	{
      168:  699:	  drawCard(currentPlayer, state);
        -:  700:	}
        -:  701:			
        -:  702:      //+1 Buy
       42:  703:      state->numBuys++;
        -:  704:			
        -:  705:      //Each other player draws a card
      206:  706:      for (i = 0; i < state->numPlayers; i++)
        -:  707:	{
      164:  708:	  if ( i != currentPlayer )
        -:  709:	    {
      122:  710:	      drawCard(i, state);
        -:  711:	    }
        -:  712:	}
        -:  713:			
        -:  714:      //put played card in played card pile
       42:  715:      discardCard(handPos, currentPlayer, state, 0);
        -:  716:			
       42:  717:      return -1;//return 0
        -:  718:
        -:  719:}
        -:  720:
      104:  721:int feast_(int card, int choice1, int choice2, int choice3, struct gameState *state, int handPos, int *bonus){
        -:  722:   int i;
        -:  723:  int j;
        -:  724:  int k;
        -:  725:  int x;
        -:  726:  int index;
      104:  727:  int currentPlayer = whoseTurn(state);
      104:  728:  int nextPlayer = currentPlayer + 1;
        -:  729:
      104:  730:  int tributeRevealedCards[2] = {-1, -1};
        -:  731:  int temphand[MAX_HAND];// moved above the if statement
      104:  732:  int drawntreasure=0;
        -:  733:  int cardDrawn;
      104:  734:  int z = 0;// this is the counter for the temp hand
        -:  735://gain card with cost up to 5
        -:  736:      //Backup hand
      728:  737:      for (i = 0; i <= state->handCount[currentPlayer]; i++){
      624:  738:	temphand[i] = state->hand[currentPlayer][i];//Backup card
      624:  739:	state->hand[currentPlayer][i] = -1;//Set to nothing
        -:  740:      }
        -:  741:      //Backup hand
        -:  742:
        -:  743:      //Update Coins for Buy
      104:  744:      updateCoins(currentPlayer, state, 5);
      104:  745:      x = 1;//Condition to loop on
      312:  746:      while( x == 1) {//Buy one card
      104:  747:	if (supplyCount(choice1, state) <= 0){
    #####:  748:	  if (DEBUG)
        -:  749:	    printf("None of that card left, sorry!\n");
        -:  750:
    #####:  751:	  if (DEBUG){
        -:  752:	    printf("Cards Left: %d\n", supplyCount(choice1, state));
        -:  753:	  }
        -:  754:	}
      104:  755:	else if (state->coins < getCost(choice1)){
    #####:  756:	  printf("That card is too expensive!\n");
        -:  757:
    #####:  758:	  if (DEBUG){
        -:  759:	    printf("Coins: %d < %d\n", state->coins, getCost(choice1));
        -:  760:	  }
        -:  761:	}
        -:  762:	else{
        -:  763:
      104:  764:	  if (DEBUG){
        -:  765:	    printf("Deck Count: %d\n", state->handCount[currentPlayer] + state->deckCount[currentPlayer] + state->discardCount[currentPlayer]);
        -:  766:	  }
        -:  767:
      104:  768:	  gainCard(choice1, state, 0, currentPlayer);//Gain the card
      104:  769:	  x = 0;//No more buying cards
        -:  770:
      104:  771:	  if (DEBUG){
        -:  772:	    printf("Deck Count: %d\n", state->handCount[currentPlayer] + state->deckCount[currentPlayer] + state->discardCount[currentPlayer]);
        -:  773:	  }
        -:  774:
        -:  775:	}
        -:  776:      }     
        -:  777:
        -:  778:      //Reset Hand
      728:  779:      for (i = 0; i <= state->handCount[currentPlayer]; i++){
      624:  780:	state->hand[currentPlayer][i] = temphand[i];
      624:  781:	temphand[i] = -1;
        -:  782:      }
        -:  783:      //Reset Hand
        -:  784:      			
      104:  785:      return 0;
        -:  786:}
        -:  787:
    #####:  788:int gardens_(int card, int choice1, int choice2, int choice3, struct gameState *state, int handPos, int *bonus){
    #####:  789:	return -1;
        -:  790:}
       20:  791:int mine_(int card, int choice1, int choice2, int choice3, struct gameState *state, int handPos, int *bonus){
        -:  792:	 int i;
        -:  793:  int j;
        -:  794:  int k;
        -:  795:  int x;
        -:  796:  int index;
       20:  797:  int currentPlayer = whoseTurn(state);
       20:  798:  int nextPlayer = currentPlayer + 1;
        -:  799:
       20:  800:  int tributeRevealedCards[2] = {-1, -1};
        -:  801:  int temphand[MAX_HAND];// moved above the if statement
       20:  802:  int drawntreasure=0;
        -:  803:  int cardDrawn;
       20:  804:  int z = 0;// this is the counter for the temp hand
        -:  805:
       20:  806:	j = state->hand[currentPlayer][choice1];  //store card we will trash
        -:  807:
       20:  808:      if (state->hand[currentPlayer][choice1] < copper || state->hand[currentPlayer][choice1] > gold)
        -:  809:	{
    #####:  810:	  return -1;
        -:  811:	}
        -:  812:		
       20:  813:      if (choice2 > treasure_map || choice2 < curse)
        -:  814:	{
    #####:  815:	  return -1;
        -:  816:	}
        -:  817:
       20:  818:      if ( (getCost(state->hand[currentPlayer][choice1]) + 3) > getCost(choice2) )
        -:  819:	{
    #####:  820:	  return -1;
        -:  821:	}
        -:  822:
       20:  823:      gainCard(choice2, state, 2, currentPlayer);
        -:  824:
        -:  825:      //discard card from hand
       20:  826:      discardCard(handPos, currentPlayer, state, 0);
        -:  827:
        -:  828:      //discard trashed card
       40:  829:      for (i = 0; i < state->handCount[currentPlayer]; i++)
        -:  830:	{
       40:  831:	  if (state->hand[currentPlayer][i] == j)
        -:  832:	    {
       20:  833:	      discardCard(i, currentPlayer, state, 0);			
       20:  834:	      break;
        -:  835:	    }
        -:  836:	}
        -:  837:			
       20:  838:      return 0;
        -:  839:
        -:  840:}
        -:  841:
    11258:  842:int cardEffect(int card, int choice1, int choice2, int choice3, struct gameState *state, int handPos, int *bonus)
        -:  843:{
        -:  844:  int i;
        -:  845:  int j;
        -:  846:  int k;
        -:  847:  int x;
        -:  848:  int index;
    11258:  849:  int currentPlayer = whoseTurn(state);
    11258:  850:  int nextPlayer = currentPlayer + 1;
        -:  851:
    11258:  852:  int tributeRevealedCards[2] = {-1, -1};
        -:  853:  int temphand[MAX_HAND];// moved above the if statement
    11258:  854:  int drawntreasure=0;
        -:  855:  int cardDrawn;
    11258:  856:  int z = 0;// this is the counter for the temp hand
    11258:  857:  if (nextPlayer > (state->numPlayers - 1)){
      544:  858:    nextPlayer = 0;
        -:  859:  }
        -:  860: 
        -:  861:	
        -:  862:  //uses switch to select card and perform actions
    11258:  863:  switch( card ) 
        -:  864:    {
        -:  865:    case adventurer:
        -:  866:    
     1186:  867:    	return adventurer_(card,choice1,choice2,choice3,state,handPos,bonus);
        -:  868:
        -:  869:    case council_room:
        -:  870:      	
       42:  871:	return council_room_(card,choice1,choice2,choice3,state,handPos,bonus);
        -:  872:	
        -:  873:    case feast:
        -:  874:
      104:  875:    	return feast_(card,choice1,choice2,choice3,state,handPos,bonus);
        -:  876:			
        -:  877:    case gardens:
        -:  878:    	
    #####:  879:	return gardens_(card,choice1,choice2,choice3,state,handPos,bonus);
        -:  880:			
        -:  881:    case mine:
        -:  882:    
       20:  883:    	return mine_(card,choice1,choice2,choice3,state,handPos,bonus);		
        -:  884:    case remodel:
        4:  885:      j = state->hand[currentPlayer][choice1];  //store card we will trash
        -:  886:
        4:  887:      if ( (getCost(state->hand[currentPlayer][choice1]) + 2) > getCost(choice2) )
        -:  888:	{
    #####:  889:	  return -1;
        -:  890:	}
        -:  891:
        4:  892:      gainCard(choice2, state, 0, currentPlayer);
        -:  893:
        -:  894:      //discard card from hand
        4:  895:      discardCard(handPos, currentPlayer, state, 0);
        -:  896:
        -:  897:      //discard trashed card
       14:  898:      for (i = 0; i < state->handCount[currentPlayer]; i++)
        -:  899:	{
       14:  900:	  if (state->hand[currentPlayer][i] == j)
        -:  901:	    {
        4:  902:	      discardCard(i, currentPlayer, state, 0);			
        4:  903:	      break;
        -:  904:	    }
        -:  905:	}
        -:  906:
        -:  907:
        4:  908:      return 0;
        -:  909:		
        -:  910:    case smithy:
        -:  911:      //+3 Cards
        8:  912:      for (i = 0; i < 3; i++)
        -:  913:	{
        6:  914:	  drawCard(currentPlayer, state);
        -:  915:	}
        -:  916:			
        -:  917:      //discard card from hand
        2:  918:      discardCard(handPos, currentPlayer, state, 0);
        2:  919:      return 0;
        -:  920:		
        -:  921:    case village:
        -:  922:      //+1 Card
      100:  923:      drawCard(currentPlayer, state);
        -:  924:			
        -:  925:      //+2 Actions
      100:  926:      state->numActions = state->numActions + 2;
        -:  927:			
        -:  928:      //discard played card from hand
      100:  929:      discardCard(handPos, currentPlayer, state, 0);
      100:  930:      return 0;
        -:  931:		
        -:  932:    case baron:
    #####:  933:      state->numBuys++;//Increase buys by 1!
    #####:  934:      if (choice1 > 0){//Boolean true or going to discard an estate
    #####:  935:	int p = 0;//Iterator for hand!
    #####:  936:	int card_not_discarded = 1;//Flag for discard set!
    #####:  937:	while(card_not_discarded){
    #####:  938:	  if (state->hand[currentPlayer][p] == estate){//Found an estate card!
    #####:  939:	    state->coins += 4;//Add 4 coins to the amount of coins
    #####:  940:	    state->discard[currentPlayer][state->discardCount[currentPlayer]] = state->hand[currentPlayer][p];
    #####:  941:	    state->discardCount[currentPlayer]++;
    #####:  942:	    for (;p < state->handCount[currentPlayer]; p++){
    #####:  943:	      state->hand[currentPlayer][p] = state->hand[currentPlayer][p+1];
        -:  944:	    }
    #####:  945:	    state->hand[currentPlayer][state->handCount[currentPlayer]] = -1;
    #####:  946:	    state->handCount[currentPlayer]--;
    #####:  947:	    card_not_discarded = 0;//Exit the loop
        -:  948:	  }
    #####:  949:	  else if (p > state->handCount[currentPlayer]){
    #####:  950:	    if(DEBUG) {
        -:  951:	      printf("No estate cards in your hand, invalid choice\n");
        -:  952:	      printf("Must gain an estate if there are any\n");
        -:  953:	    }
    #####:  954:	    if (supplyCount(estate, state) > 0){
    #####:  955:	      gainCard(estate, state, 0, currentPlayer);
    #####:  956:	      state->supplyCount[estate]--;//Decrement estates
    #####:  957:	      if (supplyCount(estate, state) == 0){
    #####:  958:		isGameOver(state);
        -:  959:	      }
        -:  960:	    }
    #####:  961:	    card_not_discarded = 0;//Exit the loop
        -:  962:	  }
        -:  963:			    
        -:  964:	  else{
    #####:  965:	    p++;//Next card
        -:  966:	  }
        -:  967:	}
        -:  968:      }
        -:  969:			    
        -:  970:      else{
    #####:  971:	if (supplyCount(estate, state) > 0){
    #####:  972:	  gainCard(estate, state, 0, currentPlayer);//Gain an estate
    #####:  973:	  state->supplyCount[estate]--;//Decrement Estates
    #####:  974:	  if (supplyCount(estate, state) == 0){
    #####:  975:	    isGameOver(state);
        -:  976:	  }
        -:  977:	}
        -:  978:      }
        -:  979:	    
        -:  980:      
    #####:  981:      return 0;
        -:  982:		
        -:  983:    case great_hall:
        -:  984:      //+1 Card
       40:  985:      drawCard(currentPlayer, state);
        -:  986:			
        -:  987:      //+1 Actions
       40:  988:      state->numActions++;
        -:  989:			
        -:  990:      //discard card from hand
       40:  991:      discardCard(handPos, currentPlayer, state, 0);
       40:  992:      return 0;
        -:  993:		
        -:  994:    case minion:
        -:  995:      //+1 action
       20:  996:      state->numActions++;
        -:  997:			
        -:  998:      //discard card from hand
       20:  999:      discardCard(handPos, currentPlayer, state, 0);
        -: 1000:			
       20: 1001:      if (choice1)		//+2 coins
        -: 1002:	{
       20: 1003:	  state->coins = state->coins + 2;
        -: 1004:	}
        -: 1005:			
    #####: 1006:      else if (choice2)		//discard hand, redraw 4, other players with 5+ cards discard hand and draw 4
        -: 1007:	{
        -: 1008:	  //discard hand
    #####: 1009:	  while(numHandCards(state) > 0)
        -: 1010:	    {
    #####: 1011:	      discardCard(handPos, currentPlayer, state, 0);
        -: 1012:	    }
        -: 1013:				
        -: 1014:	  //draw 4
    #####: 1015:	  for (i = 0; i < 4; i++)
        -: 1016:	    {
    #####: 1017:	      drawCard(currentPlayer, state);
        -: 1018:	    }
        -: 1019:				
        -: 1020:	  //other players discard hand and redraw if hand size > 4
    #####: 1021:	  for (i = 0; i < state->numPlayers; i++)
        -: 1022:	    {
    #####: 1023:	      if (i != currentPlayer)
        -: 1024:		{
    #####: 1025:		  if ( state->handCount[i] > 4 )
        -: 1026:		    {
        -: 1027:		      //discard hand
    #####: 1028:		      while( state->handCount[i] > 0 )
        -: 1029:			{
    #####: 1030:			  discardCard(handPos, i, state, 0);
        -: 1031:			}
        -: 1032:							
        -: 1033:		      //draw 4
    #####: 1034:		      for (j = 0; j < 4; j++)
        -: 1035:			{
    #####: 1036:			  drawCard(i, state);
        -: 1037:			}
        -: 1038:		    }
        -: 1039:		}
        -: 1040:	    }
        -: 1041:				
        -: 1042:	}
       20: 1043:      return 0;
        -: 1044:		
        -: 1045:    case steward:
       20: 1046:      if (choice1 == 1)
        -: 1047:	{
        -: 1048:	  //+2 cards
       20: 1049:	  drawCard(currentPlayer, state);
       20: 1050:	  drawCard(currentPlayer, state);
        -: 1051:	}
    #####: 1052:      else if (choice1 == 2)
        -: 1053:	{
        -: 1054:	  //+2 coins
    #####: 1055:	  state->coins = state->coins + 2;
        -: 1056:	}
        -: 1057:      else
        -: 1058:	{
        -: 1059:	  //trash 2 cards in hand
    #####: 1060:	  discardCard(choice2, currentPlayer, state, 1);
    #####: 1061:	  discardCard(choice3, currentPlayer, state, 1);
        -: 1062:	}
        -: 1063:			
        -: 1064:      //discard card from hand
       20: 1065:      discardCard(handPos, currentPlayer, state, 0);
       20: 1066:      return 0;
        -: 1067:		
        -: 1068:    case tribute:
       80: 1069:      if ((state->discardCount[nextPlayer] + state->deckCount[nextPlayer]) <= 1){
    #####: 1070:	if (state->deckCount[nextPlayer] > 0){
    #####: 1071:	  tributeRevealedCards[0] = state->deck[nextPlayer][state->deckCount[nextPlayer]-1];
    #####: 1072:	  state->deckCount[nextPlayer]--;
        -: 1073:	}
    #####: 1074:	else if (state->discardCount[nextPlayer] > 0){
    #####: 1075:	  tributeRevealedCards[0] = state->discard[nextPlayer][state->discardCount[nextPlayer]-1];
    #####: 1076:	  state->discardCount[nextPlayer]--;
        -: 1077:	}
        -: 1078:	else{
        -: 1079:	  //No Card to Reveal
    #####: 1080:	  if (DEBUG){
        -: 1081:	    printf("No cards to reveal\n");
        -: 1082:	  }
        -: 1083:	}
        -: 1084:      }
        -: 1085:	    
        -: 1086:      else{
       80: 1087:	if (state->deckCount[nextPlayer] == 0){
      200: 1088:	  for (i = 0; i < state->discardCount[nextPlayer]; i++){
      180: 1089:	    state->deck[nextPlayer][i] = state->discard[nextPlayer][i];//Move to deck
      180: 1090:	    state->deckCount[nextPlayer]++;
      180: 1091:	    state->discard[nextPlayer][i] = -1;
      180: 1092:	    state->discardCount[nextPlayer]--;
        -: 1093:	  }
        -: 1094:			    
       20: 1095:	  shuffle(nextPlayer,state);//Shuffle the deck
        -: 1096:	} 
       80: 1097:	tributeRevealedCards[0] = state->deck[nextPlayer][state->deckCount[nextPlayer]-1];
       80: 1098:	state->deck[nextPlayer][state->deckCount[nextPlayer]--] = -1;
       80: 1099:	state->deckCount[nextPlayer]--;
       80: 1100:	tributeRevealedCards[1] = state->deck[nextPlayer][state->deckCount[nextPlayer]-1];
       80: 1101:	state->deck[nextPlayer][state->deckCount[nextPlayer]--] = -1;
       80: 1102:	state->deckCount[nextPlayer]--;
        -: 1103:      }    
        -: 1104:		       
       80: 1105:      if (tributeRevealedCards[0] == tributeRevealedCards[1]){//If we have a duplicate card, just drop one 
    #####: 1106:	state->playedCards[state->playedCardCount] = tributeRevealedCards[1];
    #####: 1107:	state->playedCardCount++;
    #####: 1108:	tributeRevealedCards[1] = -1;
        -: 1109:      }
        -: 1110:
      320: 1111:      for (i = 0; i <= 2; i ++){
      300: 1112:	if (tributeRevealedCards[i] == copper || tributeRevealedCards[i] == silver || tributeRevealedCards[i] == gold){//Treasure cards
       60: 1113:	  state->coins += 2;
        -: 1114:	}
        -: 1115:		    
      220: 1116:	else if (tributeRevealedCards[i] == estate || tributeRevealedCards[i] == duchy || tributeRevealedCards[i] == province || tributeRevealedCards[i] == gardens || tributeRevealedCards[i] == great_hall){//Victory Card Found
       40: 1117:	  drawCard(currentPlayer, state);
       40: 1118:	  drawCard(currentPlayer, state);
        -: 1119:	}
        -: 1120:	else{//Action Card
      140: 1121:	  state->numActions = state->numActions + 2;
        -: 1122:	}
        -: 1123:      }
        -: 1124:	    
       80: 1125:      return 0;
        -: 1126:		
        -: 1127:    case ambassador:
       40: 1128:      j = 0;		//used to check if player has enough cards to discard
        -: 1129:
       40: 1130:      if (choice2 > 2 || choice2 < 0)
        -: 1131:	{
    #####: 1132:	  return -1;				
        -: 1133:	}
        -: 1134:
       40: 1135:      if (choice1 == handPos)
        -: 1136:	{
    #####: 1137:	  return -1;
        -: 1138:	}
        -: 1139:
      240: 1140:      for (i = 0; i < state->handCount[currentPlayer]; i++)
        -: 1141:	{
      200: 1142:	  if (i != handPos && i == state->hand[currentPlayer][choice1] && i != choice1)
        -: 1143:	    {
       40: 1144:	      j++;
        -: 1145:	    }
        -: 1146:	}
       40: 1147:      if (j < choice2)
        -: 1148:	{
    #####: 1149:	  return -1;				
        -: 1150:	}
        -: 1151:
       40: 1152:      if (DEBUG) 
        -: 1153:	printf("Player %d reveals card number: %d\n", currentPlayer, state->hand[currentPlayer][choice1]);
        -: 1154:
        -: 1155:      //increase supply count for choosen card by amount being discarded
       40: 1156:      state->supplyCount[state->hand[currentPlayer][choice1]] += choice2;
        -: 1157:			
        -: 1158:      //each other player gains a copy of revealed card
      200: 1159:      for (i = 0; i < state->numPlayers; i++)
        -: 1160:	{
      160: 1161:	  if (i != currentPlayer)
        -: 1162:	    {
      120: 1163:	      gainCard(state->hand[currentPlayer][choice1], state, 0, i);
        -: 1164:	    }
        -: 1165:	}
        -: 1166:
        -: 1167:      //discard played card from hand
       40: 1168:      discardCard(handPos, currentPlayer, state, 0);			
        -: 1169:
        -: 1170:      //trash copies of cards returned to supply
       80: 1171:      for (j = 0; j < choice2; j++)
        -: 1172:	{
       80: 1173:	  for (i = 0; i < state->handCount[currentPlayer]; i++)
        -: 1174:	    {
       80: 1175:	      if (state->hand[currentPlayer][i] == state->hand[currentPlayer][choice1])
        -: 1176:		{
       40: 1177:		  discardCard(i, currentPlayer, state, 1);
       40: 1178:		  break;
        -: 1179:		}
        -: 1180:	    }
        -: 1181:	}			
        -: 1182:
       40: 1183:      return 0;
        -: 1184:		
        -: 1185:    case cutpurse:
        -: 1186:
     9080: 1187:      updateCoins(currentPlayer, state, 2);
    31938: 1188:      for (i = 0; i < state->numPlayers; i++)
        -: 1189:	{
    22858: 1190:	  if (i != currentPlayer)
        -: 1191:	    {
  1326090: 1192:	      for (j = 0; j < state->handCount[i]; j++)
        -: 1193:		{
  1312574: 1194:		  if (state->hand[i][j] == copper)
        -: 1195:		    {
      266: 1196:		      discardCard(j, i, state, 0);
      266: 1197:		      break;
        -: 1198:		    }
  1312308: 1199:		  if (j == state->handCount[i])
        -: 1200:		    {
    #####: 1201:		      for (k = 0; k < state->handCount[i]; k++)
        -: 1202:			{
    #####: 1203:			  if (DEBUG)
        -: 1204:			    printf("Player %d reveals card number %d\n", i, state->hand[i][k]);
        -: 1205:			}	
    #####: 1206:		      break;
        -: 1207:		    }		
        -: 1208:		}
        -: 1209:					
        -: 1210:	    }
        -: 1211:				
        -: 1212:	}				
        -: 1213:
        -: 1214:      //discard played card from hand
     9080: 1215:      discardCard(handPos, currentPlayer, state, 0);			
        -: 1216:
     9080: 1217:      return 0;
        -: 1218:
        -: 1219:		
        -: 1220:    case embargo: 
        -: 1221:      //+2 Coins
       20: 1222:      state->coins = state->coins + 2;
        -: 1223:			
        -: 1224:      //see if selected pile is in play
       20: 1225:      if ( state->supplyCount[choice1] == -1 )
        -: 1226:	{
    #####: 1227:	  return -1;
        -: 1228:	}
        -: 1229:			
        -: 1230:      //add embargo token to selected supply pile
       20: 1231:      state->embargoTokens[choice1]++;
        -: 1232:			
        -: 1233:      //trash card
       20: 1234:      discardCard(handPos, currentPlayer, state, 1);		
       20: 1235:      return 0;
        -: 1236:		
        -: 1237:    case outpost:
        -: 1238:      //set outpost flag
       40: 1239:      state->outpostPlayed++;
        -: 1240:			
        -: 1241:      //discard card
       40: 1242:      discardCard(handPos, currentPlayer, state, 0);
       40: 1243:      return 0;
        -: 1244:		
        -: 1245:    case salvager:
        -: 1246:      //+1 buy
       40: 1247:      state->numBuys++;
        -: 1248:			
       40: 1249:      if (choice1)
        -: 1250:	{
        -: 1251:	  //gain coins equal to trashed card
       40: 1252:	  state->coins = state->coins + getCost( handCard(choice1, state) );
        -: 1253:	  //trash card
       40: 1254:	  discardCard(choice1, currentPlayer, state, 1);	
        -: 1255:	}
        -: 1256:			
        -: 1257:      //discard card
       40: 1258:      discardCard(handPos, currentPlayer, state, 0);
       40: 1259:      return 0;
        -: 1260:		
        -: 1261:    case sea_hag:
     1700: 1262:      for (i = 0; i < state->numPlayers; i++){
     1360: 1263:	if (i != currentPlayer){
     1020: 1264:	  state->discard[i][state->discardCount[i]] = state->deck[i][state->deckCount[i]--];			    state->deckCount[i]--;
     1020: 1265:	  state->discardCount[i]++;
     1020: 1266:	  state->deck[i][state->deckCount[i]--] = curse;//Top card now a curse
        -: 1267:	}
        -: 1268:      }
      340: 1269:      return 0;
        -: 1270:		
        -: 1271:    case treasure_map:
        -: 1272:      //search hand for another treasure_map
       80: 1273:      index = -1;
      480: 1274:      for (i = 0; i < state->handCount[currentPlayer]; i++)
        -: 1275:	{
      400: 1276:	  if (state->hand[currentPlayer][i] == treasure_map && i != handPos)
        -: 1277:	    {
    #####: 1278:	      index = i;
    #####: 1279:	      break;
        -: 1280:	    }
        -: 1281:	}
       80: 1282:      if (index > -1)
        -: 1283:	{
        -: 1284:	  //trash both treasure cards
    #####: 1285:	  discardCard(handPos, currentPlayer, state, 1);
    #####: 1286:	  discardCard(index, currentPlayer, state, 1);
        -: 1287:
        -: 1288:	  //gain 4 Gold cards
    #####: 1289:	  for (i = 0; i < 4; i++)
        -: 1290:	    {
    #####: 1291:	      gainCard(gold, state, 1, currentPlayer);
        -: 1292:	    }
        -: 1293:				
        -: 1294:	  //return success
    #####: 1295:	  return 1;
        -: 1296:	}
        -: 1297:			
        -: 1298:      //no second treasure_map found in hand
       80: 1299:      return -1;
        -: 1300:    }
        -: 1301:	
    #####: 1302:  return -1;
        -: 1303:}
        -: 1304:
        -: 1305:
     9838: 1306:int discardCard(int handPos, int currentPlayer, struct gameState *state, int trashFlag)
        -: 1307:{
        -: 1308:	
        -: 1309:  //if card is not trashed, added to Played pile 
     9838: 1310:  if (trashFlag < 1)
        -: 1311:    {
        -: 1312:      //add card to played pile
     9738: 1313:      state->playedCards[state->playedCardCount] = state->hand[currentPlayer][handPos]; 
     9738: 1314:      state->playedCardCount++;
        -: 1315:    }
        -: 1316:	
        -: 1317:  //set played card to -1
     9838: 1318:  state->hand[currentPlayer][handPos] = -1;
        -: 1319:	
        -: 1320:  //remove card from player's hand
     9838: 1321:  if ( handPos == (state->handCount[currentPlayer] - 1) ) 	//last card in hand array is played
        -: 1322:    {
        -: 1323:      //reduce number of cards in hand
      406: 1324:      state->handCount[currentPlayer]--;
        -: 1325:    }
     9432: 1326:  else if ( state->handCount[currentPlayer] == 1 ) //only one card in hand
        -: 1327:    {
        -: 1328:      //reduce number of cards in hand
    #####: 1329:      state->handCount[currentPlayer]--;
        -: 1330:    }
        -: 1331:  else 	
        -: 1332:    {
        -: 1333:      //replace discarded card with last card in hand
     9432: 1334:      state->hand[currentPlayer][handPos] = state->hand[currentPlayer][ (state->handCount[currentPlayer] - 1)];
        -: 1335:      //set last card to -1
     9432: 1336:      state->hand[currentPlayer][state->handCount[currentPlayer] - 1] = -1;
        -: 1337:      //reduce number of cards in hand
     9432: 1338:      state->handCount[currentPlayer]--;
        -: 1339:    }
        -: 1340:	
     9838: 1341:  return 0;
        -: 1342:}
        -: 1343:
    12596: 1344:int gainCard(int supplyPos, struct gameState *state, int toFlag, int player)
        -: 1345:{
        -: 1346:  //Note: supplyPos is enum of choosen card
        -: 1347:	
        -: 1348:  //check if supply pile is empty (0) or card is not used in game (-1)
    12596: 1349:  if ( supplyCount(supplyPos, state) < 1 )
        -: 1350:    {
       60: 1351:      return -1;
        -: 1352:    }
        -: 1353:	
        -: 1354:  //added card for [whoseTurn] current player:
        -: 1355:  // toFlag = 0 : add to discard
        -: 1356:  // toFlag = 1 : add to deck
        -: 1357:  // toFlag = 2 : add to hand
        -: 1358:
    12536: 1359:  if (toFlag == 1)
        -: 1360:    {
    #####: 1361:      state->deck[ player ][ state->deckCount[player] ] = supplyPos;
    #####: 1362:      state->deckCount[player]++;
        -: 1363:    }
    12536: 1364:  else if (toFlag == 2)
        -: 1365:    {
     1068: 1366:      state->hand[ player ][ state->handCount[player] ] = supplyPos;
     1068: 1367:      state->handCount[player]++;
        -: 1368:    }
        -: 1369:  else
        -: 1370:    {
    11468: 1371:      state->discard[player][ state->discardCount[player] ] = supplyPos;
    11468: 1372:      state->discardCount[player]++;
        -: 1373:    }
        -: 1374:	
        -: 1375:  //decrease number in supply pile
    12536: 1376:  state->supplyCount[supplyPos]--;
        -: 1377:	 
    12536: 1378:  return 0;
        -: 1379:}
        -: 1380:
    34820: 1381:int updateCoins(int player, struct gameState *state, int bonus)
        -: 1382:{
        -: 1383:  int i;
        -: 1384:	
        -: 1385:  //reset coin count
    34820: 1386:  state->coins = 0;
        -: 1387:
        -: 1388:  //add coins for each Treasure card in player's hand
  1756578: 1389:  for (i = 0; i < state->handCount[player]; i++)
        -: 1390:    {
  1721758: 1391:      if (state->hand[player][i] == copper)
        -: 1392:	{
    88072: 1393:	  state->coins += 1;
        -: 1394:	}
  1633686: 1395:      else if (state->hand[player][i] == silver)
        -: 1396:	{
    15520: 1397:	  state->coins += 2;
        -: 1398:	}
  1618166: 1399:      else if (state->hand[player][i] == gold)
        -: 1400:	{
     7700: 1401:	  state->coins += 3;
        -: 1402:	}	
        -: 1403:    }	
        -: 1404:
        -: 1405:  //add bonus
    34820: 1406:  state->coins += bonus;
        -: 1407:
    34820: 1408:  return 0;
        -: 1409:}
        -: 1410:
        -: 1411:
        -: 1412://end of dominion.c
        -: 1413:
